{"C:\\Users\\takuy\\Desktop\\blackjack\\src\\classes\\Card.ts":{"path":"C:\\Users\\takuy\\Desktop\\blackjack\\src\\classes\\Card.ts","statementMap":{"0":{"start":{"line":2,"column":0},"end":{"line":2,"column":62}},"1":{"start":{"line":3,"column":0},"end":{"line":3,"column":22}},"2":{"start":{"line":4,"column":26},"end":{"line":32,"column":3}},"3":{"start":{"line":6,"column":8},"end":{"line":6,"column":30}},"4":{"start":{"line":7,"column":8},"end":{"line":7,"column":30}},"5":{"start":{"line":8,"column":8},"end":{"line":8,"column":26}},"6":{"start":{"line":10,"column":4},"end":{"line":16,"column":7}},"7":{"start":{"line":12,"column":12},"end":{"line":12,"column":32}},"8":{"start":{"line":17,"column":4},"end":{"line":23,"column":7}},"9":{"start":{"line":19,"column":12},"end":{"line":19,"column":58}},"10":{"start":{"line":24,"column":4},"end":{"line":30,"column":7}},"11":{"start":{"line":26,"column":12},"end":{"line":26,"column":30}},"12":{"start":{"line":31,"column":4},"end":{"line":31,"column":16}},"13":{"start":{"line":33,"column":0},"end":{"line":33,"column":20}}},"fnMap":{"0":{"name":"(anonymous_0)","decl":{"start":{"line":4,"column":26},"end":{"line":4,"column":27}},"loc":{"start":{"line":4,"column":38},"end":{"line":32,"column":1}},"line":4},"1":{"name":"Card","decl":{"start":{"line":5,"column":13},"end":{"line":5,"column":17}},"loc":{"start":{"line":5,"column":40},"end":{"line":9,"column":5}},"line":5},"2":{"name":"(anonymous_2)","decl":{"start":{"line":11,"column":13},"end":{"line":11,"column":14}},"loc":{"start":{"line":11,"column":25},"end":{"line":13,"column":9}},"line":11},"3":{"name":"(anonymous_3)","decl":{"start":{"line":18,"column":13},"end":{"line":18,"column":14}},"loc":{"start":{"line":18,"column":25},"end":{"line":20,"column":9}},"line":18},"4":{"name":"(anonymous_4)","decl":{"start":{"line":25,"column":13},"end":{"line":25,"column":14}},"loc":{"start":{"line":25,"column":25},"end":{"line":27,"column":9}},"line":25}},"branchMap":{"0":{"loc":{"start":{"line":19,"column":19},"end":{"line":19,"column":57}},"type":"cond-expr","locations":[{"start":{"line":19,"column":40},"end":{"line":19,"column":42}},{"start":{"line":19,"column":45},"end":{"line":19,"column":57}}],"line":19}},"s":{"0":1,"1":1,"2":1,"3":4335,"4":4335,"5":4335,"6":1,"7":53,"8":1,"9":349,"10":1,"11":23,"12":1,"13":1},"f":{"0":1,"1":4335,"2":53,"3":349,"4":23},"b":{"0":[3,346]},"inputSourceMap":{"version":3,"file":"C:/Users/takuy/Desktop/blackjack/src/classes/Card.ts","sources":["C:/Users/takuy/Desktop/blackjack/src/classes/Card.ts"],"names":[],"mappings":";;;AAAA;IAKE,cAAY,MAAc,EAAE,MAAc,EAAE,IAAY;QACtD,IAAI,CAAC,OAAO,GAAG,MAAM,CAAC;QACtB,IAAI,CAAC,OAAO,GAAG,MAAM,CAAC;QACtB,IAAI,CAAC,KAAK,GAAG,IAAI,CAAC;IACpB,CAAC;IAED,sBAAI,wBAAM;aAAV;YACE,OAAO,IAAI,CAAC,OAAO,CAAC;QACtB,CAAC;;;OAAA;IAED,sBAAI,wBAAM;aAAV;YACE,OAAO,IAAI,CAAC,OAAO,IAAI,EAAE,CAAC,CAAC,CAAC,EAAE,CAAC,CAAC,CAAC,IAAI,CAAC,OAAO,CAAC;QAChD,CAAC;;;OAAA;IAED,sBAAI,sBAAI;aAAR;YACE,OAAO,IAAI,CAAC,KAAK,CAAC;QACpB,CAAC;;;OAAA;IACH,WAAC;AAAD,CAAC,AAtBD,IAsBC;AAtBY,oBAAI","sourcesContent":["export class Card {\n  private _symbol: string;\n  private _number: number;\n  private _rank: string;\n\n  constructor(symbol: string, number: number, rank: string) {\n    this._symbol = symbol;\n    this._number = number;\n    this._rank = rank;\n  }\n\n  get symbol(): string {\n    return this._symbol;\n  }\n\n  get number(): number {\n    return this._number >= 11 ? 10 : this._number;\n  }\n\n  get rank(): string {\n    return this._rank;\n  }\n}\n"]},"_coverageSchema":"1a1c01bbd47fc00a2c39e90264f33305004495a9","hash":"57d910c58a81456bd41298a0a861b72e319aea8a","contentHash":"646959694423c97c8be3c676b8e6438287edd3c037232ae8a4e3330a86b102e7"},"C:\\Users\\takuy\\Desktop\\blackjack\\src\\classes\\Deck.ts":{"path":"C:\\Users\\takuy\\Desktop\\blackjack\\src\\classes\\Deck.ts","statementMap":{"0":{"start":{"line":2,"column":0},"end":{"line":2,"column":62}},"1":{"start":{"line":3,"column":0},"end":{"line":3,"column":22}},"2":{"start":{"line":4,"column":13},"end":{"line":4,"column":30}},"3":{"start":{"line":5,"column":26},"end":{"line":65,"column":3}},"4":{"start":{"line":7,"column":8},"end":{"line":7,"column":25}},"5":{"start":{"line":8,"column":22},"end":{"line":13,"column":9}},"6":{"start":{"line":14,"column":8},"end":{"line":38,"column":9}},"7":{"start":{"line":14,"column":21},"end":{"line":14,"column":22}},"8":{"start":{"line":15,"column":12},"end":{"line":37,"column":13}},"9":{"start":{"line":15,"column":25},"end":{"line":15,"column":26}},"10":{"start":{"line":16,"column":29},"end":{"line":16,"column":30}},"11":{"start":{"line":17,"column":16},"end":{"line":19,"column":17}},"12":{"start":{"line":18,"column":20},"end":{"line":18,"column":32}},"13":{"start":{"line":20,"column":27},"end":{"line":20,"column":33}},"14":{"start":{"line":21,"column":16},"end":{"line":35,"column":17}},"15":{"start":{"line":22,"column":20},"end":{"line":22,"column":31}},"16":{"start":{"line":24,"column":21},"end":{"line":35,"column":17}},"17":{"start":{"line":25,"column":20},"end":{"line":25,"column":31}},"18":{"start":{"line":27,"column":21},"end":{"line":35,"column":17}},"19":{"start":{"line":28,"column":20},"end":{"line":28,"column":31}},"20":{"start":{"line":30,"column":21},"end":{"line":35,"column":17}},"21":{"start":{"line":31,"column":20},"end":{"line":31,"column":31}},"22":{"start":{"line":34,"column":20},"end":{"line":34,"column":34}},"23":{"start":{"line":36,"column":16},"end":{"line":36,"column":76}},"24":{"start":{"line":40,"column":4},"end":{"line":49,"column":7}},"25":{"start":{"line":42,"column":12},"end":{"line":42,"column":31}},"26":{"start":{"line":45,"column":12},"end":{"line":45,"column":32}},"27":{"start":{"line":50,"column":4},"end":{"line":60,"column":6}},"28":{"start":{"line":52,"column":22},"end":{"line":52,"column":39}},"29":{"start":{"line":53,"column":8},"end":{"line":59,"column":9}},"30":{"start":{"line":53,"column":21},"end":{"line":53,"column":32}},"31":{"start":{"line":54,"column":30},"end":{"line":54,"column":65}},"32":{"start":{"line":55,"column":12},"end":{"line":58,"column":70}},"33":{"start":{"line":61,"column":4},"end":{"line":63,"column":6}},"34":{"start":{"line":62,"column":8},"end":{"line":62,"column":32}},"35":{"start":{"line":64,"column":4},"end":{"line":64,"column":16}},"36":{"start":{"line":66,"column":0},"end":{"line":66,"column":20}}},"fnMap":{"0":{"name":"(anonymous_0)","decl":{"start":{"line":5,"column":26},"end":{"line":5,"column":27}},"loc":{"start":{"line":5,"column":38},"end":{"line":65,"column":1}},"line":5},"1":{"name":"Deck","decl":{"start":{"line":6,"column":13},"end":{"line":6,"column":17}},"loc":{"start":{"line":6,"column":20},"end":{"line":39,"column":5}},"line":6},"2":{"name":"(anonymous_2)","decl":{"start":{"line":41,"column":13},"end":{"line":41,"column":14}},"loc":{"start":{"line":41,"column":25},"end":{"line":43,"column":9}},"line":41},"3":{"name":"(anonymous_3)","decl":{"start":{"line":44,"column":13},"end":{"line":44,"column":14}},"loc":{"start":{"line":44,"column":30},"end":{"line":46,"column":9}},"line":44},"4":{"name":"(anonymous_4)","decl":{"start":{"line":50,"column":29},"end":{"line":50,"column":30}},"loc":{"start":{"line":50,"column":41},"end":{"line":60,"column":5}},"line":50},"5":{"name":"(anonymous_5)","decl":{"start":{"line":61,"column":26},"end":{"line":61,"column":27}},"loc":{"start":{"line":61,"column":38},"end":{"line":63,"column":5}},"line":61}},"branchMap":{"0":{"loc":{"start":{"line":17,"column":16},"end":{"line":19,"column":17}},"type":"if","locations":[{"start":{"line":17,"column":16},"end":{"line":19,"column":17}},{"start":{"line":17,"column":16},"end":{"line":19,"column":17}}],"line":17},"1":{"loc":{"start":{"line":21,"column":16},"end":{"line":35,"column":17}},"type":"if","locations":[{"start":{"line":21,"column":16},"end":{"line":35,"column":17}},{"start":{"line":21,"column":16},"end":{"line":35,"column":17}}],"line":21},"2":{"loc":{"start":{"line":24,"column":21},"end":{"line":35,"column":17}},"type":"if","locations":[{"start":{"line":24,"column":21},"end":{"line":35,"column":17}},{"start":{"line":24,"column":21},"end":{"line":35,"column":17}}],"line":24},"3":{"loc":{"start":{"line":27,"column":21},"end":{"line":35,"column":17}},"type":"if","locations":[{"start":{"line":27,"column":21},"end":{"line":35,"column":17}},{"start":{"line":27,"column":21},"end":{"line":35,"column":17}}],"line":27},"4":{"loc":{"start":{"line":30,"column":21},"end":{"line":35,"column":17}},"type":"if","locations":[{"start":{"line":30,"column":21},"end":{"line":35,"column":17}},{"start":{"line":30,"column":21},"end":{"line":35,"column":17}}],"line":30}},"s":{"0":1,"1":1,"2":1,"3":1,"4":80,"5":80,"6":80,"7":80,"8":320,"9":320,"10":4160,"11":4160,"12":960,"13":4160,"14":4160,"15":320,"16":3840,"17":320,"18":3520,"19":320,"20":3200,"21":320,"22":2880,"23":4160,"24":1,"25":221,"26":2,"27":1,"28":1,"29":1,"30":1,"31":52,"32":52,"33":1,"34":5,"35":1,"36":1},"f":{"0":1,"1":80,"2":221,"3":2,"4":1,"5":5},"b":{"0":[960,3200],"1":[320,3840],"2":[320,3520],"3":[320,3200],"4":[320,2880]},"inputSourceMap":{"version":3,"file":"C:/Users/takuy/Desktop/blackjack/src/classes/Deck.ts","sources":["C:/Users/takuy/Desktop/blackjack/src/classes/Deck.ts"],"names":[],"mappings":";;;AAAA,+BAA8B;AAE9B;IAGE;QACE,IAAI,CAAC,MAAM,GAAG,EAAE,CAAC;QACjB,IAAM,OAAO,GAAG;YACd,MAAM,CAAC,aAAa,CAAC,MAAM,CAAC;YAC5B,MAAM,CAAC,aAAa,CAAC,MAAM,CAAC;YAC5B,MAAM,CAAC,aAAa,CAAC,MAAM,CAAC;YAC5B,MAAM,CAAC,aAAa,CAAC,MAAM,CAAC;SAC7B,CAAC;QACF,KAAK,IAAI,CAAC,GAAG,CAAC,EAAE,CAAC,GAAG,OAAO,CAAC,MAAM,EAAE,CAAC,EAAE,EAAE;YACvC,KAAK,IAAI,CAAC,GAAG,CAAC,EAAE,CAAC,IAAI,EAAE,EAAE,CAAC,EAAE,EAAE;gBAC5B,IAAI,MAAM,GAAG,CAAC,CAAC;gBACf,IAAI,CAAC,GAAG,EAAE,EAAE;oBACV,MAAM,GAAG,EAAE,CAAC;iBACb;gBACD,IAAI,IAAI,SAAQ,CAAC;gBACjB,IAAI,CAAC,KAAK,CAAC,EAAE;oBACX,IAAI,GAAG,GAAG,CAAC;iBACZ;qBAAM,IAAI,CAAC,KAAK,EAAE,EAAE;oBACnB,IAAI,GAAG,GAAG,CAAC;iBACZ;qBAAM,IAAI,CAAC,KAAK,EAAE,EAAE;oBACnB,IAAI,GAAG,GAAG,CAAC;iBACZ;qBAAM,IAAI,CAAC,KAAK,EAAE,EAAE;oBACnB,IAAI,GAAG,GAAG,CAAC;iBACZ;qBAAM;oBACL,IAAI,GAAG,KAAG,CAAG,CAAC;iBACf;gBACD,IAAI,CAAC,MAAM,CAAC,IAAI,CAAC,IAAI,WAAI,CAAC,OAAO,CAAC,CAAC,CAAC,EAAE,MAAM,EAAE,IAAI,CAAC,CAAC,CAAC;aACtD;SACF;IACH,CAAC;IAED,sBAAI,uBAAK;aAAT;YACE,OAAO,IAAI,CAAC,MAAM,CAAC;QACrB,CAAC;aAED,UAAU,KAAa;YACrB,IAAI,CAAC,MAAM,GAAG,KAAK,CAAC;QACtB,CAAC;;;OAJA;IAMD,sBAAO,GAAP;;QACE,IAAM,OAAO,GAAG,IAAI,CAAC,KAAK,CAAC,MAAM,CAAC;QAClC,KAAK,IAAI,CAAC,GAAG,OAAO,GAAG,CAAC,EAAE,CAAC,IAAI,CAAC,EAAE,CAAC,EAAE,EAAE;YACrC,IAAM,WAAW,GAAG,IAAI,CAAC,KAAK,CAAC,IAAI,CAAC,MAAM,EAAE,GAAG,CAAC,CAAC,GAAG,CAAC,CAAC,CAAC,CAAC;YACxD,KAA2C;gBACzC,IAAI,CAAC,KAAK,CAAC,WAAW,CAAC;gBACvB,IAAI,CAAC,KAAK,CAAC,CAAC,CAAC;aACd,EAHA,IAAI,CAAC,KAAK,CAAC,CAAC,CAAC,QAAA,EAAE,IAAI,CAAC,KAAK,CAAC,WAAW,CAAC,QAAA,CAGrC;SACH;IACH,CAAC;IAED,mBAAI,GAAJ;QACE,OAAO,IAAI,CAAC,KAAK,CAAC,GAAG,EAAE,CAAC;IAC1B,CAAC;IACH,WAAC;AAAD,CAAC,AAxDD,IAwDC;AAxDY,oBAAI","sourcesContent":["import { Card } from \"./Card\";\n\nexport class Deck {\n  private _cards: Card[];\n\n  constructor() {\n    this._cards = [];\n    const symbols = [\n      String.fromCodePoint(0x2660),\n      String.fromCodePoint(0x2665),\n      String.fromCodePoint(0x2666),\n      String.fromCodePoint(0x2663),\n    ];\n    for (let i = 0; i < symbols.length; i++) {\n      for (let j = 1; j <= 13; j++) {\n        let number = j;\n        if (j > 10) {\n          number = 10;\n        }\n        let rank: string;\n        if (j === 1) {\n          rank = \"A\";\n        } else if (j === 11) {\n          rank = \"J\";\n        } else if (j === 12) {\n          rank = \"Q\";\n        } else if (j === 13) {\n          rank = \"K\";\n        } else {\n          rank = `${j}`;\n        }\n        this._cards.push(new Card(symbols[i], number, rank));\n      }\n    }\n  }\n\n  get cards(): Card[] {\n    return this._cards;\n  }\n\n  set cards(cards: Card[]) {\n    this._cards = cards;\n  }\n\n  shuffle(): void {\n    const cardNum = this.cards.length;\n    for (let i = cardNum - 1; i >= 0; i--) {\n      const randomIndex = Math.floor(Math.random() * (i + 1));\n      [this.cards[i], this.cards[randomIndex]] = [\n        this.cards[randomIndex],\n        this.cards[i],\n      ];\n    }\n  }\n\n  draw(): Card {\n    return this.cards.pop();\n  }\n}\n"]},"_coverageSchema":"1a1c01bbd47fc00a2c39e90264f33305004495a9","hash":"0cc4d42c19a96f2f7d43781852a0e1d60f96fe12","contentHash":"7211a8f95c17d154ed7afe376ce0445c42d9949146007f81b351a8eb481dab10"},"C:\\Users\\takuy\\Desktop\\blackjack\\src\\classes\\Dealer.ts":{"path":"C:\\Users\\takuy\\Desktop\\blackjack\\src\\classes\\Dealer.ts","statementMap":{"0":{"start":{"line":2,"column":16},"end":{"line":14,"column":4}},"1":{"start":{"line":3,"column":24},"end":{"line":8,"column":5}},"2":{"start":{"line":4,"column":8},"end":{"line":6,"column":110}},"3":{"start":{"line":5,"column":69},"end":{"line":5,"column":85}},"4":{"start":{"line":6,"column":30},"end":{"line":6,"column":107}},"5":{"start":{"line":6,"column":47},"end":{"line":6,"column":107}},"6":{"start":{"line":6,"column":95},"end":{"line":6,"column":107}},"7":{"start":{"line":7,"column":8},"end":{"line":7,"column":35}},"8":{"start":{"line":9,"column":4},"end":{"line":13,"column":6}},"9":{"start":{"line":10,"column":8},"end":{"line":10,"column":28}},"10":{"start":{"line":11,"column":24},"end":{"line":11,"column":45}},"11":{"start":{"line":12,"column":8},"end":{"line":12,"column":93}},"12":{"start":{"line":15,"column":0},"end":{"line":15,"column":62}},"13":{"start":{"line":16,"column":0},"end":{"line":16,"column":24}},"14":{"start":{"line":17,"column":13},"end":{"line":17,"column":30}},"15":{"start":{"line":18,"column":20},"end":{"line":18,"column":44}},"16":{"start":{"line":19,"column":28},"end":{"line":94,"column":28}},"17":{"start":{"line":20,"column":4},"end":{"line":20,"column":30}},"18":{"start":{"line":22,"column":20},"end":{"line":22,"column":51}},"19":{"start":{"line":23,"column":8},"end":{"line":23,"column":40}},"20":{"start":{"line":24,"column":8},"end":{"line":24,"column":21}},"21":{"start":{"line":26,"column":4},"end":{"line":35,"column":7}},"22":{"start":{"line":28,"column":12},"end":{"line":28,"column":42}},"23":{"start":{"line":31,"column":12},"end":{"line":31,"column":54}},"24":{"start":{"line":36,"column":4},"end":{"line":39,"column":6}},"25":{"start":{"line":37,"column":8},"end":{"line":37,"column":23}},"26":{"start":{"line":38,"column":8},"end":{"line":38,"column":38}},"27":{"start":{"line":40,"column":4},"end":{"line":52,"column":6}},"28":{"start":{"line":41,"column":8},"end":{"line":41,"column":37}},"29":{"start":{"line":42,"column":27},"end":{"line":42,"column":64}},"30":{"start":{"line":43,"column":8},"end":{"line":49,"column":9}},"31":{"start":{"line":45,"column":12},"end":{"line":45,"column":106}},"32":{"start":{"line":48,"column":12},"end":{"line":48,"column":108}},"33":{"start":{"line":50,"column":8},"end":{"line":50,"column":29}},"34":{"start":{"line":51,"column":8},"end":{"line":51,"column":34}},"35":{"start":{"line":53,"column":4},"end":{"line":80,"column":6}},"36":{"start":{"line":54,"column":27},"end":{"line":54,"column":50}},"37":{"start":{"line":55,"column":8},"end":{"line":77,"column":9}},"38":{"start":{"line":56,"column":12},"end":{"line":65,"column":13}},"39":{"start":{"line":56,"column":25},"end":{"line":56,"column":26}},"40":{"start":{"line":57,"column":16},"end":{"line":63,"column":17}},"41":{"start":{"line":59,"column":20},"end":{"line":59,"column":114}},"42":{"start":{"line":62,"column":20},"end":{"line":62,"column":116}},"43":{"start":{"line":64,"column":16},"end":{"line":64,"column":37}},"44":{"start":{"line":68,"column":12},"end":{"line":74,"column":13}},"45":{"start":{"line":70,"column":16},"end":{"line":70,"column":110}},"46":{"start":{"line":73,"column":16},"end":{"line":73,"column":112}},"47":{"start":{"line":75,"column":12},"end":{"line":75,"column":33}},"48":{"start":{"line":76,"column":12},"end":{"line":76,"column":58}},"49":{"start":{"line":78,"column":8},"end":{"line":78,"column":29}},"50":{"start":{"line":79,"column":8},"end":{"line":79,"column":34}},"51":{"start":{"line":81,"column":4},"end":{"line":92,"column":6}},"52":{"start":{"line":82,"column":27},"end":{"line":82,"column":61}},"53":{"start":{"line":83,"column":8},"end":{"line":89,"column":9}},"54":{"start":{"line":85,"column":12},"end":{"line":85,"column":144}},"55":{"start":{"line":88,"column":12},"end":{"line":88,"column":146}},"56":{"start":{"line":90,"column":8},"end":{"line":90,"column":29}},"57":{"start":{"line":91,"column":8},"end":{"line":91,"column":34}},"58":{"start":{"line":93,"column":4},"end":{"line":93,"column":18}},"59":{"start":{"line":95,"column":0},"end":{"line":95,"column":24}}},"fnMap":{"0":{"name":"(anonymous_0)","decl":{"start":{"line":2,"column":45},"end":{"line":2,"column":46}},"loc":{"start":{"line":2,"column":57},"end":{"line":14,"column":1}},"line":2},"1":{"name":"(anonymous_1)","decl":{"start":{"line":3,"column":24},"end":{"line":3,"column":25}},"loc":{"start":{"line":3,"column":40},"end":{"line":8,"column":5}},"line":3},"2":{"name":"(anonymous_2)","decl":{"start":{"line":5,"column":51},"end":{"line":5,"column":52}},"loc":{"start":{"line":5,"column":67},"end":{"line":5,"column":87}},"line":5},"3":{"name":"(anonymous_3)","decl":{"start":{"line":6,"column":12},"end":{"line":6,"column":13}},"loc":{"start":{"line":6,"column":28},"end":{"line":6,"column":109}},"line":6},"4":{"name":"(anonymous_4)","decl":{"start":{"line":9,"column":11},"end":{"line":9,"column":12}},"loc":{"start":{"line":9,"column":27},"end":{"line":13,"column":5}},"line":9},"5":{"name":"__","decl":{"start":{"line":11,"column":17},"end":{"line":11,"column":19}},"loc":{"start":{"line":11,"column":22},"end":{"line":11,"column":47}},"line":11},"6":{"name":"(anonymous_6)","decl":{"start":{"line":19,"column":28},"end":{"line":19,"column":29}},"loc":{"start":{"line":19,"column":46},"end":{"line":94,"column":1}},"line":19},"7":{"name":"Dealer","decl":{"start":{"line":21,"column":13},"end":{"line":21,"column":19}},"loc":{"start":{"line":21,"column":26},"end":{"line":25,"column":5}},"line":21},"8":{"name":"(anonymous_8)","decl":{"start":{"line":27,"column":13},"end":{"line":27,"column":14}},"loc":{"start":{"line":27,"column":25},"end":{"line":29,"column":9}},"line":27},"9":{"name":"(anonymous_9)","decl":{"start":{"line":30,"column":13},"end":{"line":30,"column":14}},"loc":{"start":{"line":30,"column":41},"end":{"line":32,"column":9}},"line":30},"10":{"name":"(anonymous_10)","decl":{"start":{"line":36,"column":29},"end":{"line":36,"column":30}},"loc":{"start":{"line":36,"column":41},"end":{"line":39,"column":5}},"line":36},"11":{"name":"(anonymous_11)","decl":{"start":{"line":40,"column":40},"end":{"line":40,"column":41}},"loc":{"start":{"line":40,"column":52},"end":{"line":52,"column":5}},"line":40},"12":{"name":"(anonymous_12)","decl":{"start":{"line":53,"column":34},"end":{"line":53,"column":35}},"loc":{"start":{"line":53,"column":46},"end":{"line":80,"column":5}},"line":53},"13":{"name":"(anonymous_13)","decl":{"start":{"line":81,"column":37},"end":{"line":81,"column":38}},"loc":{"start":{"line":81,"column":49},"end":{"line":92,"column":5}},"line":81}},"branchMap":{"0":{"loc":{"start":{"line":2,"column":16},"end":{"line":14,"column":4}},"type":"binary-expr","locations":[{"start":{"line":2,"column":17},"end":{"line":2,"column":21}},{"start":{"line":2,"column":25},"end":{"line":2,"column":39}},{"start":{"line":2,"column":44},"end":{"line":14,"column":4}}],"line":2},"1":{"loc":{"start":{"line":4,"column":24},"end":{"line":6,"column":109}},"type":"binary-expr","locations":[{"start":{"line":4,"column":24},"end":{"line":4,"column":45}},{"start":{"line":5,"column":13},"end":{"line":5,"column":47}},{"start":{"line":5,"column":51},"end":{"line":5,"column":87}},{"start":{"line":6,"column":12},"end":{"line":6,"column":109}}],"line":4},"2":{"loc":{"start":{"line":6,"column":47},"end":{"line":6,"column":107}},"type":"if","locations":[{"start":{"line":6,"column":47},"end":{"line":6,"column":107}},{"start":{"line":6,"column":47},"end":{"line":6,"column":107}}],"line":6},"3":{"loc":{"start":{"line":12,"column":22},"end":{"line":12,"column":92}},"type":"cond-expr","locations":[{"start":{"line":12,"column":35},"end":{"line":12,"column":51}},{"start":{"line":12,"column":55},"end":{"line":12,"column":91}}],"line":12},"4":{"loc":{"start":{"line":22,"column":20},"end":{"line":22,"column":51}},"type":"binary-expr","locations":[{"start":{"line":22,"column":20},"end":{"line":22,"column":43}},{"start":{"line":22,"column":47},"end":{"line":22,"column":51}}],"line":22},"5":{"loc":{"start":{"line":43,"column":8},"end":{"line":49,"column":9}},"type":"if","locations":[{"start":{"line":43,"column":8},"end":{"line":49,"column":9}},{"start":{"line":43,"column":8},"end":{"line":49,"column":9}}],"line":43},"6":{"loc":{"start":{"line":43,"column":12},"end":{"line":44,"column":64}},"type":"binary-expr","locations":[{"start":{"line":43,"column":12},"end":{"line":43,"column":64}},{"start":{"line":44,"column":12},"end":{"line":44,"column":64}}],"line":43},"7":{"loc":{"start":{"line":55,"column":8},"end":{"line":77,"column":9}},"type":"if","locations":[{"start":{"line":55,"column":8},"end":{"line":77,"column":9}},{"start":{"line":55,"column":8},"end":{"line":77,"column":9}}],"line":55},"8":{"loc":{"start":{"line":57,"column":16},"end":{"line":63,"column":17}},"type":"if","locations":[{"start":{"line":57,"column":16},"end":{"line":63,"column":17}},{"start":{"line":57,"column":16},"end":{"line":63,"column":17}}],"line":57},"9":{"loc":{"start":{"line":57,"column":20},"end":{"line":58,"column":72}},"type":"binary-expr","locations":[{"start":{"line":57,"column":20},"end":{"line":57,"column":72}},{"start":{"line":58,"column":20},"end":{"line":58,"column":72}}],"line":57},"10":{"loc":{"start":{"line":68,"column":12},"end":{"line":74,"column":13}},"type":"if","locations":[{"start":{"line":68,"column":12},"end":{"line":74,"column":13}},{"start":{"line":68,"column":12},"end":{"line":74,"column":13}}],"line":68},"11":{"loc":{"start":{"line":68,"column":16},"end":{"line":69,"column":68}},"type":"binary-expr","locations":[{"start":{"line":68,"column":16},"end":{"line":68,"column":68}},{"start":{"line":69,"column":16},"end":{"line":69,"column":68}}],"line":68},"12":{"loc":{"start":{"line":83,"column":8},"end":{"line":89,"column":9}},"type":"if","locations":[{"start":{"line":83,"column":8},"end":{"line":89,"column":9}},{"start":{"line":83,"column":8},"end":{"line":89,"column":9}}],"line":83},"13":{"loc":{"start":{"line":83,"column":12},"end":{"line":84,"column":83}},"type":"binary-expr","locations":[{"start":{"line":83,"column":12},"end":{"line":83,"column":83}},{"start":{"line":84,"column":12},"end":{"line":84,"column":83}}],"line":83}},"s":{"0":1,"1":1,"2":1,"3":0,"4":0,"5":0,"6":0,"7":1,"8":1,"9":1,"10":1,"11":1,"12":1,"13":1,"14":1,"15":1,"16":1,"17":1,"18":33,"19":33,"20":33,"21":1,"22":10,"23":9,"24":1,"25":1,"26":1,"27":1,"28":2,"29":2,"30":2,"31":1,"32":1,"33":2,"34":2,"35":1,"36":5,"37":5,"38":1,"39":1,"40":4,"41":2,"42":2,"43":4,"44":4,"45":2,"46":2,"47":4,"48":4,"49":5,"50":5,"51":1,"52":2,"53":2,"54":1,"55":1,"56":2,"57":2,"58":1,"59":1},"f":{"0":1,"1":1,"2":0,"3":0,"4":1,"5":1,"6":1,"7":33,"8":10,"9":9,"10":1,"11":2,"12":5,"13":2},"b":{"0":[1,1,1],"1":[1,0,0,0],"2":[0,0],"3":[0,1],"4":[33,33],"5":[1,1],"6":[2,1],"7":[1,4],"8":[2,2],"9":[4,3],"10":[2,2],"11":[4,3],"12":[1,1],"13":[2,1]},"inputSourceMap":{"version":3,"file":"C:/Users/takuy/Desktop/blackjack/src/classes/Dealer.ts","sources":["C:/Users/takuy/Desktop/blackjack/src/classes/Dealer.ts"],"names":[],"mappings":";;;;;;;;;;;;;;;;AAAA,+BAAiC;AAGjC,6CAA4C;AAE5C;IAA4B,0BAAW;IAGrC,gBAAY,IAAU;QAAtB,YACE,kBAAM,IAAI,CAAC,SAEZ;QADC,KAAI,CAAC,iBAAiB,GAAG,KAAK,CAAC;;IACjC,CAAC;IAED,sBAAI,oCAAgB;aAApB;YACE,OAAO,IAAI,CAAC,iBAAiB,CAAC;QAChC,CAAC;aAED,UAAqB,gBAAyB;YAC5C,IAAI,CAAC,iBAAiB,GAAG,gBAAgB,CAAC;QAC5C,CAAC;;;OAJA;IAMD,sBAAK,GAAL;QACE,IAAI,CAAC,IAAI,GAAG,EAAE,CAAC;QACf,IAAI,CAAC,gBAAgB,GAAG,KAAK,CAAC;IAChC,CAAC;IAED,iCAAgB,GAAhB;QACE,IAAI,CAAC,gBAAgB,GAAG,IAAI,CAAC;QAE7B,IAAI,YAAY,GAAG,MAAM,CAAC,IAAI,CAAC,wBAAwB,CAAC,CAAC;QACzD,IACE,IAAI,CAAC,IAAI,CAAC,CAAC,CAAC,CAAC,MAAM,KAAK,MAAM,CAAC,aAAa,CAAC,MAAM,CAAC;YACpD,IAAI,CAAC,IAAI,CAAC,CAAC,CAAC,CAAC,MAAM,KAAK,MAAM,CAAC,aAAa,CAAC,MAAM,CAAC,EACpD;YACA,YAAY,IAAI,MAAM,CAAC,GAAG,CAAC,OAAO,CAChC,MAAI,IAAI,CAAC,IAAI,CAAC,CAAC,CAAC,CAAC,MAAM,SAAI,IAAI,CAAC,IAAI,CAAC,CAAC,CAAC,CAAC,IAAI,MAAG,CAChD,CAAC;SACH;aAAM;YACL,YAAY,IAAI,MAAM,CAAC,KAAK,CAAC,OAAO,CAClC,MAAI,IAAI,CAAC,IAAI,CAAC,CAAC,CAAC,CAAC,MAAM,SAAI,IAAI,CAAC,IAAI,CAAC,CAAC,CAAC,CAAC,IAAI,MAAG,CAChD,CAAC;SACH;QACD,YAAY,IAAI,IAAI,CAAC;QACrB,OAAO,CAAC,GAAG,CAAC,YAAY,CAAC,CAAC;IAC5B,CAAC;IAED,2BAAU,GAAV;QACE,IAAI,YAAY,GAAG,MAAM,CAAC,IAAI,CAAC,UAAU,CAAC,CAAC;QAC3C,IAAI,IAAI,CAAC,gBAAgB,EAAE;YACzB,KAAK,IAAI,CAAC,GAAG,CAAC,EAAE,CAAC,GAAG,IAAI,CAAC,IAAI,CAAC,MAAM,EAAE,CAAC,EAAE,EAAE;gBACzC,IACE,IAAI,CAAC,IAAI,CAAC,CAAC,CAAC,CAAC,MAAM,KAAK,MAAM,CAAC,aAAa,CAAC,MAAM,CAAC;oBACpD,IAAI,CAAC,IAAI,CAAC,CAAC,CAAC,CAAC,MAAM,KAAK,MAAM,CAAC,aAAa,CAAC,MAAM,CAAC,EACpD;oBACA,YAAY,IAAI,MAAM,CAAC,GAAG,CAAC,OAAO,CAChC,MAAI,IAAI,CAAC,IAAI,CAAC,CAAC,CAAC,CAAC,MAAM,SAAI,IAAI,CAAC,IAAI,CAAC,CAAC,CAAC,CAAC,IAAI,MAAG,CAChD,CAAC;iBACH;qBAAM;oBACL,YAAY,IAAI,MAAM,CAAC,KAAK,CAAC,OAAO,CAClC,MAAI,IAAI,CAAC,IAAI,CAAC,CAAC,CAAC,CAAC,MAAM,SAAI,IAAI,CAAC,IAAI,CAAC,CAAC,CAAC,CAAC,IAAI,MAAG,CAChD,CAAC;iBACH;gBACD,YAAY,IAAI,IAAI,CAAC;aACtB;SACF;aAAM;YACL,IACE,IAAI,CAAC,IAAI,CAAC,CAAC,CAAC,CAAC,MAAM,KAAK,MAAM,CAAC,aAAa,CAAC,MAAM,CAAC;gBACpD,IAAI,CAAC,IAAI,CAAC,CAAC,CAAC,CAAC,MAAM,KAAK,MAAM,CAAC,aAAa,CAAC,MAAM,CAAC,EACpD;gBACA,YAAY,IAAI,MAAM,CAAC,GAAG,CAAC,OAAO,CAChC,MAAI,IAAI,CAAC,IAAI,CAAC,CAAC,CAAC,CAAC,MAAM,SAAI,IAAI,CAAC,IAAI,CAAC,CAAC,CAAC,CAAC,IAAI,MAAG,CAChD,CAAC;aACH;iBAAM;gBACL,YAAY,IAAI,MAAM,CAAC,KAAK,CAAC,OAAO,CAClC,MAAI,IAAI,CAAC,IAAI,CAAC,CAAC,CAAC,CAAC,MAAM,SAAI,IAAI,CAAC,IAAI,CAAC,CAAC,CAAC,CAAC,IAAI,MAAG,CAChD,CAAC;aACH;YACD,YAAY,IAAI,IAAI,CAAC;YACrB,YAAY,IAAI,MAAM,CAAC,KAAK,CAAC,OAAO,CAAC,OAAO,CAAC,CAAC;SAC/C;QACD,YAAY,IAAI,IAAI,CAAC;QACrB,OAAO,CAAC,GAAG,CAAC,YAAY,CAAC,CAAC;IAC5B,CAAC;IAED,8BAAa,GAAb;QACE,IAAI,YAAY,GAAG,MAAM,CAAC,IAAI,CAAC,qBAAqB,CAAC,CAAC;QACtD,IACE,IAAI,CAAC,IAAI,CAAC,IAAI,CAAC,IAAI,CAAC,MAAM,GAAG,CAAC,CAAC,CAAC,MAAM,KAAK,MAAM,CAAC,aAAa,CAAC,MAAM,CAAC;YACvE,IAAI,CAAC,IAAI,CAAC,IAAI,CAAC,IAAI,CAAC,MAAM,GAAG,CAAC,CAAC,CAAC,MAAM,KAAK,MAAM,CAAC,aAAa,CAAC,MAAM,CAAC,EACvE;YACA,YAAY,IAAI,MAAM,CAAC,GAAG,CAAC,OAAO,CAChC,MAAI,IAAI,CAAC,IAAI,CAAC,IAAI,CAAC,IAAI,CAAC,MAAM,GAAG,CAAC,CAAC,CAAC,MAAM,SACxC,IAAI,CAAC,IAAI,CAAC,IAAI,CAAC,IAAI,CAAC,MAAM,GAAG,CAAC,CAAC,CAAC,IAAI,MACnC,CACJ,CAAC;SACH;aAAM;YACL,YAAY,IAAI,MAAM,CAAC,KAAK,CAAC,OAAO,CAClC,MAAI,IAAI,CAAC,IAAI,CAAC,IAAI,CAAC,IAAI,CAAC,MAAM,GAAG,CAAC,CAAC,CAAC,MAAM,SACxC,IAAI,CAAC,IAAI,CAAC,IAAI,CAAC,IAAI,CAAC,MAAM,GAAG,CAAC,CAAC,CAAC,IAAI,MACnC,CACJ,CAAC;SACH;QACD,YAAY,IAAI,IAAI,CAAC;QACrB,OAAO,CAAC,GAAG,CAAC,YAAY,CAAC,CAAC;IAC5B,CAAC;IACH,aAAC;AAAD,CAAC,AApGD,CAA4B,yBAAW,GAoGtC;AApGY,wBAAM","sourcesContent":["import * as colors from \"colors\";\n\nimport { Deck } from \"./Deck\";\nimport { Participant } from \"./Participant\";\n\nexport class Dealer extends Participant {\n  private _isSecondCardOpen: boolean;\n\n  constructor(deck: Deck) {\n    super(deck);\n    this._isSecondCardOpen = false;\n  }\n\n  get isSecondCardOpen(): boolean {\n    return this._isSecondCardOpen;\n  }\n\n  set isSecondCardOpen(isSecondCardOpen: boolean) {\n    this._isSecondCardOpen = isSecondCardOpen;\n  }\n\n  clear(): void {\n    this.hand = [];\n    this.isSecondCardOpen = false;\n  }\n\n  renderSecondCard(): void {\n    this.isSecondCardOpen = true;\n\n    let renderedCard = colors.bold(\"Dealer's second card: \");\n    if (\n      this.hand[1].symbol === String.fromCodePoint(0x2665) ||\n      this.hand[1].symbol === String.fromCodePoint(0x2666)\n    ) {\n      renderedCard += colors.red.bgWhite(\n        ` ${this.hand[1].symbol} ${this.hand[1].rank} `\n      );\n    } else {\n      renderedCard += colors.black.bgWhite(\n        ` ${this.hand[1].symbol} ${this.hand[1].rank} `\n      );\n    }\n    renderedCard += \"\\n\";\n    console.log(renderedCard);\n  }\n\n  renderHand(): void {\n    let renderedHand = colors.bold(`Dealer: `);\n    if (this.isSecondCardOpen) {\n      for (let i = 0; i < this.hand.length; i++) {\n        if (\n          this.hand[i].symbol === String.fromCodePoint(0x2665) ||\n          this.hand[i].symbol === String.fromCodePoint(0x2666)\n        ) {\n          renderedHand += colors.red.bgWhite(\n            ` ${this.hand[i].symbol} ${this.hand[i].rank} `\n          );\n        } else {\n          renderedHand += colors.black.bgWhite(\n            ` ${this.hand[i].symbol} ${this.hand[i].rank} `\n          );\n        }\n        renderedHand += \"  \";\n      }\n    } else {\n      if (\n        this.hand[0].symbol === String.fromCodePoint(0x2665) ||\n        this.hand[0].symbol === String.fromCodePoint(0x2666)\n      ) {\n        renderedHand += colors.red.bgWhite(\n          ` ${this.hand[0].symbol} ${this.hand[0].rank} `\n        );\n      } else {\n        renderedHand += colors.black.bgWhite(\n          ` ${this.hand[0].symbol} ${this.hand[0].rank} `\n        );\n      }\n      renderedHand += \"  \";\n      renderedHand += colors.black.bgWhite(\" ??? \");\n    }\n    renderedHand += \"\\n\";\n    console.log(renderedHand);\n  }\n\n  renderNewCard(): void {\n    let renderedCard = colors.bold(\"Dealer's new card: \");\n    if (\n      this.hand[this.hand.length - 1].symbol === String.fromCodePoint(0x2665) ||\n      this.hand[this.hand.length - 1].symbol === String.fromCodePoint(0x2666)\n    ) {\n      renderedCard += colors.red.bgWhite(\n        ` ${this.hand[this.hand.length - 1].symbol} ${\n          this.hand[this.hand.length - 1].rank\n        } `\n      );\n    } else {\n      renderedCard += colors.black.bgWhite(\n        ` ${this.hand[this.hand.length - 1].symbol} ${\n          this.hand[this.hand.length - 1].rank\n        } `\n      );\n    }\n    renderedCard += \"\\n\";\n    console.log(renderedCard);\n  }\n}\n"]},"_coverageSchema":"1a1c01bbd47fc00a2c39e90264f33305004495a9","hash":"5cc7fc4f3ef04ef4dd350d502c064d635dfa1087","contentHash":"bf82a909d35778f6aec26bb2b14e826383b4362d3d7aff7bb66af285f2ab6f2c"},"C:\\Users\\takuy\\Desktop\\blackjack\\src\\classes\\Participant.ts":{"path":"C:\\Users\\takuy\\Desktop\\blackjack\\src\\classes\\Participant.ts","statementMap":{"0":{"start":{"line":2,"column":0},"end":{"line":2,"column":62}},"1":{"start":{"line":3,"column":0},"end":{"line":3,"column":29}},"2":{"start":{"line":4,"column":33},"end":{"line":64,"column":3}},"3":{"start":{"line":6,"column":8},"end":{"line":6,"column":26}},"4":{"start":{"line":7,"column":8},"end":{"line":7,"column":24}},"5":{"start":{"line":9,"column":4},"end":{"line":18,"column":7}},"6":{"start":{"line":11,"column":12},"end":{"line":11,"column":30}},"7":{"start":{"line":14,"column":12},"end":{"line":14,"column":30}},"8":{"start":{"line":19,"column":4},"end":{"line":28,"column":7}},"9":{"start":{"line":21,"column":12},"end":{"line":21,"column":30}},"10":{"start":{"line":24,"column":12},"end":{"line":24,"column":31}},"11":{"start":{"line":29,"column":4},"end":{"line":41,"column":7}},"12":{"start":{"line":31,"column":22},"end":{"line":31,"column":93}},"13":{"start":{"line":31,"column":62},"end":{"line":31,"column":87}},"14":{"start":{"line":32,"column":25},"end":{"line":32,"column":95}},"15":{"start":{"line":32,"column":60},"end":{"line":32,"column":85}},"16":{"start":{"line":33,"column":12},"end":{"line":36,"column":13}},"17":{"start":{"line":34,"column":16},"end":{"line":34,"column":25}},"18":{"start":{"line":35,"column":16},"end":{"line":35,"column":26}},"19":{"start":{"line":37,"column":12},"end":{"line":37,"column":23}},"20":{"start":{"line":42,"column":4},"end":{"line":48,"column":7}},"21":{"start":{"line":44,"column":12},"end":{"line":44,"column":61}},"22":{"start":{"line":49,"column":4},"end":{"line":55,"column":7}},"23":{"start":{"line":51,"column":12},"end":{"line":51,"column":33}},"24":{"start":{"line":56,"column":4},"end":{"line":59,"column":6}},"25":{"start":{"line":57,"column":8},"end":{"line":57,"column":41}},"26":{"start":{"line":58,"column":8},"end":{"line":58,"column":41}},"27":{"start":{"line":60,"column":4},"end":{"line":62,"column":6}},"28":{"start":{"line":61,"column":8},"end":{"line":61,"column":41}},"29":{"start":{"line":63,"column":4},"end":{"line":63,"column":23}},"30":{"start":{"line":65,"column":0},"end":{"line":65,"column":34}}},"fnMap":{"0":{"name":"(anonymous_0)","decl":{"start":{"line":4,"column":33},"end":{"line":4,"column":34}},"loc":{"start":{"line":4,"column":45},"end":{"line":64,"column":1}},"line":4},"1":{"name":"Participant","decl":{"start":{"line":5,"column":13},"end":{"line":5,"column":24}},"loc":{"start":{"line":5,"column":31},"end":{"line":8,"column":5}},"line":5},"2":{"name":"(anonymous_2)","decl":{"start":{"line":10,"column":13},"end":{"line":10,"column":14}},"loc":{"start":{"line":10,"column":25},"end":{"line":12,"column":9}},"line":10},"3":{"name":"(anonymous_3)","decl":{"start":{"line":13,"column":13},"end":{"line":13,"column":14}},"loc":{"start":{"line":13,"column":29},"end":{"line":15,"column":9}},"line":13},"4":{"name":"(anonymous_4)","decl":{"start":{"line":20,"column":13},"end":{"line":20,"column":14}},"loc":{"start":{"line":20,"column":25},"end":{"line":22,"column":9}},"line":20},"5":{"name":"(anonymous_5)","decl":{"start":{"line":23,"column":13},"end":{"line":23,"column":14}},"loc":{"start":{"line":23,"column":30},"end":{"line":25,"column":9}},"line":23},"6":{"name":"(anonymous_6)","decl":{"start":{"line":30,"column":13},"end":{"line":30,"column":14}},"loc":{"start":{"line":30,"column":25},"end":{"line":38,"column":9}},"line":30},"7":{"name":"(anonymous_7)","decl":{"start":{"line":31,"column":39},"end":{"line":31,"column":40}},"loc":{"start":{"line":31,"column":60},"end":{"line":31,"column":89}},"line":31},"8":{"name":"(anonymous_8)","decl":{"start":{"line":32,"column":42},"end":{"line":32,"column":43}},"loc":{"start":{"line":32,"column":58},"end":{"line":32,"column":87}},"line":32},"9":{"name":"(anonymous_9)","decl":{"start":{"line":43,"column":13},"end":{"line":43,"column":14}},"loc":{"start":{"line":43,"column":25},"end":{"line":45,"column":9}},"line":43},"10":{"name":"(anonymous_10)","decl":{"start":{"line":50,"column":13},"end":{"line":50,"column":14}},"loc":{"start":{"line":50,"column":25},"end":{"line":52,"column":9}},"line":50},"11":{"name":"(anonymous_11)","decl":{"start":{"line":56,"column":33},"end":{"line":56,"column":34}},"loc":{"start":{"line":56,"column":45},"end":{"line":59,"column":5}},"line":56},"12":{"name":"(anonymous_12)","decl":{"start":{"line":60,"column":32},"end":{"line":60,"column":33}},"loc":{"start":{"line":60,"column":44},"end":{"line":62,"column":5}},"line":60}},"branchMap":{"0":{"loc":{"start":{"line":33,"column":19},"end":{"line":33,"column":43}},"type":"binary-expr","locations":[{"start":{"line":33,"column":19},"end":{"line":33,"column":28}},{"start":{"line":33,"column":32},"end":{"line":33,"column":43}}],"line":33},"1":{"loc":{"start":{"line":44,"column":19},"end":{"line":44,"column":60}},"type":"binary-expr","locations":[{"start":{"line":44,"column":19},"end":{"line":44,"column":34}},{"start":{"line":44,"column":38},"end":{"line":44,"column":60}}],"line":44}},"s":{"0":1,"1":1,"2":1,"3":91,"4":91,"5":1,"6":6,"7":1,"8":1,"9":268,"10":45,"11":1,"12":75,"13":172,"14":75,"15":172,"16":75,"17":56,"18":56,"19":75,"20":1,"21":22,"22":1,"23":22,"24":1,"25":1,"26":1,"27":1,"28":1,"29":1,"30":1},"f":{"0":1,"1":91,"2":6,"3":1,"4":268,"5":45,"6":75,"7":172,"8":172,"9":22,"10":22,"11":1,"12":1},"b":{"0":[131,62],"1":[22,17]},"inputSourceMap":{"version":3,"file":"C:/Users/takuy/Desktop/blackjack/src/classes/Participant.ts","sources":["C:/Users/takuy/Desktop/blackjack/src/classes/Participant.ts"],"names":[],"mappings":";;;AAGA;IAIE,qBAAY,IAAU;QACpB,IAAI,CAAC,KAAK,GAAG,IAAI,CAAC;QAClB,IAAI,CAAC,KAAK,GAAG,EAAE,CAAC;IAClB,CAAC;IAED,sBAAI,6BAAI;aAAR;YACE,OAAO,IAAI,CAAC,KAAK,CAAC;QACpB,CAAC;aAED,UAAS,IAAU;YACjB,IAAI,CAAC,KAAK,GAAG,IAAI,CAAC;QACpB,CAAC;;;OAJA;IAMD,sBAAI,6BAAI;aAAR;YACE,OAAO,IAAI,CAAC,KAAK,CAAC;QACpB,CAAC;aAED,UAAS,KAAa;YACpB,IAAI,CAAC,KAAK,GAAG,KAAK,CAAC;QACrB,CAAC;;;OAJA;IAMD,sBAAI,4BAAG;aAAP;YACE,IAAI,GAAG,GAAG,IAAI,CAAC,IAAI,CAAC,MAAM,CAAC,UAAC,GAAG,EAAE,IAAI,IAAK,OAAA,GAAG,GAAG,IAAI,CAAC,MAAM,EAAjB,CAAiB,EAAE,CAAC,CAAC,CAAC;YAChE,IAAI,MAAM,GAAG,IAAI,CAAC,IAAI,CAAC,MAAM,CAAC,UAAC,IAAI,IAAK,OAAA,IAAI,CAAC,MAAM,KAAK,CAAC,EAAjB,CAAiB,CAAC,CAAC,MAAM,CAAC;YAClE,OAAO,GAAG,IAAI,EAAE,IAAI,MAAM,IAAI,CAAC,EAAE;gBAC/B,MAAM,EAAE,CAAC;gBACT,GAAG,IAAI,EAAE,CAAC;aACX;YACD,OAAO,GAAG,CAAC;QACb,CAAC;;;OAAA;IAED,sBAAI,oCAAW;aAAf;YACE,OAAO,IAAI,CAAC,GAAG,KAAK,EAAE,IAAI,IAAI,CAAC,IAAI,CAAC,MAAM,KAAK,CAAC,CAAC;QACnD,CAAC;;;OAAA;IAED,sBAAI,iCAAQ;aAAZ;YACE,OAAO,IAAI,CAAC,GAAG,GAAG,EAAE,CAAC;QACvB,CAAC;;;OAAA;IAED,0BAAI,GAAJ;QACE,IAAI,CAAC,IAAI,CAAC,IAAI,CAAC,IAAI,CAAC,IAAI,CAAC,IAAI,EAAE,CAAC,CAAC;QACjC,IAAI,CAAC,IAAI,CAAC,IAAI,CAAC,IAAI,CAAC,IAAI,CAAC,IAAI,EAAE,CAAC,CAAC;IACnC,CAAC;IAED,yBAAG,GAAH;QACE,IAAI,CAAC,IAAI,CAAC,IAAI,CAAC,IAAI,CAAC,IAAI,CAAC,IAAI,EAAE,CAAC,CAAC;IACnC,CAAC;IACH,kBAAC;AAAD,CAAC,AAnDD,IAmDC;AAnDY,kCAAW","sourcesContent":["import { Card } from \"./Card\";\nimport { Deck } from \"./Deck\";\n\nexport class Participant {\n  private _deck: Deck;\n  private _hand: Card[];\n\n  constructor(deck: Deck) {\n    this._deck = deck;\n    this._hand = [];\n  }\n\n  get deck(): Deck {\n    return this._deck;\n  }\n\n  set deck(deck: Deck) {\n    this._deck = deck;\n  }\n\n  get hand(): Card[] {\n    return this._hand;\n  }\n\n  set hand(cards: Card[]) {\n    this._hand = cards;\n  }\n\n  get sum(): number {\n    let sum = this.hand.reduce((sum, card) => sum + card.number, 0);\n    let aceNum = this.hand.filter((card) => card.number === 1).length;\n    while (sum <= 11 && aceNum >= 1) {\n      aceNum--;\n      sum += 10;\n    }\n    return sum;\n  }\n\n  get isBlackjack(): boolean {\n    return this.sum === 21 && this.hand.length === 2;\n  }\n\n  get isBusted(): boolean {\n    return this.sum > 21;\n  }\n\n  deal(): void {\n    this.hand.push(this.deck.draw());\n    this.hand.push(this.deck.draw());\n  }\n\n  hit(): void {\n    this.hand.push(this.deck.draw());\n  }\n}\n"]},"_coverageSchema":"1a1c01bbd47fc00a2c39e90264f33305004495a9","hash":"72bdf08b21b9e790cd3fa8438f2757b110a74e00","contentHash":"1eed41800bdce87105b59e0884e6c443542e5b540d9e28631af068f8acf91212"},"C:\\Users\\takuy\\Desktop\\blackjack\\src\\classes\\Game.ts":{"path":"C:\\Users\\takuy\\Desktop\\blackjack\\src\\classes\\Game.ts","statementMap":{"0":{"start":{"line":2,"column":16},"end":{"line":10,"column":1}},"1":{"start":{"line":3,"column":28},"end":{"line":3,"column":110}},"2":{"start":{"line":3,"column":91},"end":{"line":3,"column":106}},"3":{"start":{"line":4,"column":4},"end":{"line":9,"column":7}},"4":{"start":{"line":5,"column":36},"end":{"line":5,"column":97}},"5":{"start":{"line":5,"column":42},"end":{"line":5,"column":70}},"6":{"start":{"line":5,"column":85},"end":{"line":5,"column":95}},"7":{"start":{"line":6,"column":35},"end":{"line":6,"column":100}},"8":{"start":{"line":6,"column":41},"end":{"line":6,"column":73}},"9":{"start":{"line":6,"column":88},"end":{"line":6,"column":98}},"10":{"start":{"line":7,"column":32},"end":{"line":7,"column":116}},"11":{"start":{"line":8,"column":8},"end":{"line":8,"column":78}},"12":{"start":{"line":11,"column":18},"end":{"line":37,"column":1}},"13":{"start":{"line":12,"column":12},"end":{"line":12,"column":104}},"14":{"start":{"line":12,"column":43},"end":{"line":12,"column":68}},"15":{"start":{"line":12,"column":57},"end":{"line":12,"column":68}},"16":{"start":{"line":12,"column":69},"end":{"line":12,"column":81}},"17":{"start":{"line":13,"column":4},"end":{"line":13,"column":157}},"18":{"start":{"line":13,"column":138},"end":{"line":13,"column":150}},"19":{"start":{"line":14,"column":23},"end":{"line":14,"column":68}},"20":{"start":{"line":14,"column":45},"end":{"line":14,"column":65}},"21":{"start":{"line":16,"column":8},"end":{"line":16,"column":70}},"22":{"start":{"line":16,"column":15},"end":{"line":16,"column":70}},"23":{"start":{"line":17,"column":8},"end":{"line":34,"column":66}},"24":{"start":{"line":17,"column":18},"end":{"line":34,"column":66}},"25":{"start":{"line":18,"column":12},"end":{"line":18,"column":169}},"26":{"start":{"line":18,"column":160},"end":{"line":18,"column":169}},"27":{"start":{"line":19,"column":12},"end":{"line":19,"column":52}},"28":{"start":{"line":19,"column":26},"end":{"line":19,"column":52}},"29":{"start":{"line":20,"column":12},"end":{"line":32,"column":13}},"30":{"start":{"line":21,"column":32},"end":{"line":21,"column":39}},"31":{"start":{"line":21,"column":40},"end":{"line":21,"column":46}},"32":{"start":{"line":22,"column":24},"end":{"line":22,"column":34}},"33":{"start":{"line":22,"column":35},"end":{"line":22,"column":72}},"34":{"start":{"line":23,"column":24},"end":{"line":23,"column":34}},"35":{"start":{"line":23,"column":35},"end":{"line":23,"column":45}},"36":{"start":{"line":23,"column":46},"end":{"line":23,"column":55}},"37":{"start":{"line":23,"column":56},"end":{"line":23,"column":65}},"38":{"start":{"line":24,"column":24},"end":{"line":24,"column":41}},"39":{"start":{"line":24,"column":42},"end":{"line":24,"column":55}},"40":{"start":{"line":24,"column":56},"end":{"line":24,"column":65}},"41":{"start":{"line":26,"column":20},"end":{"line":26,"column":128}},"42":{"start":{"line":26,"column":110},"end":{"line":26,"column":116}},"43":{"start":{"line":26,"column":117},"end":{"line":26,"column":126}},"44":{"start":{"line":27,"column":20},"end":{"line":27,"column":106}},"45":{"start":{"line":27,"column":81},"end":{"line":27,"column":97}},"46":{"start":{"line":27,"column":98},"end":{"line":27,"column":104}},"47":{"start":{"line":28,"column":20},"end":{"line":28,"column":89}},"48":{"start":{"line":28,"column":57},"end":{"line":28,"column":72}},"49":{"start":{"line":28,"column":73},"end":{"line":28,"column":80}},"50":{"start":{"line":28,"column":81},"end":{"line":28,"column":87}},"51":{"start":{"line":29,"column":20},"end":{"line":29,"column":87}},"52":{"start":{"line":29,"column":47},"end":{"line":29,"column":62}},"53":{"start":{"line":29,"column":63},"end":{"line":29,"column":78}},"54":{"start":{"line":29,"column":79},"end":{"line":29,"column":85}},"55":{"start":{"line":30,"column":20},"end":{"line":30,"column":42}},"56":{"start":{"line":30,"column":30},"end":{"line":30,"column":42}},"57":{"start":{"line":31,"column":20},"end":{"line":31,"column":33}},"58":{"start":{"line":31,"column":34},"end":{"line":31,"column":43}},"59":{"start":{"line":33,"column":12},"end":{"line":33,"column":39}},"60":{"start":{"line":34,"column":22},"end":{"line":34,"column":34}},"61":{"start":{"line":34,"column":35},"end":{"line":34,"column":41}},"62":{"start":{"line":34,"column":54},"end":{"line":34,"column":64}},"63":{"start":{"line":35,"column":8},"end":{"line":35,"column":35}},"64":{"start":{"line":35,"column":23},"end":{"line":35,"column":35}},"65":{"start":{"line":35,"column":36},"end":{"line":35,"column":89}},"66":{"start":{"line":38,"column":0},"end":{"line":38,"column":62}},"67":{"start":{"line":39,"column":0},"end":{"line":39,"column":22}},"68":{"start":{"line":40,"column":13},"end":{"line":40,"column":30}},"69":{"start":{"line":41,"column":19},"end":{"line":41,"column":43}},"70":{"start":{"line":42,"column":13},"end":{"line":42,"column":30}},"71":{"start":{"line":43,"column":13},"end":{"line":43,"column":30}},"72":{"start":{"line":44,"column":15},"end":{"line":44,"column":34}},"73":{"start":{"line":45,"column":15},"end":{"line":45,"column":34}},"74":{"start":{"line":46,"column":26},"end":{"line":262,"column":3}},"75":{"start":{"line":48,"column":8},"end":{"line":48,"column":38}},"76":{"start":{"line":49,"column":8},"end":{"line":49,"column":53}},"77":{"start":{"line":50,"column":8},"end":{"line":50,"column":53}},"78":{"start":{"line":52,"column":4},"end":{"line":66,"column":6}},"79":{"start":{"line":53,"column":8},"end":{"line":65,"column":11}},"80":{"start":{"line":54,"column":12},"end":{"line":64,"column":15}},"81":{"start":{"line":56,"column":16},"end":{"line":60,"column":21}},"82":{"start":{"line":61,"column":16},"end":{"line":61,"column":76}},"83":{"start":{"line":62,"column":16},"end":{"line":62,"column":32}},"84":{"start":{"line":63,"column":16},"end":{"line":63,"column":38}},"85":{"start":{"line":67,"column":4},"end":{"line":85,"column":6}},"86":{"start":{"line":68,"column":8},"end":{"line":84,"column":11}},"87":{"start":{"line":70,"column":12},"end":{"line":83,"column":15}},"88":{"start":{"line":71,"column":16},"end":{"line":81,"column":17}},"89":{"start":{"line":72,"column":20},"end":{"line":72,"column":46}},"90":{"start":{"line":73,"column":20},"end":{"line":73,"column":87}},"91":{"start":{"line":74,"column":20},"end":{"line":74,"column":46}},"92":{"start":{"line":75,"column":20},"end":{"line":75,"column":87}},"93":{"start":{"line":76,"column":20},"end":{"line":76,"column":66}},"94":{"start":{"line":77,"column":20},"end":{"line":77,"column":36}},"95":{"start":{"line":80,"column":20},"end":{"line":80,"column":43}},"96":{"start":{"line":82,"column":16},"end":{"line":82,"column":38}},"97":{"start":{"line":86,"column":4},"end":{"line":131,"column":6}},"98":{"start":{"line":87,"column":8},"end":{"line":130,"column":11}},"99":{"start":{"line":89,"column":12},"end":{"line":129,"column":15}},"100":{"start":{"line":90,"column":16},"end":{"line":128,"column":17}},"101":{"start":{"line":91,"column":28},"end":{"line":91,"column":77}},"102":{"start":{"line":93,"column":24},"end":{"line":93,"column":43}},"103":{"start":{"line":94,"column":24},"end":{"line":126,"column":25}},"104":{"start":{"line":95,"column":28},"end":{"line":118,"column":29}},"105":{"start":{"line":96,"column":32},"end":{"line":96,"column":50}},"106":{"start":{"line":97,"column":32},"end":{"line":97,"column":58}},"107":{"start":{"line":98,"column":32},"end":{"line":98,"column":112}},"108":{"start":{"line":99,"column":32},"end":{"line":99,"column":48}},"109":{"start":{"line":100,"column":32},"end":{"line":100,"column":60}},"110":{"start":{"line":102,"column":33},"end":{"line":118,"column":29}},"111":{"start":{"line":103,"column":32},"end":{"line":105,"column":33}},"112":{"start":{"line":104,"column":36},"end":{"line":104,"column":120}},"113":{"start":{"line":106,"column":32},"end":{"line":106,"column":57}},"114":{"start":{"line":107,"column":32},"end":{"line":107,"column":120}},"115":{"start":{"line":108,"column":32},"end":{"line":108,"column":48}},"116":{"start":{"line":109,"column":32},"end":{"line":109,"column":60}},"117":{"start":{"line":111,"column":33},"end":{"line":118,"column":29}},"118":{"start":{"line":112,"column":32},"end":{"line":112,"column":62}},"119":{"start":{"line":113,"column":32},"end":{"line":113,"column":115}},"120":{"start":{"line":114,"column":32},"end":{"line":114,"column":48}},"121":{"start":{"line":117,"column":32},"end":{"line":117,"column":102}},"122":{"start":{"line":119,"column":28},"end":{"line":119,"column":53}},"123":{"start":{"line":120,"column":28},"end":{"line":120,"column":53}},"124":{"start":{"line":121,"column":28},"end":{"line":121,"column":74}},"125":{"start":{"line":122,"column":28},"end":{"line":122,"column":44}},"126":{"start":{"line":125,"column":28},"end":{"line":125,"column":51}},"127":{"start":{"line":127,"column":24},"end":{"line":127,"column":46}},"128":{"start":{"line":132,"column":4},"end":{"line":186,"column":6}},"129":{"start":{"line":133,"column":8},"end":{"line":182,"column":9}},"130":{"start":{"line":134,"column":12},"end":{"line":134,"column":53}},"131":{"start":{"line":135,"column":12},"end":{"line":135,"column":58}},"132":{"start":{"line":136,"column":12},"end":{"line":136,"column":54}},"133":{"start":{"line":137,"column":12},"end":{"line":137,"column":94}},"134":{"start":{"line":139,"column":13},"end":{"line":182,"column":9}},"135":{"start":{"line":140,"column":12},"end":{"line":140,"column":56}},"136":{"start":{"line":141,"column":12},"end":{"line":141,"column":54}},"137":{"start":{"line":142,"column":12},"end":{"line":142,"column":97}},"138":{"start":{"line":144,"column":13},"end":{"line":182,"column":9}},"139":{"start":{"line":145,"column":12},"end":{"line":161,"column":13}},"140":{"start":{"line":147,"column":16},"end":{"line":147,"column":53}},"141":{"start":{"line":148,"column":16},"end":{"line":148,"column":49}},"142":{"start":{"line":150,"column":17},"end":{"line":161,"column":13}},"143":{"start":{"line":151,"column":16},"end":{"line":151,"column":58}},"144":{"start":{"line":152,"column":16},"end":{"line":153,"column":61}},"145":{"start":{"line":156,"column":16},"end":{"line":156,"column":71}},"146":{"start":{"line":157,"column":16},"end":{"line":157,"column":65}},"147":{"start":{"line":158,"column":16},"end":{"line":158,"column":58}},"148":{"start":{"line":159,"column":16},"end":{"line":160,"column":66}},"149":{"start":{"line":163,"column":13},"end":{"line":182,"column":9}},"150":{"start":{"line":164,"column":12},"end":{"line":164,"column":67}},"151":{"start":{"line":165,"column":12},"end":{"line":165,"column":61}},"152":{"start":{"line":166,"column":12},"end":{"line":166,"column":54}},"153":{"start":{"line":167,"column":12},"end":{"line":168,"column":62}},"154":{"start":{"line":170,"column":13},"end":{"line":182,"column":9}},"155":{"start":{"line":171,"column":12},"end":{"line":171,"column":54}},"156":{"start":{"line":172,"column":12},"end":{"line":172,"column":97}},"157":{"start":{"line":174,"column":13},"end":{"line":182,"column":9}},"158":{"start":{"line":175,"column":12},"end":{"line":175,"column":53}},"159":{"start":{"line":176,"column":12},"end":{"line":176,"column":54}},"160":{"start":{"line":177,"column":12},"end":{"line":177,"column":94}},"161":{"start":{"line":180,"column":12},"end":{"line":180,"column":49}},"162":{"start":{"line":181,"column":12},"end":{"line":181,"column":45}},"163":{"start":{"line":183,"column":8},"end":{"line":183,"column":24}},"164":{"start":{"line":184,"column":8},"end":{"line":184,"column":34}},"165":{"start":{"line":185,"column":8},"end":{"line":185,"column":24}},"166":{"start":{"line":187,"column":4},"end":{"line":260,"column":6}},"167":{"start":{"line":188,"column":8},"end":{"line":259,"column":11}},"168":{"start":{"line":189,"column":12},"end":{"line":258,"column":15}},"169":{"start":{"line":190,"column":16},"end":{"line":257,"column":17}},"170":{"start":{"line":191,"column":28},"end":{"line":191,"column":69}},"171":{"start":{"line":193,"column":24},"end":{"line":193,"column":34}},"172":{"start":{"line":194,"column":24},"end":{"line":194,"column":37}},"173":{"start":{"line":196,"column":24},"end":{"line":196,"column":78}},"174":{"start":{"line":196,"column":54},"end":{"line":196,"column":78}},"175":{"start":{"line":197,"column":24},"end":{"line":197,"column":44}},"176":{"start":{"line":198,"column":24},"end":{"line":198,"column":53}},"177":{"start":{"line":199,"column":24},"end":{"line":199,"column":53}},"178":{"start":{"line":200,"column":24},"end":{"line":200,"column":44}},"179":{"start":{"line":201,"column":24},"end":{"line":201,"column":44}},"180":{"start":{"line":202,"column":24},"end":{"line":202,"column":37}},"181":{"start":{"line":204,"column":24},"end":{"line":204,"column":78}},"182":{"start":{"line":204,"column":54},"end":{"line":204,"column":78}},"183":{"start":{"line":205,"column":24},"end":{"line":205,"column":62}},"184":{"start":{"line":207,"column":24},"end":{"line":207,"column":34}},"185":{"start":{"line":208,"column":24},"end":{"line":208,"column":48}},"186":{"start":{"line":210,"column":24},"end":{"line":210,"column":43}},"187":{"start":{"line":211,"column":24},"end":{"line":211,"column":43}},"188":{"start":{"line":212,"column":24},"end":{"line":212,"column":49}},"189":{"start":{"line":213,"column":24},"end":{"line":213,"column":49}},"190":{"start":{"line":214,"column":24},"end":{"line":214,"column":37}},"191":{"start":{"line":216,"column":24},"end":{"line":220,"column":75}},"192":{"start":{"line":220,"column":51},"end":{"line":220,"column":75}},"193":{"start":{"line":221,"column":24},"end":{"line":221,"column":65}},"194":{"start":{"line":223,"column":24},"end":{"line":223,"column":34}},"195":{"start":{"line":224,"column":24},"end":{"line":224,"column":48}},"196":{"start":{"line":226,"column":24},"end":{"line":232,"column":25}},"197":{"start":{"line":227,"column":28},"end":{"line":227,"column":59}},"198":{"start":{"line":228,"column":28},"end":{"line":228,"column":53}},"199":{"start":{"line":229,"column":28},"end":{"line":229,"column":53}},"200":{"start":{"line":230,"column":28},"end":{"line":230,"column":74}},"201":{"start":{"line":231,"column":28},"end":{"line":231,"column":44}},"202":{"start":{"line":233,"column":24},"end":{"line":245,"column":25}},"203":{"start":{"line":234,"column":70},"end":{"line":234,"column":95}},"204":{"start":{"line":239,"column":28},"end":{"line":239,"column":46}},"205":{"start":{"line":240,"column":28},"end":{"line":240,"column":56}},"206":{"start":{"line":241,"column":28},"end":{"line":241,"column":53}},"207":{"start":{"line":242,"column":28},"end":{"line":242,"column":53}},"208":{"start":{"line":243,"column":28},"end":{"line":243,"column":74}},"209":{"start":{"line":244,"column":28},"end":{"line":244,"column":44}},"210":{"start":{"line":246,"column":24},"end":{"line":246,"column":43}},"211":{"start":{"line":247,"column":24},"end":{"line":254,"column":25}},"212":{"start":{"line":248,"column":28},"end":{"line":248,"column":88}},"213":{"start":{"line":249,"column":28},"end":{"line":249,"column":74}},"214":{"start":{"line":250,"column":28},"end":{"line":250,"column":44}},"215":{"start":{"line":253,"column":28},"end":{"line":253,"column":68}},"216":{"start":{"line":255,"column":24},"end":{"line":255,"column":48}},"217":{"start":{"line":256,"column":28},"end":{"line":256,"column":50}},"218":{"start":{"line":261,"column":4},"end":{"line":261,"column":16}},"219":{"start":{"line":263,"column":0},"end":{"line":263,"column":20}}},"fnMap":{"0":{"name":"(anonymous_0)","decl":{"start":{"line":2,"column":44},"end":{"line":2,"column":45}},"loc":{"start":{"line":2,"column":89},"end":{"line":10,"column":1}},"line":2},"1":{"name":"adopt","decl":{"start":{"line":3,"column":13},"end":{"line":3,"column":18}},"loc":{"start":{"line":3,"column":26},"end":{"line":3,"column":112}},"line":3},"2":{"name":"(anonymous_2)","decl":{"start":{"line":3,"column":70},"end":{"line":3,"column":71}},"loc":{"start":{"line":3,"column":89},"end":{"line":3,"column":108}},"line":3},"3":{"name":"(anonymous_3)","decl":{"start":{"line":4,"column":36},"end":{"line":4,"column":37}},"loc":{"start":{"line":4,"column":63},"end":{"line":9,"column":5}},"line":4},"4":{"name":"fulfilled","decl":{"start":{"line":5,"column":17},"end":{"line":5,"column":26}},"loc":{"start":{"line":5,"column":34},"end":{"line":5,"column":99}},"line":5},"5":{"name":"rejected","decl":{"start":{"line":6,"column":17},"end":{"line":6,"column":25}},"loc":{"start":{"line":6,"column":33},"end":{"line":6,"column":102}},"line":6},"6":{"name":"step","decl":{"start":{"line":7,"column":17},"end":{"line":7,"column":21}},"loc":{"start":{"line":7,"column":30},"end":{"line":7,"column":118}},"line":7},"7":{"name":"(anonymous_7)","decl":{"start":{"line":11,"column":48},"end":{"line":11,"column":49}},"loc":{"start":{"line":11,"column":73},"end":{"line":37,"column":1}},"line":11},"8":{"name":"(anonymous_8)","decl":{"start":{"line":12,"column":30},"end":{"line":12,"column":31}},"loc":{"start":{"line":12,"column":41},"end":{"line":12,"column":83}},"line":12},"9":{"name":"(anonymous_9)","decl":{"start":{"line":13,"column":125},"end":{"line":13,"column":126}},"loc":{"start":{"line":13,"column":136},"end":{"line":13,"column":152}},"line":13},"10":{"name":"verb","decl":{"start":{"line":14,"column":13},"end":{"line":14,"column":17}},"loc":{"start":{"line":14,"column":21},"end":{"line":14,"column":70}},"line":14},"11":{"name":"(anonymous_11)","decl":{"start":{"line":14,"column":30},"end":{"line":14,"column":31}},"loc":{"start":{"line":14,"column":43},"end":{"line":14,"column":67}},"line":14},"12":{"name":"step","decl":{"start":{"line":15,"column":13},"end":{"line":15,"column":17}},"loc":{"start":{"line":15,"column":22},"end":{"line":36,"column":5}},"line":15},"13":{"name":"(anonymous_13)","decl":{"start":{"line":46,"column":26},"end":{"line":46,"column":27}},"loc":{"start":{"line":46,"column":38},"end":{"line":262,"column":1}},"line":46},"14":{"name":"Game","decl":{"start":{"line":47,"column":13},"end":{"line":47,"column":17}},"loc":{"start":{"line":47,"column":20},"end":{"line":51,"column":5}},"line":47},"15":{"name":"(anonymous_15)","decl":{"start":{"line":52,"column":33},"end":{"line":52,"column":34}},"loc":{"start":{"line":52,"column":45},"end":{"line":66,"column":5}},"line":52},"16":{"name":"(anonymous_16)","decl":{"start":{"line":53,"column":47},"end":{"line":53,"column":48}},"loc":{"start":{"line":53,"column":59},"end":{"line":65,"column":9}},"line":53},"17":{"name":"(anonymous_17)","decl":{"start":{"line":54,"column":37},"end":{"line":54,"column":38}},"loc":{"start":{"line":54,"column":51},"end":{"line":64,"column":13}},"line":54},"18":{"name":"(anonymous_18)","decl":{"start":{"line":67,"column":30},"end":{"line":67,"column":31}},"loc":{"start":{"line":67,"column":42},"end":{"line":85,"column":5}},"line":67},"19":{"name":"(anonymous_19)","decl":{"start":{"line":68,"column":47},"end":{"line":68,"column":48}},"loc":{"start":{"line":68,"column":59},"end":{"line":84,"column":9}},"line":68},"20":{"name":"(anonymous_20)","decl":{"start":{"line":70,"column":37},"end":{"line":70,"column":38}},"loc":{"start":{"line":70,"column":51},"end":{"line":83,"column":13}},"line":70},"21":{"name":"(anonymous_21)","decl":{"start":{"line":86,"column":33},"end":{"line":86,"column":34}},"loc":{"start":{"line":86,"column":45},"end":{"line":131,"column":5}},"line":86},"22":{"name":"(anonymous_22)","decl":{"start":{"line":87,"column":47},"end":{"line":87,"column":48}},"loc":{"start":{"line":87,"column":59},"end":{"line":130,"column":9}},"line":87},"23":{"name":"(anonymous_23)","decl":{"start":{"line":89,"column":37},"end":{"line":89,"column":38}},"loc":{"start":{"line":89,"column":51},"end":{"line":129,"column":13}},"line":89},"24":{"name":"(anonymous_24)","decl":{"start":{"line":132,"column":33},"end":{"line":132,"column":34}},"loc":{"start":{"line":132,"column":45},"end":{"line":186,"column":5}},"line":132},"25":{"name":"(anonymous_25)","decl":{"start":{"line":187,"column":27},"end":{"line":187,"column":28}},"loc":{"start":{"line":187,"column":39},"end":{"line":260,"column":5}},"line":187},"26":{"name":"(anonymous_26)","decl":{"start":{"line":188,"column":47},"end":{"line":188,"column":48}},"loc":{"start":{"line":188,"column":59},"end":{"line":259,"column":9}},"line":188},"27":{"name":"(anonymous_27)","decl":{"start":{"line":189,"column":37},"end":{"line":189,"column":38}},"loc":{"start":{"line":189,"column":51},"end":{"line":258,"column":13}},"line":189},"28":{"name":"(anonymous_28)","decl":{"start":{"line":234,"column":52},"end":{"line":234,"column":53}},"loc":{"start":{"line":234,"column":68},"end":{"line":234,"column":97}},"line":234}},"branchMap":{"0":{"loc":{"start":{"line":2,"column":16},"end":{"line":10,"column":1}},"type":"binary-expr","locations":[{"start":{"line":2,"column":17},"end":{"line":2,"column":21}},{"start":{"line":2,"column":25},"end":{"line":2,"column":39}},{"start":{"line":2,"column":44},"end":{"line":10,"column":1}}],"line":2},"1":{"loc":{"start":{"line":3,"column":35},"end":{"line":3,"column":109}},"type":"cond-expr","locations":[{"start":{"line":3,"column":56},"end":{"line":3,"column":61}},{"start":{"line":3,"column":64},"end":{"line":3,"column":109}}],"line":3},"2":{"loc":{"start":{"line":4,"column":16},"end":{"line":4,"column":34}},"type":"binary-expr","locations":[{"start":{"line":4,"column":16},"end":{"line":4,"column":17}},{"start":{"line":4,"column":22},"end":{"line":4,"column":33}}],"line":4},"3":{"loc":{"start":{"line":7,"column":32},"end":{"line":7,"column":115}},"type":"cond-expr","locations":[{"start":{"line":7,"column":46},"end":{"line":7,"column":67}},{"start":{"line":7,"column":70},"end":{"line":7,"column":115}}],"line":7},"4":{"loc":{"start":{"line":8,"column":51},"end":{"line":8,"column":67}},"type":"binary-expr","locations":[{"start":{"line":8,"column":51},"end":{"line":8,"column":61}},{"start":{"line":8,"column":65},"end":{"line":8,"column":67}}],"line":8},"5":{"loc":{"start":{"line":11,"column":18},"end":{"line":37,"column":1}},"type":"binary-expr","locations":[{"start":{"line":11,"column":19},"end":{"line":11,"column":23}},{"start":{"line":11,"column":27},"end":{"line":11,"column":43}},{"start":{"line":11,"column":48},"end":{"line":37,"column":1}}],"line":11},"6":{"loc":{"start":{"line":12,"column":43},"end":{"line":12,"column":68}},"type":"if","locations":[{"start":{"line":12,"column":43},"end":{"line":12,"column":68}},{"start":{"line":12,"column":43},"end":{"line":12,"column":68}}],"line":12},"7":{"loc":{"start":{"line":13,"column":71},"end":{"line":13,"column":153}},"type":"binary-expr","locations":[{"start":{"line":13,"column":71},"end":{"line":13,"column":99}},{"start":{"line":13,"column":104},"end":{"line":13,"column":152}}],"line":13},"8":{"loc":{"start":{"line":16,"column":8},"end":{"line":16,"column":70}},"type":"if","locations":[{"start":{"line":16,"column":8},"end":{"line":16,"column":70}},{"start":{"line":16,"column":8},"end":{"line":16,"column":70}}],"line":16},"9":{"loc":{"start":{"line":18,"column":12},"end":{"line":18,"column":169}},"type":"if","locations":[{"start":{"line":18,"column":12},"end":{"line":18,"column":169}},{"start":{"line":18,"column":12},"end":{"line":18,"column":169}}],"line":18},"10":{"loc":{"start":{"line":18,"column":23},"end":{"line":18,"column":158}},"type":"binary-expr","locations":[{"start":{"line":18,"column":23},"end":{"line":18,"column":24}},{"start":{"line":18,"column":29},"end":{"line":18,"column":125}},{"start":{"line":18,"column":130},"end":{"line":18,"column":158}}],"line":18},"11":{"loc":{"start":{"line":18,"column":33},"end":{"line":18,"column":125}},"type":"cond-expr","locations":[{"start":{"line":18,"column":45},"end":{"line":18,"column":56}},{"start":{"line":18,"column":59},"end":{"line":18,"column":125}}],"line":18},"12":{"loc":{"start":{"line":18,"column":59},"end":{"line":18,"column":125}},"type":"cond-expr","locations":[{"start":{"line":18,"column":67},"end":{"line":18,"column":116}},{"start":{"line":18,"column":119},"end":{"line":18,"column":125}}],"line":18},"13":{"loc":{"start":{"line":18,"column":67},"end":{"line":18,"column":116}},"type":"binary-expr","locations":[{"start":{"line":18,"column":67},"end":{"line":18,"column":77}},{"start":{"line":18,"column":82},"end":{"line":18,"column":115}}],"line":18},"14":{"loc":{"start":{"line":18,"column":82},"end":{"line":18,"column":112}},"type":"binary-expr","locations":[{"start":{"line":18,"column":83},"end":{"line":18,"column":98}},{"start":{"line":18,"column":103},"end":{"line":18,"column":112}}],"line":18},"15":{"loc":{"start":{"line":19,"column":12},"end":{"line":19,"column":52}},"type":"if","locations":[{"start":{"line":19,"column":12},"end":{"line":19,"column":52}},{"start":{"line":19,"column":12},"end":{"line":19,"column":52}}],"line":19},"16":{"loc":{"start":{"line":20,"column":12},"end":{"line":32,"column":13}},"type":"switch","locations":[{"start":{"line":21,"column":16},"end":{"line":21,"column":23}},{"start":{"line":21,"column":24},"end":{"line":21,"column":46}},{"start":{"line":22,"column":16},"end":{"line":22,"column":72}},{"start":{"line":23,"column":16},"end":{"line":23,"column":65}},{"start":{"line":24,"column":16},"end":{"line":24,"column":65}},{"start":{"line":25,"column":16},"end":{"line":31,"column":43}}],"line":20},"17":{"loc":{"start":{"line":26,"column":20},"end":{"line":26,"column":128}},"type":"if","locations":[{"start":{"line":26,"column":20},"end":{"line":26,"column":128}},{"start":{"line":26,"column":20},"end":{"line":26,"column":128}}],"line":26},"18":{"loc":{"start":{"line":26,"column":24},"end":{"line":26,"column":106}},"type":"binary-expr","locations":[{"start":{"line":26,"column":24},"end":{"line":26,"column":74}},{"start":{"line":26,"column":79},"end":{"line":26,"column":90}},{"start":{"line":26,"column":94},"end":{"line":26,"column":105}}],"line":26},"19":{"loc":{"start":{"line":26,"column":42},"end":{"line":26,"column":73}},"type":"binary-expr","locations":[{"start":{"line":26,"column":42},"end":{"line":26,"column":54}},{"start":{"line":26,"column":58},"end":{"line":26,"column":73}}],"line":26},"20":{"loc":{"start":{"line":27,"column":20},"end":{"line":27,"column":106}},"type":"if","locations":[{"start":{"line":27,"column":20},"end":{"line":27,"column":106}},{"start":{"line":27,"column":20},"end":{"line":27,"column":106}}],"line":27},"21":{"loc":{"start":{"line":27,"column":24},"end":{"line":27,"column":77}},"type":"binary-expr","locations":[{"start":{"line":27,"column":24},"end":{"line":27,"column":35}},{"start":{"line":27,"column":40},"end":{"line":27,"column":42}},{"start":{"line":27,"column":47},"end":{"line":27,"column":59}},{"start":{"line":27,"column":63},"end":{"line":27,"column":75}}],"line":27},"22":{"loc":{"start":{"line":28,"column":20},"end":{"line":28,"column":89}},"type":"if","locations":[{"start":{"line":28,"column":20},"end":{"line":28,"column":89}},{"start":{"line":28,"column":20},"end":{"line":28,"column":89}}],"line":28},"23":{"loc":{"start":{"line":28,"column":24},"end":{"line":28,"column":53}},"type":"binary-expr","locations":[{"start":{"line":28,"column":24},"end":{"line":28,"column":35}},{"start":{"line":28,"column":39},"end":{"line":28,"column":53}}],"line":28},"24":{"loc":{"start":{"line":29,"column":20},"end":{"line":29,"column":87}},"type":"if","locations":[{"start":{"line":29,"column":20},"end":{"line":29,"column":87}},{"start":{"line":29,"column":20},"end":{"line":29,"column":87}}],"line":29},"25":{"loc":{"start":{"line":29,"column":24},"end":{"line":29,"column":43}},"type":"binary-expr","locations":[{"start":{"line":29,"column":24},"end":{"line":29,"column":25}},{"start":{"line":29,"column":29},"end":{"line":29,"column":43}}],"line":29},"26":{"loc":{"start":{"line":30,"column":20},"end":{"line":30,"column":42}},"type":"if","locations":[{"start":{"line":30,"column":20},"end":{"line":30,"column":42}},{"start":{"line":30,"column":20},"end":{"line":30,"column":42}}],"line":30},"27":{"loc":{"start":{"line":35,"column":8},"end":{"line":35,"column":35}},"type":"if","locations":[{"start":{"line":35,"column":8},"end":{"line":35,"column":35}},{"start":{"line":35,"column":8},"end":{"line":35,"column":35}}],"line":35},"28":{"loc":{"start":{"line":35,"column":52},"end":{"line":35,"column":74}},"type":"cond-expr","locations":[{"start":{"line":35,"column":60},"end":{"line":35,"column":65}},{"start":{"line":35,"column":68},"end":{"line":35,"column":74}}],"line":35},"29":{"loc":{"start":{"line":90,"column":16},"end":{"line":128,"column":17}},"type":"switch","locations":[{"start":{"line":91,"column":20},"end":{"line":91,"column":77}},{"start":{"line":92,"column":20},"end":{"line":127,"column":46}}],"line":90},"30":{"loc":{"start":{"line":95,"column":28},"end":{"line":118,"column":29}},"type":"if","locations":[{"start":{"line":95,"column":28},"end":{"line":118,"column":29}},{"start":{"line":95,"column":28},"end":{"line":118,"column":29}}],"line":95},"31":{"loc":{"start":{"line":102,"column":33},"end":{"line":118,"column":29}},"type":"if","locations":[{"start":{"line":102,"column":33},"end":{"line":118,"column":29}},{"start":{"line":102,"column":33},"end":{"line":118,"column":29}}],"line":102},"32":{"loc":{"start":{"line":102,"column":37},"end":{"line":102,"column":74}},"type":"binary-expr","locations":[{"start":{"line":102,"column":37},"end":{"line":102,"column":51}},{"start":{"line":102,"column":55},"end":{"line":102,"column":74}}],"line":102},"33":{"loc":{"start":{"line":103,"column":32},"end":{"line":105,"column":33}},"type":"if","locations":[{"start":{"line":103,"column":32},"end":{"line":105,"column":33}},{"start":{"line":103,"column":32},"end":{"line":105,"column":33}}],"line":103},"34":{"loc":{"start":{"line":111,"column":33},"end":{"line":118,"column":29}},"type":"if","locations":[{"start":{"line":111,"column":33},"end":{"line":118,"column":29}},{"start":{"line":111,"column":33},"end":{"line":118,"column":29}}],"line":111},"35":{"loc":{"start":{"line":133,"column":8},"end":{"line":182,"column":9}},"type":"if","locations":[{"start":{"line":133,"column":8},"end":{"line":182,"column":9}},{"start":{"line":133,"column":8},"end":{"line":182,"column":9}}],"line":133},"36":{"loc":{"start":{"line":139,"column":13},"end":{"line":182,"column":9}},"type":"if","locations":[{"start":{"line":139,"column":13},"end":{"line":182,"column":9}},{"start":{"line":139,"column":13},"end":{"line":182,"column":9}}],"line":139},"37":{"loc":{"start":{"line":144,"column":13},"end":{"line":182,"column":9}},"type":"if","locations":[{"start":{"line":144,"column":13},"end":{"line":182,"column":9}},{"start":{"line":144,"column":13},"end":{"line":182,"column":9}}],"line":144},"38":{"loc":{"start":{"line":144,"column":17},"end":{"line":144,"column":65}},"type":"binary-expr","locations":[{"start":{"line":144,"column":17},"end":{"line":144,"column":39}},{"start":{"line":144,"column":43},"end":{"line":144,"column":65}}],"line":144},"39":{"loc":{"start":{"line":145,"column":12},"end":{"line":161,"column":13}},"type":"if","locations":[{"start":{"line":145,"column":12},"end":{"line":161,"column":13}},{"start":{"line":145,"column":12},"end":{"line":161,"column":13}}],"line":145},"40":{"loc":{"start":{"line":145,"column":16},"end":{"line":146,"column":70}},"type":"binary-expr","locations":[{"start":{"line":145,"column":17},"end":{"line":145,"column":40}},{"start":{"line":145,"column":44},"end":{"line":145,"column":67}},{"start":{"line":146,"column":17},"end":{"line":146,"column":41}},{"start":{"line":146,"column":45},"end":{"line":146,"column":69}}],"line":145},"41":{"loc":{"start":{"line":150,"column":17},"end":{"line":161,"column":13}},"type":"if","locations":[{"start":{"line":150,"column":17},"end":{"line":161,"column":13}},{"start":{"line":150,"column":17},"end":{"line":161,"column":13}}],"line":150},"42":{"loc":{"start":{"line":150,"column":21},"end":{"line":150,"column":72}},"type":"binary-expr","locations":[{"start":{"line":150,"column":21},"end":{"line":150,"column":44}},{"start":{"line":150,"column":48},"end":{"line":150,"column":72}}],"line":150},"43":{"loc":{"start":{"line":163,"column":13},"end":{"line":182,"column":9}},"type":"if","locations":[{"start":{"line":163,"column":13},"end":{"line":182,"column":9}},{"start":{"line":163,"column":13},"end":{"line":182,"column":9}}],"line":163},"44":{"loc":{"start":{"line":170,"column":13},"end":{"line":182,"column":9}},"type":"if","locations":[{"start":{"line":170,"column":13},"end":{"line":182,"column":9}},{"start":{"line":170,"column":13},"end":{"line":182,"column":9}}],"line":170},"45":{"loc":{"start":{"line":174,"column":13},"end":{"line":182,"column":9}},"type":"if","locations":[{"start":{"line":174,"column":13},"end":{"line":182,"column":9}},{"start":{"line":174,"column":13},"end":{"line":182,"column":9}}],"line":174},"46":{"loc":{"start":{"line":190,"column":16},"end":{"line":257,"column":17}},"type":"switch","locations":[{"start":{"line":191,"column":20},"end":{"line":191,"column":69}},{"start":{"line":192,"column":20},"end":{"line":194,"column":37}},{"start":{"line":195,"column":20},"end":{"line":202,"column":37}},{"start":{"line":203,"column":20},"end":{"line":205,"column":62}},{"start":{"line":206,"column":20},"end":{"line":208,"column":48}},{"start":{"line":209,"column":20},"end":{"line":214,"column":37}},{"start":{"line":215,"column":20},"end":{"line":221,"column":65}},{"start":{"line":222,"column":20},"end":{"line":224,"column":48}},{"start":{"line":225,"column":20},"end":{"line":255,"column":48}},{"start":{"line":256,"column":20},"end":{"line":256,"column":50}}],"line":190},"47":{"loc":{"start":{"line":196,"column":24},"end":{"line":196,"column":78}},"type":"if","locations":[{"start":{"line":196,"column":24},"end":{"line":196,"column":78}},{"start":{"line":196,"column":24},"end":{"line":196,"column":78}}],"line":196},"48":{"loc":{"start":{"line":204,"column":24},"end":{"line":204,"column":78}},"type":"if","locations":[{"start":{"line":204,"column":24},"end":{"line":204,"column":78}},{"start":{"line":204,"column":24},"end":{"line":204,"column":78}}],"line":204},"49":{"loc":{"start":{"line":216,"column":24},"end":{"line":220,"column":75}},"type":"if","locations":[{"start":{"line":216,"column":24},"end":{"line":220,"column":75}},{"start":{"line":216,"column":24},"end":{"line":220,"column":75}}],"line":216},"50":{"loc":{"start":{"line":216,"column":30},"end":{"line":220,"column":48}},"type":"binary-expr","locations":[{"start":{"line":216,"column":30},"end":{"line":216,"column":54}},{"start":{"line":217,"column":28},"end":{"line":217,"column":49}},{"start":{"line":218,"column":28},"end":{"line":218,"column":51}},{"start":{"line":219,"column":28},"end":{"line":219,"column":56}},{"start":{"line":220,"column":28},"end":{"line":220,"column":48}}],"line":216},"51":{"loc":{"start":{"line":226,"column":24},"end":{"line":232,"column":25}},"type":"if","locations":[{"start":{"line":226,"column":24},"end":{"line":232,"column":25}},{"start":{"line":226,"column":24},"end":{"line":232,"column":25}}],"line":226},"52":{"loc":{"start":{"line":233,"column":31},"end":{"line":237,"column":49}},"type":"binary-expr","locations":[{"start":{"line":233,"column":33},"end":{"line":233,"column":55}},{"start":{"line":234,"column":28},"end":{"line":235,"column":33}},{"start":{"line":236,"column":28},"end":{"line":236,"column":48}},{"start":{"line":237,"column":28},"end":{"line":237,"column":49}}],"line":233},"53":{"loc":{"start":{"line":247,"column":24},"end":{"line":254,"column":25}},"type":"if","locations":[{"start":{"line":247,"column":24},"end":{"line":254,"column":25}},{"start":{"line":247,"column":24},"end":{"line":254,"column":25}}],"line":247}},"s":{"0":1,"1":6,"2":6,"3":9,"4":6,"5":6,"6":0,"7":0,"8":0,"9":0,"10":15,"11":9,"12":1,"13":9,"14":6,"15":0,"16":6,"17":9,"18":0,"19":27,"20":15,"21":15,"22":0,"23":15,"24":30,"25":30,"26":0,"27":30,"28":0,"29":30,"30":15,"31":15,"32":6,"33":6,"34":0,"35":0,"36":0,"37":0,"38":0,"39":0,"40":0,"41":9,"42":9,"43":9,"44":0,"45":0,"46":0,"47":0,"48":0,"49":0,"50":0,"51":0,"52":0,"53":0,"54":0,"55":0,"56":0,"57":0,"58":0,"59":15,"60":0,"61":0,"62":30,"63":9,"64":0,"65":9,"66":1,"67":1,"68":1,"69":1,"70":1,"71":1,"72":1,"73":1,"74":1,"75":20,"76":20,"77":20,"78":1,"79":1,"80":1,"81":1,"82":1,"83":1,"84":1,"85":1,"86":2,"87":2,"88":2,"89":2,"90":2,"91":2,"92":1,"93":1,"94":1,"95":1,"96":2,"97":1,"98":6,"99":6,"100":12,"101":6,"102":6,"103":6,"104":6,"105":1,"106":1,"107":1,"108":1,"109":1,"110":5,"111":3,"112":1,"113":2,"114":2,"115":2,"116":2,"117":2,"118":1,"119":1,"120":1,"121":1,"122":4,"123":4,"124":4,"125":4,"126":2,"127":6,"128":1,"129":10,"130":1,"131":1,"132":1,"133":1,"134":9,"135":1,"136":1,"137":1,"138":8,"139":4,"140":2,"141":2,"142":2,"143":1,"144":1,"145":1,"146":1,"147":1,"148":1,"149":4,"150":1,"151":1,"152":1,"153":1,"154":3,"155":1,"156":1,"157":2,"158":1,"159":1,"160":1,"161":1,"162":1,"163":10,"164":10,"165":10,"166":1,"167":0,"168":0,"169":0,"170":0,"171":0,"172":0,"173":0,"174":0,"175":0,"176":0,"177":0,"178":0,"179":0,"180":0,"181":0,"182":0,"183":0,"184":0,"185":0,"186":0,"187":0,"188":0,"189":0,"190":0,"191":0,"192":0,"193":0,"194":0,"195":0,"196":0,"197":0,"198":0,"199":0,"200":0,"201":0,"202":0,"203":0,"204":0,"205":0,"206":0,"207":0,"208":0,"209":0,"210":0,"211":0,"212":0,"213":0,"214":0,"215":0,"216":0,"217":0,"218":1,"219":1},"f":{"0":9,"1":6,"2":6,"3":9,"4":6,"5":0,"6":15,"7":9,"8":6,"9":0,"10":27,"11":15,"12":15,"13":1,"14":20,"15":1,"16":1,"17":1,"18":2,"19":2,"20":2,"21":6,"22":6,"23":12,"24":10,"25":0,"26":0,"27":0,"28":0},"b":{"0":[1,1,1],"1":[0,6],"2":[9,9],"3":[9,6],"4":[9,9],"5":[1,1,1],"6":[0,6],"7":[9,9],"8":[0,15],"9":[0,30],"10":[30,0,0],"11":[0,0],"12":[0,0],"13":[0,0],"14":[0,0],"15":[0,30],"16":[15,15,6,0,0,9],"17":[9,0],"18":[9,9,9],"19":[9,0],"20":[0,0],"21":[0,0,0,0],"22":[0,0],"23":[0,0],"24":[0,0],"25":[0,0],"26":[0,0],"27":[0,9],"28":[9,0],"29":[6,6],"30":[1,5],"31":[3,2],"32":[5,3],"33":[1,2],"34":[1,1],"35":[1,9],"36":[1,8],"37":[4,4],"38":[8,4],"39":[2,2],"40":[4,2,3,2],"41":[1,1],"42":[2,1],"43":[1,3],"44":[1,2],"45":[1,1],"46":[0,0,0,0,0,0,0,0,0,0],"47":[0,0],"48":[0,0],"49":[0,0],"50":[0,0,0,0,0],"51":[0,0],"52":[0,0,0,0],"53":[0,0]},"inputSourceMap":{"version":3,"file":"C:/Users/takuy/Desktop/blackjack/src/classes/Game.ts","sources":["C:/Users/takuy/Desktop/blackjack/src/classes/Game.ts"],"names":[],"mappings":";;;;;;;;;;;;;;;;;;;;;;;;;;;;;;;;;;;;;;;AAAA,+BAAiC;AACjC,4CAA8C;AAC9C,+BAAiC;AAGjC,+BAA8B;AAC9B,mCAAkC;AAClC,mCAAkC;AAElC;IAKE;QACE,IAAI,CAAC,IAAI,GAAG,IAAI,WAAI,EAAE,CAAC;QACvB,IAAI,CAAC,MAAM,GAAG,IAAI,eAAM,CAAC,IAAI,CAAC,IAAI,CAAC,CAAC;QACpC,IAAI,CAAC,MAAM,GAAG,IAAI,eAAM,CAAC,IAAI,CAAC,IAAI,CAAC,CAAC;IACtC,CAAC;IAEK,0BAAW,GAAjB;;;gBACE,oBAAoB;gBACpB,OAAO,CAAC,GAAG,CACT,MAAM,CAAC,OAAO,CACZ,MAAM,CAAC,QAAQ,CAAC,YAAY,EAAE;oBAC5B,IAAI,EAAE,WAAW;oBACjB,gBAAgB,EAAE,SAAS;oBAC3B,cAAc,EAAE,SAAS;iBAC1B,CAAC,CACH,CACF,CAAC;gBACF,YAAY,CAAC,QAAQ,CAAC,MAAM,CAAC,IAAI,CAAC,uBAAuB,CAAC,CAAC,CAAC;gBAC5D,OAAO,CAAC,GAAG,CAAC,EAAE,CAAC,CAAC;;;;KACjB;IAEK,uBAAQ,GAAd;;;;gBACE,IAAI;oBACF,IAAI,CAAC,MAAM,CAAC,WAAW,EAAE,CAAC;oBACpB,KAAK,GAAW,YAAY,CAAC,QAAQ,CACtC,MAAM,CAAC,IAAI,CAAC,gBAAgB,CAAC,MAAG,CACpC,CAAC;oBACF,IAAI,CAAC,MAAM,CAAC,MAAM,CAAC,KAAK,CAAC,CAAC;oBAC1B,OAAO,CAAC,GAAG,CAAC,MAAM,CAAC,IAAI,CAAC,MAAM,CAAC,kBAAgB,IAAI,CAAC,MAAM,CAAC,GAAK,CAAC,CAAC,CAAC;oBACnE,YAAY,CAAC,QAAQ,CAAC,MAAM,CAAC,IAAI,CAAC,SAAS,CAAC,CAAC,CAAC;oBAC9C,OAAO,CAAC,GAAG,CAAC,EAAE,CAAC,CAAC;iBACjB;gBAAC,OAAO,CAAC,EAAE;oBACV,OAAO,CAAC,GAAG,CAAC,CAAC,CAAC,OAAO,CAAC,CAAC;iBACxB;;;;KACF;IAEK,0BAAW,GAAjB;;;;;4BACiB,qBAAM,IAAI,CAAC,MAAM,CAAC,YAAY,EAAE,EAAA;;wBAAzC,MAAM,GAAG,SAAgC;wBAC/C,IAAI;4BACF,IAAI,MAAM,KAAK,GAAG,EAAE;gCAClB,IAAI,CAAC,MAAM,CAAC,GAAG,EAAE,CAAC;gCAClB,IAAI,CAAC,MAAM,CAAC,MAAM,GAAG,IAAI,CAAC;gCAC1B,YAAY,CAAC,QAAQ,CACnB,MAAM,CAAC,IAAI,CAAC,KAAK,CAAC,UAAU,CAAC,GAAG,MAAM,CAAC,IAAI,CAAC,WAAW,CAAC,CACzD,CAAC;gCACF,OAAO,CAAC,GAAG,CAAC,EAAE,CAAC,CAAC;gCAChB,IAAI,CAAC,MAAM,CAAC,aAAa,EAAE,CAAC;6BAC7B;iCAAM,IAAI,MAAM,KAAK,GAAG,IAAI,CAAC,IAAI,CAAC,MAAM,CAAC,MAAM,EAAE;gCAChD,IAAI,IAAI,CAAC,MAAM,CAAC,KAAK,GAAG,IAAI,CAAC,MAAM,CAAC,GAAG,GAAG,CAAC,EAAE;oCAC3C,MAAM,IAAI,KAAK,CACb,MAAM,CAAC,IAAI,CAAC,qDAAqD,CAAC,CACnE,CAAC;iCACH;gCACD,IAAI,CAAC,MAAM,CAAC,UAAU,EAAE,CAAC;gCACzB,YAAY,CAAC,QAAQ,CACnB,MAAM,CAAC,IAAI,CAAC,IAAI,CAAC,mBAAmB,CAAC,GAAG,MAAM,CAAC,IAAI,CAAC,WAAW,CAAC,CACjE,CAAC;gCACF,OAAO,CAAC,GAAG,CAAC,EAAE,CAAC,CAAC;gCAChB,IAAI,CAAC,MAAM,CAAC,aAAa,EAAE,CAAC;6BAC7B;iCAAM,IAAI,MAAM,KAAK,GAAG,EAAE;gCACzB,IAAI,CAAC,MAAM,CAAC,UAAU,GAAG,IAAI,CAAC;gCAC9B,YAAY,CAAC,QAAQ,CACnB,MAAM,CAAC,IAAI,CAAC,MAAM,CAAC,YAAY,CAAC,GAAG,MAAM,CAAC,IAAI,CAAC,WAAW,CAAC,CAC5D,CAAC;gCACF,OAAO,CAAC,GAAG,CAAC,EAAE,CAAC,CAAC;6BACjB;iCAAM;gCACL,MAAM,IAAI,KAAK,CAAC,oDAAoD,CAAC,CAAC;6BACvE;4BACD,IAAI,CAAC,MAAM,CAAC,UAAU,EAAE,CAAC;4BACzB,IAAI,CAAC,MAAM,CAAC,UAAU,EAAE,CAAC;4BACzB,YAAY,CAAC,QAAQ,CAAC,MAAM,CAAC,IAAI,CAAC,SAAS,CAAC,CAAC,CAAC;4BAC9C,OAAO,CAAC,GAAG,CAAC,EAAE,CAAC,CAAC;yBACjB;wBAAC,OAAO,CAAC,EAAE;4BACV,OAAO,CAAC,GAAG,CAAC,CAAC,CAAC,OAAO,CAAC,CAAC;yBACxB;;;;;KACF;IAED,0BAAW,GAAX;QACE,IAAI,IAAI,CAAC,MAAM,CAAC,QAAQ,EAAE;YACxB,IAAI,CAAC,MAAM,CAAC,KAAK,IAAI,CAAC,GAAG,IAAI,CAAC,MAAM,CAAC,GAAG,CAAC;YACzC,OAAO,CAAC,GAAG,CAAC,MAAM,CAAC,IAAI,CAAC,GAAG,CAAC,eAAe,CAAC,CAAC,CAAC;YAC9C,OAAO,CAAC,GAAG,CAAC,MAAM,CAAC,IAAI,CAAC,GAAG,CAA
[...]
"column":12},"end":{"line":95,"column":66}},"52":{"start":{"line":97,"column":13},"end":{"line":102,"column":9}},"53":{"start":{"line":98,"column":12},"end":{"line":98,"column":72}},"54":{"start":{"line":101,"column":12},"end":{"line":101,"column":37}},"55":{"start":{"line":103,"column":8},"end":{"line":103,"column":31}},"56":{"start":{"line":105,"column":4},"end":{"line":119,"column":6}},"57":{"start":{"line":106,"column":27},"end":{"line":106,"column":50}},"58":{"start":{"line":107,"column":8},"end":{"line":116,"column":9}},"59":{"start":{"line":107,"column":21},"end":{"line":107,"column":22}},"60":{"start":{"line":108,"column":12},"end":{"line":114,"column":13}},"61":{"start":{"line":110,"column":16},"end":{"line":110,"column":110}},"62":{"start":{"line":113,"column":16},"end":{"line":113,"column":112}},"63":{"start":{"line":115,"column":12},"end":{"line":115,"column":33}},"64":{"start":{"line":117,"column":8},"end":{"line":117,"column":29}},"65":{"start":{"line":118,"column":8},"end":{"line":118,"column":34}},"66":{"start":{"line":120,"column":4},"end":{"line":131,"column":6}},"67":{"start":{"line":121,"column":27},"end":{"line":121,"column":57}},"68":{"start":{"line":122,"column":8},"end":{"line":128,"column":9}},"69":{"start":{"line":124,"column":12},"end":{"line":124,"column":144}},"70":{"start":{"line":127,"column":12},"end":{"line":127,"column":146}},"71":{"start":{"line":129,"column":8},"end":{"line":129,"column":29}},"72":{"start":{"line":130,"column":8},"end":{"line":130,"column":34}},"73":{"start":{"line":132,"column":4},"end":{"line":137,"column":6}},"74":{"start":{"line":133,"column":8},"end":{"line":133,"column":36}},"75":{"start":{"line":134,"column":8},"end":{"line":134,"column":31}},"76":{"start":{"line":135,"column":8},"end":{"line":135,"column":22}},"77":{"start":{"line":136,"column":8},"end":{"line":136,"column":41}},"78":{"start":{"line":138,"column":4},"end":{"line":144,"column":6}},"79":{"start":{"line":139,"column":23},"end":{"line":141,"column":240}},"80":{"start":{"line":142,"column":21},"end":{"line":142,"column":52}},"81":{"start":{"line":143,"column":8},"end":{"line":143,"column":22}},"82":{"start":{"line":145,"column":4},"end":{"line":145,"column":18}},"83":{"start":{"line":147,"column":0},"end":{"line":147,"column":24}}},"fnMap":{"0":{"name":"(anonymous_0)","decl":{"start":{"line":2,"column":45},"end":{"line":2,"column":46}},"loc":{"start":{"line":2,"column":57},"end":{"line":14,"column":1}},"line":2},"1":{"name":"(anonymous_1)","decl":{"start":{"line":3,"column":24},"end":{"line":3,"column":25}},"loc":{"start":{"line":3,"column":40},"end":{"line":8,"column":5}},"line":3},"2":{"name":"(anonymous_2)","decl":{"start":{"line":5,"column":51},"end":{"line":5,"column":52}},"loc":{"start":{"line":5,"column":67},"end":{"line":5,"column":87}},"line":5},"3":{"name":"(anonymous_3)","decl":{"start":{"line":6,"column":12},"end":{"line":6,"column":13}},"loc":{"start":{"line":6,"column":28},"end":{"line":6,"column":109}},"line":6},"4":{"name":"(anonymous_4)","decl":{"start":{"line":9,"column":11},"end":{"line":9,"column":12}},"loc":{"start":{"line":9,"column":27},"end":{"line":13,"column":5}},"line":9},"5":{"name":"__","decl":{"start":{"line":11,"column":17},"end":{"line":11,"column":19}},"loc":{"start":{"line":11,"column":22},"end":{"line":11,"column":47}},"line":11},"6":{"name":"(anonymous_6)","decl":{"start":{"line":20,"column":28},"end":{"line":20,"column":29}},"loc":{"start":{"line":20,"column":46},"end":{"line":146,"column":1}},"line":20},"7":{"name":"Player","decl":{"start":{"line":22,"column":13},"end":{"line":22,"column":19}},"loc":{"start":{"line":22,"column":26},"end":{"line":30,"column":5}},"line":22},"8":{"name":"(anonymous_8)","decl":{"start":{"line":32,"column":13},"end":{"line":32,"column":14}},"loc":{"start":{"line":32,"column":25},"end":{"line":34,"column":9}},"line":32},"9":{"name":"(anonymous_9)","decl":{"start":{"line":35,"column":13},"end":{"line":35,"column":14}},"loc":{"start":{"line":35,"column":30},"end":{"line":37,"column":9}},"line":35},"10":{"name":"(anonymous_10)","decl":{"start":{"line":42,"column":13},"end":{"line":42,"column":14}},"loc":{"start":{"line":42,"column":25},"end":{"line":44,"column":9}},"line":42},"11":{"name":"(anonymous_11)","decl":{"start":{"line":45,"column":13},"end":{"line":45,"column":14}},"loc":{"start":{"line":45,"column":28},"end":{"line":47,"column":9}},"line":45},"12":{"name":"(anonymous_12)","decl":{"start":{"line":52,"column":13},"end":{"line":52,"column":14}},"loc":{"start":{"line":52,"column":25},"end":{"line":54,"column":9}},"line":52},"13":{"name":"(anonymous_13)","decl":{"start":{"line":55,"column":13},"end":{"line":55,"column":14}},"loc":{"start":{"line":55,"column":31},"end":{"line":57,"column":9}},"line":55},"14":{"name":"(anonymous_14)","decl":{"start":{"line":62,"column":13},"end":{"line":62,"column":14}},"loc":{"start":{"line":62,"column":25},"end":{"line":64,"column":9}},"line":62},"15":{"name":"(anonymous_15)","decl":{"start":{"line":65,"column":13},"end":{"line":65,"column":14}},"loc":{"start":{"line":65,"column":40},"end":{"line":67,"column":9}},"line":65},"16":{"name":"(anonymous_16)","decl":{"start":{"line":72,"column":13},"end":{"line":72,"column":14}},"loc":{"start":{"line":72,"column":25},"end":{"line":74,"column":9}},"line":72},"17":{"name":"(anonymous_17)","decl":{"start":{"line":75,"column":13},"end":{"line":75,"column":14}},"loc":{"start":{"line":75,"column":35},"end":{"line":77,"column":9}},"line":75},"18":{"name":"(anonymous_18)","decl":{"start":{"line":81,"column":29},"end":{"line":81,"column":30}},"loc":{"start":{"line":81,"column":41},"end":{"line":87,"column":5}},"line":81},"19":{"name":"(anonymous_19)","decl":{"start":{"line":88,"column":35},"end":{"line":88,"column":36}},"loc":{"start":{"line":88,"column":47},"end":{"line":90,"column":5}},"line":88},"20":{"name":"(anonymous_20)","decl":{"start":{"line":91,"column":30},"end":{"line":91,"column":31}},"loc":{"start":{"line":91,"column":47},"end":{"line":104,"column":5}},"line":91},"21":{"name":"(anonymous_21)","decl":{"start":{"line":105,"column":34},"end":{"line":105,"column":35}},"loc":{"start":{"line":105,"column":46},"end":{"line":119,"column":5}},"line":105},"22":{"name":"(anonymous_22)","decl":{"start":{"line":120,"column":37},"end":{"line":120,"column":38}},"loc":{"start":{"line":120,"column":49},"end":{"line":131,"column":5}},"line":120},"23":{"name":"(anonymous_23)","decl":{"start":{"line":132,"column":34},"end":{"line":132,"column":35}},"loc":{"start":{"line":132,"column":46},"end":{"line":137,"column":5}},"line":132},"24":{"name":"(anonymous_24)","decl":{"start":{"line":138,"column":36},"end":{"line":138,"column":37}},"loc":{"start":{"line":138,"column":48},"end":{"line":144,"column":5}},"line":138}},"branchMap":{"0":{"loc":{"start":{"line":2,"column":16},"end":{"line":14,"column":4}},"type":"binary-expr","locations":[{"start":{"line":2,"column":17},"end":{"line":2,"column":21}},{"start":{"line":2,"column":25},"end":{"line":2,"column":39}},{"start":{"line":2,"column":44},"end":{"line":14,"column":4}}],"line":2},"1":{"loc":{"start":{"line":4,"column":24},"end":{"line":6,"column":109}},"type":"binary-expr","locations":[{"start":{"line":4,"column":24},"end":{"line":4,"column":45}},{"start":{"line":5,"column":13},"end":{"line":5,"column":47}},{"start":{"line":5,"column":51},"end":{"line":5,"column":87}},{"start":{"line":6,"column":12},"end":{"line":6,"column":109}}],"line":4},"2":{"loc":{"start":{"line":6,"column":47},"end":{"line":6,"column":107}},"type":"if","locations":[{"start":{"line":6,"column":47},"end":{"line":6,"column":107}},{"start":{"line":6,"column":47},"end":{"line":6,"column":107}}],"line":6},"3":{"loc":{"start":{"line":12,"column":22},"end":{"line":12,"column":92}},"type":"cond-expr","locations":[{"start":{"line":12,"column":35},"end":{"line":12,"column":51}},{"start":{"line":12,"column":55},"end":{"line":12,"column":91}}],"line":12},"4":{"loc":{"start":{"line":23,"column":20},"end":{"line":23,"column":51}},"type":"binary-expr","locations":[{"start":{"line":23,"column":20},"end":{"line":23,"column":43}},{"start":{"line":23,"column":47},"end":{"line":23,"column":51}}],"line":23},"5":{"loc":{"start":{"line":92,"column":8},"end":{"line":102,"column":9}},"type":"if","locations":[{"start":{"line":92,"column":8},"end":{"line":102,"column":9}},{"start":{"line":92,"column":8},"end":{"line":102,"column":9}}],"line":92},"6":{"loc":{"start":{"line":92,"column":12},"end":{"line":94,"column":30}},"type":"binary-expr","locations":[{"start":{"line":92,"column":12},"end":{"line":92,"column":32}},{"start":{"line":93,"column":12},"end":{"line":93,"column":44}},{"start":{"line":94,"column":12},"end":{"line":94,"column":30}}],"line":92},"7":{"loc":{"start":{"line":97,"column":13},"end":{"line":102,"column":9}},"type":"if","locations":[{"start":{"line":97,"column":13},"end":{"line":102,"column":9}},{"start":{"line":97,"column":13},"end":{"line":102,"column":9}}],"line":97},"8":{"loc":{"start":{"line":108,"column":12},"end":{"line":114,"column":13}},"type":"if","locations":[{"start":{"line":108,"column":12},"end":{"line":114,"column":13}},{"start":{"line":108,"column":12},"end":{"line":114,"column":13}}],"line":108},"9":{"loc":{"start":{"line":108,"column":16},"end":{"line":109,"column":68}},"type":"binary-expr","locations":[{"start":{"line":108,"column":16},"end":{"line":108,"column":68}},{"start":{"line":109,"column":16},"end":{"line":109,"column":68}}],"line":108},"10":{"loc":{"start":{"line":122,"column":8},"end":{"line":128,"column":9}},"type":"if","locations":[{"start":{"line":122,"column":8},"end":{"line":128,"column":9}},{"start":{"line":122,"column":8},"end":{"line":128,"column":9}}],"line":122},"11":{"loc":{"start":{"line":122,"column":12},"end":{"line":123,"column":83}},"type":"binary-expr","locations":[{"start":{"line":122,"column":12},"end":{"line":122,"column":83}},{"start":{"line":123,"column":12},"end":{"line":123,"column":83}}],"line":122},"12":{"loc":{"start":{"line":139,"column":23},"end":{"line":141,"column":240}},"type":"cond-expr","locations":[{"start":{"line":140,"column":14},"end":{"line":140,"column":173}},{"start":{"line":141,"column":14},"end":{"line":141,"column":240}}],"line":139}},"s":{"0":1,"1":1,"2":1,"3":0,"4":0,"5":0,"6":0,"7":1,"8":1,"9":1,"10":1,"11":1,"12":1,"13":1,"14":1,"15":1,"16":1,"17":1,"18":1,"19":47,"20":47,"21":47,"22":47,"23":47,"24":47,"25":47,"26":1,"27":41,"28":26,"29":1,"30":28,"31":20,"32":1,"33":9,"34":6,"35":1,"36":4,"37":3,"38":1,"39":4,"40":3,"41":1,"42":1,"43":1,"44":1,"45":1,"46":1,"47":1,"48":11,"49":1,"50":7,"51":4,"52":3,"53":1,"54":2,"55":2,"56":1,"57":1,"58":1,"59":1,"60":4,"61":2,"62":2,"63":4,"64":1,"65":1,"66":1,"67":2,"68":2,"69":1,"70":1,"71":2,"72":2,"73":1,"74":1,"75":1,"76":1,"77":1,"78":1,"79":2,"80":2,"81":2,"82":1,"83":1},"f":{"0":1,"1":1,"2":0,"3":0,"4":1,"5":1,"6":1,"7":47,"8":41,"9":26,"10":28,"11":20,"12":9,"13":6,"14":4,"15":3,"16":4,"17":3,"18":1,"19":11,"20":7,"21":1,"22":2,"23":1,"24":2},"b":{"0":[1,1,1],"1":[1,0,0,0],"2":[0,0],"3":[0,1],"4":[47,47],"5":[4,3],"6":[7,6,5],"7":[1,2],"8":[2,2],"9":[4,3],"10":[1,1],"11":[2,1],"12":[1,1]},"inputSourceMap":{"version":3,"file":"C:/Users/takuy/Desktop/blackjack/src/classes/Player.ts","sources":["C:/Users/takuy/Desktop/blackjack/src/classes/Player.ts"],"names":[],"mappings":";;;;;;;;;;;;;;;;AAAA,4CAA8C;AAC9C,+BAAiC;AAGjC,6CAA4C;AAE5C;IAA4B,0BAAW;IAOrC,gBAAY,IAAU;QAAtB,YACE,kBAAM,IAAI,CAAC,SAMZ;QALC,KAAI,CAAC,MAAM,GAAG,IAAI,CAAC;QACnB,KAAI,CAAC,IAAI,GAAG,CAAC,CAAC;QACd,KAAI,CAAC,OAAO,GAAG,KAAK,CAAC;QACrB,KAAI,CAAC,gBAAgB,GAAG,KAAK,CAAC;QAC9B,KAAI,CAAC,WAAW,GAAG,KAAK,CAAC;;IAC3B,CAAC;IAED,sBAAI,yBAAK;aAAT;YACE,OAAO,IAAI,CAAC,MAAM,CAAC;QACrB,CAAC;aAED,UAAU,KAAa;YACrB,IAAI,CAAC,MAAM,GAAG,KAAK,CAAC;QACtB,CAAC;;;OAJA;IAMD,sBAAI,uBAAG;aAAP;YACE,OAAO,IAAI,CAAC,IAAI,CAAC;QACnB,CAAC;aAED,UAAQ,GAAW;YACjB,IAAI,CAAC,IAAI,GAAG,GAAG,CAAC;QAClB,CAAC;;;OAJA;IAMD,sBAAI,0BAAM;aAAV;YACE,OAAO,IAAI,CAAC,OAAO,CAAC;QACtB,CAAC;aAED,UAAW,MAAe;YACxB,IAAI,CAAC,OAAO,GAAG,MAAM,CAAC;QACxB,CAAC;;;OAJA;IAMD,sBAAI,mCAAe;aAAnB;YACE,OAAO,IAAI,CAAC,gBAAgB,CAAC;QAC/B,CAAC;aAED,UAAoB,eAAwB;YAC1C,IAAI,CAAC,gBAAgB,GAAG,eAAe,CAAC;QAC1C,CAAC;;;OAJA;IAMD,sBAAI,8BAAU;aAAd;YACE,OAAO,IAAI,CAAC,WAAW,CAAC;QAC1B,CAAC;aAED,UAAe,UAAmB;YAChC,IAAI,CAAC,WAAW,GAAG,UAAU,CAAC;QAChC,CAAC;;;OAJA;IAMD,sBAAK,GAAL;QACE,IAAI,CAAC,IAAI,GAAG,EAAE,CAAC;QACf,IAAI,CAAC,GAAG,GAAG,CAAC,CAAC;QACb,IAAI,CAAC,MAAM,GAAG,KAAK,CAAC;QACpB,IAAI,CAAC,eAAe,GAAG,KAAK,CAAC;QAC7B,IAAI,CAAC,UAAU,GAAG,KAAK,CAAC;IAC1B,CAAC;IAED,4BAAW,GAAX;QACE,OAAO,CAAC,GAAG,CACT,MAAM,CAAC,IAAI,CAAC,MAAM,CAAC,cAAc,CAAC,GAAG,MAAM,CAAC,IAAI,CAAC,MAAM,CAAC,MAAI,IAAI,CAAC,KAAO,CAAC,CAC1E,CAAC;IACJ,CAAC;IAED,uBAAM,GAAN,UAAO,KAAa;QAClB,IACE,KAAK,CAAC,MAAM,CAAC,KAAK,CAAC,CAAC;YACpB,CAAC,MAAM,CAAC,SAAS,CAAC,MAAM,CAAC,KAAK,CAAC,CAAC;YAChC,MAAM,CAAC,KAAK,CAAC,IAAI,CAAC,EAClB;YACA,MAAM,IAAI,KAAK,CAAC,oCAAoC,CAAC,CAAC;SACvD;aAAM,IAAI,MAAM,CAAC,KAAK,CAAC,GAAG,IAAI,CAAC,KAAK,EAAE;YACrC,MAAM,IAAI,KAAK,CAAC,0CAA0C,CAAC,CAAC;SAC7D;aAAM;YACL,IAAI,CAAC,GAAG,GAAG,MAAM,CAAC,KAAK,CAAC,CAAC;SAC1B;QACD,IAAI,CAAC,KAAK,IAAI,IAAI,CAAC,GAAG,CAAC;IACzB,CAAC;IAED,2BAAU,GAAV;QACE,IAAI,YAAY,GAAG,MAAM,CAAC,IAAI,CAAC,UAAU,CAAC,CAAC;QAC3C,KAAK,IAAI,CAAC,GAAG,CAAC,EAAE,CAAC,GAAG,IAAI,CAAC,IAAI,CAAC,MAAM,EAAE,CAAC,EAAE,EAAE;YACzC,IACE,IAAI,CAAC,IAAI,CAAC,CAAC,CAAC,CAAC,MAAM,KAAK,MAAM,CAAC,aAAa,CAAC,MAAM,CAAC;gBACpD,IAAI,CAAC,IAAI,CAAC,CAAC,CAAC,CAAC,MAAM,KAAK,MAAM,CAAC,aAAa,CAAC,MAAM,CAAC,EACpD;gBACA,YAAY,IAAI,MAAM,CAAC,GAAG,CAAC,OAAO,CAChC,MAAI,IAAI,CAAC,IAAI,CAAC,CAAC,CAAC,CAAC,MAAM,SAAI,IAAI,CAAC,IAAI,CAAC,CAAC,CAAC,CAAC,IAAI,MAAG,CAChD,CAAC;aACH;iBAAM;gBACL,YAAY,IAAI,MAAM,CAAC,KAAK,CAAC,OAAO,CAClC,MAAI,IAAI,CAAC,IAAI,CAAC,CAAC,CAAC,CAAC,MAAM,SAAI,IAAI,CAAC,IAAI,CAAC,CAAC,CAAC,CAAC,IAAI,MAAG,CAChD,CAAC;aACH;YACD,YAAY,IAAI,IAAI,CAAC;SACtB;QACD,YAAY,IAAI,IAAI,CAAC;QACrB,OAAO,CAAC,GAAG,CAAC,YAAY,CAAC,CAAC;IAC5B,CAAC;IAED,8BAAa,GAAb;QACE,IAAI,YAAY,GAAG,MAAM,CAAC,IAAI,CAAC,iBAAiB,CAAC,CAAC;QAClD,IACE,IAAI,CAAC,IAAI,CAAC,IAAI,CAAC,IAAI,CAAC,MAAM,GAAG,CAAC,CAAC,CAAC,MAAM,KAAK,MAAM,CAAC,aAAa,CAAC,MAAM,CAAC;YACvE,IAAI,CAAC,IAAI,CAAC,IAAI,CAAC,IAAI,CAAC,MAAM,GAAG,CAAC,CAAC,CAAC,MAAM,KAAK,MAAM,CAAC,aAAa,CAAC,MAAM,CAAC,EACvE;YACA,YAAY,IAAI,MAAM,CAAC,GAAG,CAAC,OAAO,CAChC,MAAI,IAAI,CAAC,IAAI,CAAC,IAAI,CAAC,IAAI,CAAC,MAAM,GAAG,CAAC,CAAC,CAAC,MAAM,SACxC,IAAI,CAAC,IAAI,CAAC,IAAI,CAAC,IAAI,CAAC,MAAM,GAAG,CAAC,CAAC,CAAC,IAAI,MACnC,CACJ,CAAC;SACH;aAAM;YACL,YAAY,IAAI,MAAM,CAAC,KAAK,CAAC,OAAO,CAClC,MAAI,IAAI,CAAC,IAAI,CAAC,IAAI,CAAC,IAAI,CAAC,MAAM,GAAG,CAAC,CAAC,CAAC,MAAM,SACxC,IAAI,CAAC,IAAI,CAAC,IAAI,CAAC,IAAI,CAAC,MAAM,GAAG,CAAC,CAAC,CAAC,IAAI,MACnC,CACJ,CAAC;SACH;QACD,YAAY,IAAI,IAAI,CAAC;QACrB,OAAO,CAAC,GAAG,CAAC,YAAY,CAAC,CAAC;IAC5B,CAAC;IAED,2BAAU,GAAV;QACE,IAAI,CAAC,eAAe,GAAG,IAAI,CAAC;QAC5B,IAAI,CAAC,KAAK,IAAI,IAAI,CAAC,GAAG,CAAC;QACvB,IAAI,CAAC,GAAG,IAAI,CAAC,CAAC;QACd,IAAI,CAAC,IAAI,CAAC,IAAI,CAAC,IAAI,CAAC,IAAI,CAAC,IAAI,EAAE,CAAC,CAAC;IACnC,CAAC;IAED,6BAAY,GAAZ;QACE,IAAM,QAAQ,GAAG,IAAI,CAAC,MAAM;YAC1B,CAAC,CAAI,MAAM,CAAC,IAAI,CAAC,qBAAqB,CAAC,SAAI,MAAM,CAAC,IAAI,CAAC,KAAK,CACxD,QAAQ,CACT,SAAI,MAAM,CAAC,IAAI,CAAC,GAAG,CAAC,SAAI,MAAM,CAAC,IAAI,CAAC,MAAM,CAAC,UAAU,CAAC,GAAG,MAAM,CAAC,IAAI,CACnE,GAAG,CACJ,MAAG;YACN,CAAC,CAAI,MAAM,CAAC,IAAI,CAAC,qBAAqB,CAAC,SAAI,MAAM,CAAC,IAAI,CAAC,KAAK,CACxD,QAAQ,CACT,SAAI,MAAM,CAAC,IAAI,CAAC,GAAG,CAAC,SAAI,MAAM,CAAC,IAAI,CAAC,IAAI,CACvC,eAAe,CAChB,SAAI,MAAM,CAAC,IAAI,CAAC,GAAG,CAAC,SAAI,MAAM,CAAC,IAAI,CAAC,MAAM,CAAC,UAAU,CAAC,GAAG,MAAM,CAAC,IAAI,CACnE,GAAG,CACJ,MAAG,CAAC;QACT,IAAM,MAAM,GAAG,YAAY,CAAC,QAAQ,CAAC,QAAQ,CAAC,CAAC;QAC/C,OAAO,MAAM,CAAC;IAChB,CAAC;IACH,aAAC;AAAD,CAAC,AAxJD,CAA4B,yBAAW,GAwJtC;AAxJY,wBAAM","sourcesContent":["import * as readlineSync from \"readline-sync\";\nimport * as colors from \"colors\";\n\nimport { Deck } from \"./Deck\";\nimport { Participant } from \"./Participant\";\n\nexport class Player extends Participant {\n  private _money: number;\n  private _bet: number;\n  private _hasHit: boolean;\n  private _hasDoubleDowned: boolean;\n  private _isStanding: boolean;\n\n  constructor(deck: Deck) {\n    super(deck);\n    this._money = 1000;\n    this._bet = 0;\n    this._hasHit = false;\n    this._hasDoubleDowned = false;\n    this._isStanding = false;\n  }\n\n  get money(): number {\n    return this._money;\n  }\n\n  set money(money: number) {\n    this._money = money;\n  }\n\n  get bet(): number {\n    return this._bet;\n  }\n\n  set bet(bet: number) {\n    this._bet = bet;\n  }\n\n  get hasHit(): boolean {\n    return this._hasHit;\n  }\n\n  set hasHit(hasHit: boolean) {\n    this._hasHit = hasHit;\n  }\n\n  get hasDoubleDowned(): boolean {\n    return this._hasDoubleDowned;\n  }\n\n  set hasDoubleDowned(hasDoubleDowned: boolean) {\n    this._hasDoubleDowned = hasDoubleDowned;\n  }\n\n  get isStanding(): boolean {\n    return this._isStanding;\n  }\n\n  set isStanding(isStanding: boolean) {\n    this._isStanding = isStanding;\n  }\n\n  clear(): void {\n    this.hand = [];\n    this.bet = 0;\n    this.hasHit = false;\n    this.hasDoubleDowned = false;\n    this.isStanding = false;\n  }\n\n  renderMoney(): void {\n    console.log(\n      colors.bold.yellow(\"Your money: \") + colors.bold.yellow(`$${this.money}`)\n    );\n  }\n\n  setBet(input: string): void {\n    if (\n      isNaN(Number(input)) ||\n      !Number.isInteger(Number(input)) ||\n      Number(input) <= 0\n    ) {\n      throw new Error(\"\\nPlease input a positive integer.\");\n    } else if (Number(input) > this.money) {\n      throw new Error(\"\\nPlease bet an amount of money you can.\");\n    } else {\n      this.bet = Number(input);\n    }\n    this.money -= this.bet;\n  }\n\n  renderHand(): void {\n    let renderedHand = colors.bold(`You:    `);\n    for (let i = 0; i < this.hand.length; i++) {\n      if (\n        this.hand[i].symbol === String.fromCodePoint(0x2665) ||\n        this.hand[i].symbol === String.fromCodePoint(0x2666)\n      ) {\n        renderedHand += colors.red.bgWhite(\n          ` ${this.hand[i].symbol} ${this.hand[i].rank} `\n        );\n      } else {\n        renderedHand += colors.black.bgWhite(\n          ` ${this.hand[i].symbol} ${this.hand[i].rank} `\n        );\n      }\n      renderedHand += \"  \";\n    }\n    renderedHand += \"\\n\";\n    console.log(renderedHand);\n  }\n\n  renderNewCard(): void {\n    let renderedCard = colors.bold(\"Your new card: \");\n    if (\n      this.hand[this.hand.length - 1].symbol === String.fromCodePoint(0x2665) ||\n      this.hand[this.hand.length - 1].symbol === String.fromCodePoint(0x2666)\n    ) {\n      renderedCard += colors.red.bgWhite(\n        ` ${this.hand[this.hand.length - 1].symbol} ${\n          this.hand[this.hand.length - 1].rank\n        } `\n      );\n    } else {\n      renderedCard += colors.black.bgWhite(\n        ` ${this.hand[this.hand.length - 1].symbol} ${\n          this.hand[this.hand.length - 1].rank\n        } `\n      );\n    }\n    renderedCard += \"\\n\";\n    console.log(renderedCard);\n  }\n\n  doubleDown(): void {\n    this.hasDoubleDowned = true;\n    this.money -= this.bet;\n    this.bet *= 2;\n    this.hand.push(this.deck.draw());\n  }\n\n  selectAction(): string {\n    const question = this.hasHit\n      ? `${colors.bold(\"Select Your Action.\")} ${colors.bold.green(\n          \"Hit[h]\"\n        )} ${colors.bold(\"/\")} ${colors.bold.yellow(\"Stand[s]\")}${colors.bold(\n          \":\"\n        )} `\n      : `${colors.bold(\"Select Your Action.\")} ${colors.bold.green(\n          \"Hit[h]\"\n        )} ${colors.bold(\"/\")} ${colors.bold.cyan(\n          \"DoubleDown[d]\"\n        )} ${colors.bold(\"/\")} ${colors.bold.yellow(\"Stand[s]\")}${colors.bold(\n          \":\"\n        )} `;\n    const answer = readlineSync.question(question);\n    return answer;\n  }\n}\n"]},"_coverageSchema":"1a1c01bbd47fc00a2c39e90264f33305004495a9","hash":"1309b6b7cb2f6da9ca7dd197344bccf2bd76839b","contentHash":"914faf86206f21a5a22abeca0b8d52589b9443721f09974b0f7a41a523752455"}}