{"C:\\Users\\takuy\\Desktop\\blackjack\\src\\classes\\Card.ts": {"path":"C:\\Users\\takuy\\Desktop\\blackjack\\src\\classes\\Card.ts","all":false,"statementMap":{"0":{"start":{"line":1,"column":0},"end":{"line":1,"column":71}},"1":{"start":{"line":2,"column":0},"end":{"line":2,"column":76}},"2":{"start":{"line":3,"column":0},"end":{"line":3,"column":41}},"3":{"start":{"line":4,"column":0},"end":{"line":4,"column":42}},"4":{"start":{"line":5,"column":0},"end":{"line":5,"column":44}},"5":{"start":{"line":6,"column":0},"end":{"line":6,"column":42}},"6":{"start":{"line":7,"column":0},"end":{"line":7,"column":3}},"7":{"start":{"line":8,"column":0},"end":{"line":8,"column":51}},"8":{"start":{"line":9,"column":0},"end":{"line":9,"column":50}},"9":{"start":{"line":10,"column":0},"end":{"line":10,"column":0}},"10":{"start":{"line":11,"column":0},"end":{"line":11,"column":35}},"11":{"start":{"line":12,"column":0},"end":{"line":12,"column":3}},"12":{"start":{"line":13,"column":0},"end":{"line":13,"column":14}},"13":{"start":{"line":14,"column":0},"end":{"line":14,"column":14}},"14":{"start":{"line":15,"column":0},"end":{"line":15,"column":4}},"15":{"start":{"line":16,"column":0},"end":{"line":16,"column":3}},"16":{"start":{"line":17,"column":0},"end":{"line":17,"column":14}},"17":{"start":{"line":18,"column":0},"end":{"line":18,"column":14}},"18":{"start":{"line":19,"column":0},"end":{"line":19,"column":4}},"19":{"start":{"line":20,"column":0},"end":{"line":20,"column":3}},"20":{"start":{"line":21,"column":0},"end":{"line":21,"column":14}},"21":{"start":{"line":22,"column":0},"end":{"line":22,"column":14}},"22":{"start":{"line":23,"column":0},"end":{"line":23,"column":4}},"23":{"start":{"line":24,"column":0},"end":{"line":24,"column":3}},"24":{"start":{"line":25,"column":0},"end":{"line":25,"column":14}},"25":{"start":{"line":26,"column":0},"end":{"line":26,"column":14}},"26":{"start":{"line":27,"column":0},"end":{"line":27,"column":4}},"27":{"start":{"line":28,"column":0},"end":{"line":28,"column":3}},"28":{"start":{"line":29,"column":0},"end":{"line":29,"column":14}},"29":{"start":{"line":30,"column":0},"end":{"line":30,"column":14}},"30":{"start":{"line":31,"column":0},"end":{"line":31,"column":4}},"31":{"start":{"line":32,"column":0},"end":{"line":32,"column":3}},"32":{"start":{"line":33,"column":0},"end":{"line":33,"column":14}},"33":{"start":{"line":34,"column":0},"end":{"line":34,"column":14}},"34":{"start":{"line":35,"column":0},"end":{"line":35,"column":4}},"35":{"start":{"line":36,"column":0},"end":{"line":36,"column":3}},"36":{"start":{"line":37,"column":0},"end":{"line":37,"column":14}},"37":{"start":{"line":38,"column":0},"end":{"line":38,"column":14}},"38":{"start":{"line":39,"column":0},"end":{"line":39,"column":4}},"39":{"start":{"line":40,"column":0},"end":{"line":40,"column":3}},"40":{"start":{"line":41,"column":0},"end":{"line":41,"column":14}},"41":{"start":{"line":42,"column":0},"end":{"line":42,"column":14}},"42":{"start":{"line":43,"column":0},"end":{"line":43,"column":4}},"43":{"start":{"line":44,"column":0},"end":{"line":44,"column":3}},"44":{"start":{"line":45,"column":0},"end":{"line":45,"column":14}},"45":{"start":{"line":46,"column":0},"end":{"line":46,"column":14}},"46":{"start":{"line":47,"column":0},"end":{"line":47,"column":4}},"47":{"start":{"line":48,"column":0},"end":{"line":48,"column":3}},"48":{"start":{"line":49,"column":0},"end":{"line":49,"column":15}},"49":{"start":{"line":50,"column":0},"end":{"line":50,"column":15}},"50":{"start":{"line":51,"column":0},"end":{"line":51,"column":4}},"51":{"start":{"line":52,"column":0},"end":{"line":52,"column":3}},"52":{"start":{"line":53,"column":0},"end":{"line":53,"column":15}},"53":{"start":{"line":54,"column":0},"end":{"line":54,"column":14}},"54":{"start":{"line":55,"column":0},"end":{"line":55,"column":4}},"55":{"start":{"line":56,"column":0},"end":{"line":56,"column":3}},"56":{"start":{"line":57,"column":0},"end":{"line":57,"column":15}},"57":{"start":{"line":58,"column":0},"end":{"line":58,"column":14}},"58":{"start":{"line":59,"column":0},"end":{"line":59,"column":4}},"59":{"start":{"line":60,"column":0},"end":{"line":60,"column":3}},"60":{"start":{"line":61,"column":0},"end":{"line":61,"column":15}},"61":{"start":{"line":62,"column":0},"end":{"line":62,"column":14}},"62":{"start":{"line":63,"column":0},"end":{"line":63,"column":4}},"63":{"start":{"line":64,"column":0},"end":{"line":64,"column":11}},"64":{"start":{"line":65,"column":0},"end":{"line":65,"column":0}},"65":{"start":{"line":66,"column":0},"end":{"line":66,"column":43}},"66":{"start":{"line":67,"column":0},"end":{"line":67,"column":49}},"67":{"start":{"line":68,"column":0},"end":{"line":68,"column":2}},"68":{"start":{"line":69,"column":0},"end":{"line":69,"column":45}},"69":{"start":{"line":70,"column":0},"end":{"line":70,"column":0}},"70":{"start":{"line":71,"column":0},"end":{"line":71,"column":41}},"71":{"start":{"line":72,"column":0},"end":{"line":72,"column":47}},"72":{"start":{"line":73,"column":0},"end":{"line":73,"column":2}},"73":{"start":{"line":74,"column":0},"end":{"line":74,"column":41}},"74":{"start":{"line":75,"column":0},"end":{"line":75,"column":0}},"75":{"start":{"line":76,"column":0},"end":{"line":76,"column":19}},"76":{"start":{"line":77,"column":0},"end":{"line":77,"column":14}},"77":{"start":{"line":78,"column":0},"end":{"line":78,"column":41}},"78":{"start":{"line":79,"column":0},"end":{"line":79,"column":41}},"79":{"start":{"line":80,"column":0},"end":{"line":80,"column":36}},"80":{"start":{"line":81,"column":0},"end":{"line":81,"column":6}},"81":{"start":{"line":82,"column":0},"end":{"line":82,"column":0}},"82":{"start":{"line":83,"column":0},"end":{"line":83,"column":24}},"83":{"start":{"line":84,"column":0},"end":{"line":84,"column":24}},"84":{"start":{"line":85,"column":0},"end":{"line":85,"column":3}},"85":{"start":{"line":86,"column":0},"end":{"line":86,"column":0}},"86":{"start":{"line":87,"column":0},"end":{"line":87,"column":24}},"87":{"start":{"line":88,"column":0},"end":{"line":88,"column":50}},"88":{"start":{"line":89,"column":0},"end":{"line":89,"column":3}},"89":{"start":{"line":90,"column":0},"end":{"line":90,"column":0}},"90":{"start":{"line":91,"column":0},"end":{"line":91,"column":22}},"91":{"start":{"line":92,"column":0},"end":{"line":92,"column":22}},"92":{"start":{"line":93,"column":0},"end":{"line":93,"column":3}},"93":{"start":{"line":94,"column":0},"end":{"line":94,"column":1}}},"s":{"0":1,"1":1,"2":1,"3":1,"4":1,"5":1,"6":1,"7":1,"8":1,"9":1,"10":1,"11":1,"12":1,"13":1,"14":1,"15":1,"16":1,"17":1,"18":1,"19":1,"20":1,"21":1,"22":1,"23":1,"24":1,"25":1,"26":1,"27":1,"28":1,"29":1,"30":1,"31":1,"32":1,"33":1,"34":1,"35":1,"36":1,"37":1,"38":1,"39":1,"40":1,"41":1,"42":1,"43":1,"44":1,"45":1,"46":1,"47":1,"48":1,"49":1,"50":1,"51":1,"52":1,"53":1,"54":1,"55":1,"56":1,"57":1,"58":1,"59":1,"60":1,"61":1,"62":1,"63":1,"64":1,"65":1,"66":1,"67":1,"68":1,"69":1,"70":1,"71":1,"72":1,"73":1,"74":1,"75":4,"76":4,"77":890,"78":890,"79":890,"80":890,"81":4,"82":4,"83":6,"84":6,"85":4,"86":4,"87":6,"88":6,"89":4,"90":4,"91":6,"92":6,"93":4},"branchMap":{"0":{"type":"branch","line":67,"loc":{"start":{"line":67,"column":2},"end":{"line":67,"column":42}},"locations":[{"start":{"line":67,"column":2},"end":{"line":67,"column":42}}]},"1":{"type":"branch","line":72,"loc":{"start":{"line":72,"column":2},"end":{"line":72,"column":42}},"locations":[{"start":{"line":72,"column":2},"end":{"line":72,"column":42}}]},"2":{"type":"branch","line":76,"loc":{"start":{"line":76,"column":0},"end":{"line":94,"column":1}},"locations":[{"start":{"line":76,"column":0},"end":{"line":94,"column":1}}]},"3":{"type":"branch","line":77,"loc":{"start":{"line":77,"column":2},"end":{"line":81,"column":6}},"locations":[{"start":{"line":77,"column":2},"end":{"line":81,"column":6}}]},"4":{"type":"branch","line":83,"loc":{"start":{"line":83,"column":2},"end":{"line":85,"column":3}},"locations":[{"start":{"line":83,"column":2},"end":{"line":85,"column":3}}]},"5":{"type":"branch","line":87,"loc":{"start":{"line":87,"column":2},"end":{"line":89,"column":3}},"locations":[{"start":{"line":87,"column":2},"end":{"line":89,"column":3}}]},"6":{"type":"branch","line":88,"loc":{"start":{"line":88,"column":30},"end":{"line":88,"column":34}},"locations":[{"start":{"line":88,"column":30},"end":{"line":88,"column":34}}]},"7":{"type":"branch","line":91,"loc":{"start":{"line":91,"column":2},"end":{"line":93,"column":3}},"locations":[{"start":{"line":91,"column":2},"end":{"line":93,"column":3}}]}},"b":{"0":[52],"1":[52],"2":[4],"3":[890],"4":[6],"5":[6],"6":[0],"7":[6]},"fnMap":{"0":{"name":"Card","decl":{"start":{"line":77,"column":2},"end":{"line":81,"column":6}},"loc":{"start":{"line":77,"column":2},"end":{"line":81,"column":6}},"line":77},"1":{"name":"get","decl":{"start":{"line":83,"column":2},"end":{"line":85,"column":3}},"loc":{"start":{"line":83,"column":2},"end":{"line":85,"column":3}},"line":83},"2":{"name":"get","decl":{"start":{"line":87,"column":2},"end":{"line":89,"column":3}},"loc":{"start":{"line":87,"column":2},"end":{"line":89,"column":3}},"line":87},"3":{"name":"get","decl":{"start":{"line":91,"column":2},"end":{"line":93,"column":3}},"loc":{"start":{"line":91,"column":2},"end":{"line":93,"column":3}},"line":91}},"f":{"0":890,"1":6,"2":6,"3":6}}
,"C:\\Users\\takuy\\Desktop\\blackjack\\src\\classes\\Deck.ts": {"path":"C:\\Users\\takuy\\Desktop\\blackjack\\src\\classes\\Deck.ts","all":false,"statementMap":{"0":{"start":{"line":1,"column":0},"end":{"line":1,"column":57}},"1":{"start":{"line":2,"column":0},"end":{"line":2,"column":30}},"2":{"start":{"line":3,"column":0},"end":{"line":3,"column":0}},"3":{"start":{"line":4,"column":0},"end":{"line":4,"column":19}},"4":{"start":{"line":5,"column":0},"end":{"line":5,"column":25}},"5":{"start":{"line":6,"column":0},"end":{"line":6,"column":0}},"6":{"start":{"line":7,"column":0},"end":{"line":7,"column":17}},"7":{"start":{"line":8,"column":0},"end":{"line":8,"column":21}},"8":{"start":{"line":9,"column":0},"end":{"line":9,"column":41}},"9":{"start":{"line":10,"column":0},"end":{"line":10,"column":57}},"10":{"start":{"line":11,"column":0},"end":{"line":11,"column":25}},"11":{"start":{"line":12,"column":0},"end":{"line":12,"column":80}},"12":{"start":{"line":13,"column":0},"end":{"line":13,"column":10}},"13":{"start":{"line":14,"column":0},"end":{"line":14,"column":9}},"14":{"start":{"line":15,"column":0},"end":{"line":15,"column":7}},"15":{"start":{"line":16,"column":0},"end":{"line":16,"column":0}},"16":{"start":{"line":17,"column":0},"end":{"line":17,"column":19}},"17":{"start":{"line":18,"column":0},"end":{"line":18,"column":3}},"18":{"start":{"line":19,"column":0},"end":{"line":19,"column":0}},"19":{"start":{"line":20,"column":0},"end":{"line":20,"column":23}},"20":{"start":{"line":21,"column":0},"end":{"line":21,"column":23}},"21":{"start":{"line":22,"column":0},"end":{"line":22,"column":3}},"22":{"start":{"line":23,"column":0},"end":{"line":23,"column":0}},"23":{"start":{"line":24,"column":0},"end":{"line":24,"column":19}},"24":{"start":{"line":25,"column":0},"end":{"line":25,"column":38}},"25":{"start":{"line":26,"column":0},"end":{"line":26,"column":44}},"26":{"start":{"line":27,"column":0},"end":{"line":27,"column":62}},"27":{"start":{"line":28,"column":0},"end":{"line":28,"column":50}},"28":{"start":{"line":29,"column":0},"end":{"line":29,"column":32}},"29":{"start":{"line":30,"column":0},"end":{"line":30,"column":22}},"30":{"start":{"line":31,"column":0},"end":{"line":31,"column":8}},"31":{"start":{"line":32,"column":0},"end":{"line":32,"column":5}},"32":{"start":{"line":33,"column":0},"end":{"line":33,"column":3}},"33":{"start":{"line":34,"column":0},"end":{"line":34,"column":0}},"34":{"start":{"line":35,"column":0},"end":{"line":35,"column":16}},"35":{"start":{"line":36,"column":0},"end":{"line":36,"column":36}},"36":{"start":{"line":37,"column":0},"end":{"line":37,"column":3}},"37":{"start":{"line":38,"column":0},"end":{"line":38,"column":1}}},"s":{"0":1,"1":1,"2":1,"3":3,"4":3,"5":3,"6":3,"7":16,"8":16,"9":64,"10":832,"11":832,"12":832,"13":64,"14":16,"15":16,"16":16,"17":16,"18":3,"19":3,"20":3562,"21":3562,"22":3,"23":3,"24":17,"25":17,"26":884,"27":884,"28":884,"29":884,"30":884,"31":884,"32":17,"33":3,"34":3,"35":1,"36":1,"37":3},"branchMap":{"0":{"type":"branch","line":4,"loc":{"start":{"line":4,"column":0},"end":{"line":38,"column":1}},"locations":[{"start":{"line":4,"column":0},"end":{"line":38,"column":1}}]},"1":{"type":"branch","line":7,"loc":{"start":{"line":7,"column":2},"end":{"line":18,"column":3}},"locations":[{"start":{"line":7,"column":2},"end":{"line":18,"column":3}}]},"2":{"type":"branch","line":9,"loc":{"start":{"line":9,"column":24},"end":{"line":15,"column":5}},"locations":[{"start":{"line":9,"column":24},"end":{"line":15,"column":5}}]},"3":{"type":"branch","line":10,"loc":{"start":{"line":10,"column":33},"end":{"line":14,"column":7}},"locations":[{"start":{"line":10,"column":33},"end":{"line":14,"column":7}}]},"4":{"type":"branch","line":20,"loc":{"start":{"line":20,"column":2},"end":{"line":22,"column":3}},"locations":[{"start":{"line":20,"column":2},"end":{"line":22,"column":3}}]},"5":{"type":"branch","line":24,"loc":{"start":{"line":24,"column":2},"end":{"line":33,"column":3}},"locations":[{"start":{"line":24,"column":2},"end":{"line":33,"column":3}}]},"6":{"type":"branch","line":26,"loc":{"start":{"line":26,"column":43},"end":{"line":32,"column":5}},"locations":[{"start":{"line":26,"column":43},"end":{"line":32,"column":5}}]},"7":{"type":"branch","line":35,"loc":{"start":{"line":35,"column":2},"end":{"line":37,"column":3}},"locations":[{"start":{"line":35,"column":2},"end":{"line":37,"column":3}}]}},"b":{"0":[3],"1":[16],"2":[64],"3":[832],"4":[3562],"5":[17],"6":[884],"7":[1]},"fnMap":{"0":{"name":"Deck","decl":{"start":{"line":7,"column":2},"end":{"line":18,"column":3}},"loc":{"start":{"line":7,"column":2},"end":{"line":18,"column":3}},"line":7},"1":{"name":"get","decl":{"start":{"line":20,"column":2},"end":{"line":22,"column":3}},"loc":{"start":{"line":20,"column":2},"end":{"line":22,"column":3}},"line":20},"2":{"name":"Object.<anonymous>.Deck.shuffle","decl":{"start":{"line":24,"column":2},"end":{"line":33,"column":3}},"loc":{"start":{"line":24,"column":2},"end":{"line":33,"column":3}},"line":24},"3":{"name":"Object.<anonymous>.Deck.draw","decl":{"start":{"line":35,"column":2},"end":{"line":37,"column":3}},"loc":{"start":{"line":35,"column":2},"end":{"line":37,"column":3}},"line":35}},"f":{"0":16,"1":3562,"2":17,"3":1}}
,"C:\\Users\\takuy\\Desktop\\blackjack\\src\\classes\\Participant.ts": {"path":"C:\\Users\\takuy\\Desktop\\blackjack\\src\\classes\\Participant.ts","all":false,"statementMap":{"0":{"start":{"line":1,"column":0},"end":{"line":1,"column":28}},"1":{"start":{"line":2,"column":0},"end":{"line":2,"column":0}},"2":{"start":{"line":3,"column":0},"end":{"line":3,"column":43}},"3":{"start":{"line":4,"column":0},"end":{"line":4,"column":30}},"4":{"start":{"line":5,"column":0},"end":{"line":5,"column":0}},"5":{"start":{"line":6,"column":0},"end":{"line":6,"column":47}},"6":{"start":{"line":7,"column":0},"end":{"line":7,"column":0}},"7":{"start":{"line":8,"column":0},"end":{"line":8,"column":26}},"8":{"start":{"line":9,"column":0},"end":{"line":9,"column":24}},"9":{"start":{"line":10,"column":0},"end":{"line":10,"column":0}},"10":{"start":{"line":11,"column":0},"end":{"line":11,"column":36}},"11":{"start":{"line":12,"column":0},"end":{"line":12,"column":20}},"12":{"start":{"line":13,"column":0},"end":{"line":13,"column":3}},"13":{"start":{"line":14,"column":0},"end":{"line":14,"column":0}},"14":{"start":{"line":15,"column":0},"end":{"line":15,"column":20}},"15":{"start":{"line":16,"column":0},"end":{"line":16,"column":22}},"16":{"start":{"line":17,"column":0},"end":{"line":17,"column":3}},"17":{"start":{"line":18,"column":0},"end":{"line":18,"column":0}},"18":{"start":{"line":19,"column":0},"end":{"line":19,"column":24}},"19":{"start":{"line":20,"column":0},"end":{"line":20,"column":22}},"20":{"start":{"line":21,"column":0},"end":{"line":21,"column":3}},"21":{"start":{"line":22,"column":0},"end":{"line":22,"column":0}},"22":{"start":{"line":23,"column":0},"end":{"line":23,"column":22}},"23":{"start":{"line":24,"column":0},"end":{"line":24,"column":22}},"24":{"start":{"line":25,"column":0},"end":{"line":25,"column":3}},"25":{"start":{"line":26,"column":0},"end":{"line":26,"column":0}},"26":{"start":{"line":27,"column":0},"end":{"line":27,"column":27}},"27":{"start":{"line":28,"column":0},"end":{"line":28,"column":23}},"28":{"start":{"line":29,"column":0},"end":{"line":29,"column":3}},"29":{"start":{"line":30,"column":0},"end":{"line":30,"column":0}},"30":{"start":{"line":31,"column":0},"end":{"line":31,"column":21}},"31":{"start":{"line":32,"column":0},"end":{"line":32,"column":68}},"32":{"start":{"line":33,"column":0},"end":{"line":33,"column":70}},"33":{"start":{"line":34,"column":0},"end":{"line":34,"column":38}},"34":{"start":{"line":35,"column":0},"end":{"line":35,"column":15}},"35":{"start":{"line":36,"column":0},"end":{"line":36,"column":16}},"36":{"start":{"line":37,"column":0},"end":{"line":37,"column":5}},"37":{"start":{"line":38,"column":0},"end":{"line":38,"column":15}},"38":{"start":{"line":39,"column":0},"end":{"line":39,"column":3}},"39":{"start":{"line":40,"column":0},"end":{"line":40,"column":0}},"40":{"start":{"line":41,"column":0},"end":{"line":41,"column":30}},"41":{"start":{"line":42,"column":0},"end":{"line":42,"column":53}},"42":{"start":{"line":43,"column":0},"end":{"line":43,"column":3}},"43":{"start":{"line":44,"column":0},"end":{"line":44,"column":0}},"44":{"start":{"line":45,"column":0},"end":{"line":45,"column":27}},"45":{"start":{"line":46,"column":0},"end":{"line":46,"column":25}},"46":{"start":{"line":47,"column":0},"end":{"line":47,"column":3}},"47":{"start":{"line":48,"column":0},"end":{"line":48,"column":0}},"48":{"start":{"line":49,"column":0},"end":{"line":49,"column":16}},"49":{"start":{"line":50,"column":0},"end":{"line":50,"column":37}},"50":{"start":{"line":51,"column":0},"end":{"line":51,"column":37}},"51":{"start":{"line":52,"column":0},"end":{"line":52,"column":3}},"52":{"start":{"line":53,"column":0},"end":{"line":53,"column":0}},"53":{"start":{"line":54,"column":0},"end":{"line":54,"column":15}},"54":{"start":{"line":55,"column":0},"end":{"line":55,"column":37}},"55":{"start":{"line":56,"column":0},"end":{"line":56,"column":3}},"56":{"start":{"line":57,"column":0},"end":{"line":57,"column":0}},"57":{"start":{"line":58,"column":0},"end":{"line":58,"column":36}},"58":{"start":{"line":59,"column":0},"end":{"line":59,"column":43}},"59":{"start":{"line":60,"column":0},"end":{"line":60,"column":48}},"60":{"start":{"line":61,"column":0},"end":{"line":61,"column":10}},"61":{"start":{"line":62,"column":0},"end":{"line":62,"column":59}},"62":{"start":{"line":63,"column":0},"end":{"line":63,"column":58}},"63":{"start":{"line":64,"column":0},"end":{"line":64,"column":9}},"64":{"start":{"line":65,"column":0},"end":{"line":65,"column":43}},"65":{"start":{"line":66,"column":0},"end":{"line":66,"column":57}},"66":{"start":{"line":67,"column":0},"end":{"line":67,"column":10}},"67":{"start":{"line":68,"column":0},"end":{"line":68,"column":14}},"68":{"start":{"line":69,"column":0},"end":{"line":69,"column":45}},"69":{"start":{"line":70,"column":0},"end":{"line":70,"column":57}},"70":{"start":{"line":71,"column":0},"end":{"line":71,"column":10}},"71":{"start":{"line":72,"column":0},"end":{"line":72,"column":7}},"72":{"start":{"line":73,"column":0},"end":{"line":73,"column":27}},"73":{"start":{"line":74,"column":0},"end":{"line":74,"column":5}},"74":{"start":{"line":75,"column":0},"end":{"line":75,"column":25}},"75":{"start":{"line":76,"column":0},"end":{"line":76,"column":28}},"76":{"start":{"line":77,"column":0},"end":{"line":77,"column":3}},"77":{"start":{"line":78,"column":0},"end":{"line":78,"column":1}}},"s":{"0":1,"1":1,"2":1,"3":1,"4":1,"5":1,"6":1,"7":2,"8":2,"9":2,"10":2,"11":35,"12":35,"13":2,"14":2,"15":5,"16":5,"17":2,"18":2,"19":1,"20":1,"21":2,"22":2,"23":60,"24":60,"25":2,"26":2,"27":21,"28":21,"29":2,"30":2,"31":14,"32":14,"33":14,"34":6,"35":6,"36":6,"37":14,"38":14,"39":2,"40":2,"41":3,"42":3,"43":2,"44":2,"45":3,"46":3,"47":2,"48":2,"49":1,"50":1,"51":1,"52":2,"53":2,"54":1,"55":1,"56":2,"57":2,"58":3,"59":3,"60":4,"61":4,"62":3,"63":4,"64":2,"65":2,"66":2,"67":2,"68":2,"69":2,"70":2,"71":2,"72":4,"73":4,"74":3,"75":3,"76":3,"77":2},"branchMap":{"0":{"type":"branch","line":8,"loc":{"start":{"line":8,"column":0},"end":{"line":78,"column":1}},"locations":[{"start":{"line":8,"column":0},"end":{"line":78,"column":1}}]},"1":{"type":"branch","line":11,"loc":{"start":{"line":11,"column":2},"end":{"line":13,"column":3}},"locations":[{"start":{"line":11,"column":2},"end":{"line":13,"column":3}}]},"2":{"type":"branch","line":15,"loc":{"start":{"line":15,"column":2},"end":{"line":17,"column":3}},"locations":[{"start":{"line":15,"column":2},"end":{"line":17,"column":3}}]},"3":{"type":"branch","line":19,"loc":{"start":{"line":19,"column":2},"end":{"line":21,"column":3}},"locations":[{"start":{"line":19,"column":2},"end":{"line":21,"column":3}}]},"4":{"type":"branch","line":23,"loc":{"start":{"line":23,"column":2},"end":{"line":25,"column":3}},"locations":[{"start":{"line":23,"column":2},"end":{"line":25,"column":3}}]},"5":{"type":"branch","line":27,"loc":{"start":{"line":27,"column":2},"end":{"line":29,"column":3}},"locations":[{"start":{"line":27,"column":2},"end":{"line":29,"column":3}}]},"6":{"type":"branch","line":31,"loc":{"start":{"line":31,"column":2},"end":{"line":39,"column":3}},"locations":[{"start":{"line":31,"column":2},"end":{"line":39,"column":3}}]},"7":{"type":"branch","line":34,"loc":{"start":{"line":34,"column":20},"end":{"line":34,"column":35}},"locations":[{"start":{"line":34,"column":20},"end":{"line":34,"column":35}}]},"8":{"type":"branch","line":34,"loc":{"start":{"line":34,"column":37},"end":{"line":37,"column":5}},"locations":[{"start":{"line":34,"column":37},"end":{"line":37,"column":5}}]},"9":{"type":"branch","line":32,"loc":{"start":{"line":32,"column":31},"end":{"line":32,"column":49}},"locations":[{"start":{"line":32,"column":31},"end":{"line":32,"column":49}}]},"10":{"type":"branch","line":33,"loc":{"start":{"line":33,"column":34},"end":{"line":33,"column":48}},"locations":[{"start":{"line":33,"column":34},"end":{"line":33,"column":48}}]},"11":{"type":"branch","line":41,"loc":{"start":{"line":41,"column":2},"end":{"line":43,"column":3}},"locations":[{"start":{"line":41,"column":2},"end":{"line":43,"column":3}}]},"12":{"type":"branch","line":42,"loc":{"start":{"line":42,"column":26},"end":{"line":42,"column":52}},"locations":[{"start":{"line":42,"column":26},"end":{"line":42,"column":52}}]},"13":{"type":"branch","line":45,"loc":{"start":{"line":45,"column":2},"end":{"line":47,"column":3}},"locations":[{"start":{"line":45,"column":2},"end":{"line":47,"column":3}}]},"14":{"type":"branch","line":49,"loc":{"start":{"line":49,"column":2},"end":{"line":52,"column":3}},"locations":[{"start":{"line":49,"column":2},"end":{"line":52,"column":3}}]},"15":{"type":"branch","line":54,"loc":{"start":{"line":54,"column":2},"end":{"line":56,"column":3}},"locations":[{"start":{"line":54,"column":2},"end":{"line":56,"column":3}}]},"16":{"type":"branch","line":58,"loc":{"start":{"line":58,"column":2},"end":{"line":77,"column":3}},"locations":[{"start":{"line":58,"column":2},"end":{"line":77,"column":3}}]},"17":{"type":"branch","line":60,"loc":{"start":{"line":60,"column":47},"end":{"line":74,"column":5}},"locations":[{"start":{"line":60,"column":47},"end":{"line":74,"column":5}}]},"18":{"type":"branch","line":62,"loc":{"start":{"line":62,"column":56},"end":{"line":63,"column":58}},"locations":[{"start":{"line":62,"column":56},"end":{"line":63,"column":58}}]},"19":{"type":"branch","line":64,"loc":{"start":{"line":64,"column":8},"end":{"line":72,"column":7}},"locations":[{"start":{"line":64,"column":8},"end":{"line":72,"column":7}}]}},"b":{"0":[2],"1":[35],"2":[5],"3":[1],"4":[60],"5":[21],"6":[14],"7":[8],"8":[6],"9":[37],"10":[37],"11":[3],"12":[2],"13":[3],"14":[1],"15":[1],"16":[3],"17":[4],"18":[3],"19":[2]},"fnMap":{"0":{"name":"Participant","decl":{"start":{"line":11,"column":2},"end":{"line":13,"column":3}},"loc":{"start":{"line":11,"column":2},"end":{"line":13,"column":3}},"line":11},"1":{"name":"get","decl":{"start":{"line":15,"column":2},"end":{"line":17,"column":3}},"loc":{"start":{"line":15,"column":2},"end":{"line":17,"column":3}},"line":15},"2":{"name":"set","decl":{"start":{"line":19,"column":2},"end":{"line":21,"column":3}},"loc":{"start":{"line":19,"column":2},"end":{"line":21,"column":3}},"line":19},"3":{"name":"get","decl":{"start":{"line":23,"column":2},"end":{"line":25,"column":3}},"loc":{"start":{"line":23,"column":2},"end":{"line":25,"column":3}},"line":23},"4":{"name":"set","decl":{"start":{"line":27,"column":2},"end":{"line":29,"column":3}},"loc":{"start":{"line":27,"column":2},"end":{"line":29,"column":3}},"line":27},"5":{"name":"get","decl":{"start":{"line":31,"column":2},"end":{"line":39,"column":3}},"loc":{"start":{"line":31,"column":2},"end":{"line":39,"column":3}},"line":31},"6":{"name":"get","decl":{"start":{"line":41,"column":2},"end":{"line":43,"column":3}},"loc":{"start":{"line":41,"column":2},"end":{"line":43,"column":3}},"line":41},"7":{"name":"get","decl":{"start":{"line":45,"column":2},"end":{"line":47,"column":3}},"loc":{"start":{"line":45,"column":2},"end":{"line":47,"column":3}},"line":45},"8":{"name":"Object.<anonymous>.Participant.deal","decl":{"start":{"line":49,"column":2},"end":{"line":52,"column":3}},"loc":{"start":{"line":49,"column":2},"end":{"line":52,"column":3}},"line":49},"9":{"name":"Object.<anonymous>.Participant.hit","decl":{"start":{"line":54,"column":2},"end":{"line":56,"column":3}},"loc":{"start":{"line":54,"column":2},"end":{"line":56,"column":3}},"line":54},"10":{"name":"Object.<anonymous>.Participant.renderHand","decl":{"start":{"line":58,"column":2},"end":{"line":77,"column":3}},"loc":{"start":{"line":58,"column":2},"end":{"line":77,"column":3}},"line":58}},"f":{"0":35,"1":5,"2":1,"3":60,"4":21,"5":14,"6":3,"7":3,"8":1,"9":1,"10":3}}
,"C:\\Users\\takuy\\Desktop\\blackjack\\src\\classes\\Player.ts": {"path":"C:\\Users\\takuy\\Desktop\\blackjack\\src\\classes\\Player.ts","all":false,"statementMap":{"0":{"start":{"line":1,"column":0},"end":{"line":1,"column":28}},"1":{"start":{"line":2,"column":0},"end":{"line":2,"column":0}},"2":{"start":{"line":3,"column":0},"end":{"line":3,"column":30}},"3":{"start":{"line":4,"column":0},"end":{"line":4,"column":44}},"4":{"start":{"line":5,"column":0},"end":{"line":5,"column":0}},"5":{"start":{"line":6,"column":0},"end":{"line":6,"column":47}},"6":{"start":{"line":7,"column":0},"end":{"line":7,"column":0}},"7":{"start":{"line":8,"column":0},"end":{"line":8,"column":41}},"8":{"start":{"line":9,"column":0},"end":{"line":9,"column":24}},"9":{"start":{"line":10,"column":0},"end":{"line":10,"column":19}},"10":{"start":{"line":11,"column":0},"end":{"line":11,"column":26}},"11":{"start":{"line":12,"column":0},"end":{"line":12,"column":35}},"12":{"start":{"line":13,"column":0},"end":{"line":13,"column":30}},"13":{"start":{"line":14,"column":0},"end":{"line":14,"column":0}},"14":{"start":{"line":15,"column":0},"end":{"line":15,"column":27}},"15":{"start":{"line":16,"column":0},"end":{"line":16,"column":16}},"16":{"start":{"line":17,"column":0},"end":{"line":17,"column":3}},"17":{"start":{"line":18,"column":0},"end":{"line":18,"column":0}},"18":{"start":{"line":19,"column":0},"end":{"line":19,"column":23}},"19":{"start":{"line":20,"column":0},"end":{"line":20,"column":23}},"20":{"start":{"line":21,"column":0},"end":{"line":21,"column":3}},"21":{"start":{"line":22,"column":0},"end":{"line":22,"column":0}},"22":{"start":{"line":23,"column":0},"end":{"line":23,"column":28}},"23":{"start":{"line":24,"column":0},"end":{"line":24,"column":24}},"24":{"start":{"line":25,"column":0},"end":{"line":25,"column":3}},"25":{"start":{"line":26,"column":0},"end":{"line":26,"column":0}},"26":{"start":{"line":27,"column":0},"end":{"line":27,"column":21}},"27":{"start":{"line":28,"column":0},"end":{"line":28,"column":21}},"28":{"start":{"line":29,"column":0},"end":{"line":29,"column":3}},"29":{"start":{"line":30,"column":0},"end":{"line":30,"column":0}},"30":{"start":{"line":31,"column":0},"end":{"line":31,"column":24}},"31":{"start":{"line":32,"column":0},"end":{"line":32,"column":20}},"32":{"start":{"line":33,"column":0},"end":{"line":33,"column":3}},"33":{"start":{"line":34,"column":0},"end":{"line":34,"column":0}},"34":{"start":{"line":35,"column":0},"end":{"line":35,"column":25}},"35":{"start":{"line":36,"column":0},"end":{"line":36,"column":24}},"36":{"start":{"line":37,"column":0},"end":{"line":37,"column":3}},"37":{"start":{"line":38,"column":0},"end":{"line":38,"column":0}},"38":{"start":{"line":39,"column":0},"end":{"line":39,"column":31}},"39":{"start":{"line":40,"column":0},"end":{"line":40,"column":26}},"40":{"start":{"line":41,"column":0},"end":{"line":41,"column":3}},"41":{"start":{"line":42,"column":0},"end":{"line":42,"column":0}},"42":{"start":{"line":43,"column":0},"end":{"line":43,"column":34}},"43":{"start":{"line":44,"column":0},"end":{"line":44,"column":33}},"44":{"start":{"line":45,"column":0},"end":{"line":45,"column":3}},"45":{"start":{"line":46,"column":0},"end":{"line":46,"column":0}},"46":{"start":{"line":47,"column":0},"end":{"line":47,"column":49}},"47":{"start":{"line":48,"column":0},"end":{"line":48,"column":44}},"48":{"start":{"line":49,"column":0},"end":{"line":49,"column":3}},"49":{"start":{"line":50,"column":0},"end":{"line":50,"column":0}},"50":{"start":{"line":51,"column":0},"end":{"line":51,"column":29}},"51":{"start":{"line":52,"column":0},"end":{"line":52,"column":28}},"52":{"start":{"line":53,"column":0},"end":{"line":53,"column":3}},"53":{"start":{"line":54,"column":0},"end":{"line":54,"column":0}},"54":{"start":{"line":55,"column":0},"end":{"line":55,"column":39}},"55":{"start":{"line":56,"column":0},"end":{"line":56,"column":34}},"56":{"start":{"line":57,"column":0},"end":{"line":57,"column":3}},"57":{"start":{"line":58,"column":0},"end":{"line":58,"column":0}},"58":{"start":{"line":59,"column":0},"end":{"line":59,"column":23}},"59":{"start":{"line":60,"column":0},"end":{"line":60,"column":19}},"60":{"start":{"line":61,"column":0},"end":{"line":61,"column":17}},"61":{"start":{"line":62,"column":0},"end":{"line":62,"column":24}},"62":{"start":{"line":63,"column":0},"end":{"line":63,"column":33}},"63":{"start":{"line":64,"column":0},"end":{"line":64,"column":28}},"64":{"start":{"line":65,"column":0},"end":{"line":65,"column":3}},"65":{"start":{"line":66,"column":0},"end":{"line":66,"column":0}},"66":{"start":{"line":67,"column":0},"end":{"line":67,"column":23}},"67":{"start":{"line":68,"column":0},"end":{"line":68,"column":14}},"68":{"start":{"line":69,"column":0},"end":{"line":69,"column":67}},"69":{"start":{"line":70,"column":0},"end":{"line":70,"column":24}},"70":{"start":{"line":71,"column":0},"end":{"line":71,"column":9}},"71":{"start":{"line":72,"column":0},"end":{"line":72,"column":6}},"72":{"start":{"line":73,"column":0},"end":{"line":73,"column":3}},"73":{"start":{"line":74,"column":0},"end":{"line":74,"column":0}},"74":{"start":{"line":75,"column":0},"end":{"line":75,"column":22}},"75":{"start":{"line":76,"column":0},"end":{"line":76,"column":35}},"76":{"start":{"line":77,"column":0},"end":{"line":77,"column":3}},"77":{"start":{"line":78,"column":0},"end":{"line":78,"column":0}},"78":{"start":{"line":79,"column":0},"end":{"line":79,"column":25}},"79":{"start":{"line":80,"column":0},"end":{"line":80,"column":56}},"80":{"start":{"line":81,"column":0},"end":{"line":81,"column":8}},"81":{"start":{"line":82,"column":0},"end":{"line":82,"column":80}},"82":{"start":{"line":83,"column":0},"end":{"line":83,"column":77}},"83":{"start":{"line":84,"column":0},"end":{"line":84,"column":7}},"84":{"start":{"line":85,"column":0},"end":{"line":85,"column":41}},"85":{"start":{"line":86,"column":0},"end":{"line":86,"column":54}},"86":{"start":{"line":87,"column":0},"end":{"line":87,"column":46}},"87":{"start":{"line":88,"column":0},"end":{"line":88,"column":11}},"88":{"start":{"line":89,"column":0},"end":{"line":89,"column":8}},"89":{"start":{"line":90,"column":0},"end":{"line":90,"column":12}},"90":{"start":{"line":91,"column":0},"end":{"line":91,"column":43}},"91":{"start":{"line":92,"column":0},"end":{"line":92,"column":54}},"92":{"start":{"line":93,"column":0},"end":{"line":93,"column":46}},"93":{"start":{"line":94,"column":0},"end":{"line":94,"column":11}},"94":{"start":{"line":95,"column":0},"end":{"line":95,"column":8}},"95":{"start":{"line":96,"column":0},"end":{"line":96,"column":5}},"96":{"start":{"line":97,"column":0},"end":{"line":97,"column":25}},"97":{"start":{"line":98,"column":0},"end":{"line":98,"column":28}},"98":{"start":{"line":99,"column":0},"end":{"line":99,"column":3}},"99":{"start":{"line":100,"column":0},"end":{"line":100,"column":0}},"100":{"start":{"line":101,"column":0},"end":{"line":101,"column":15}},"101":{"start":{"line":102,"column":0},"end":{"line":102,"column":23}},"102":{"start":{"line":103,"column":0},"end":{"line":103,"column":37}},"103":{"start":{"line":104,"column":0},"end":{"line":104,"column":3}},"104":{"start":{"line":105,"column":0},"end":{"line":105,"column":0}},"105":{"start":{"line":106,"column":0},"end":{"line":106,"column":22}},"106":{"start":{"line":107,"column":0},"end":{"line":107,"column":32}},"107":{"start":{"line":108,"column":0},"end":{"line":108,"column":27}},"108":{"start":{"line":109,"column":0},"end":{"line":109,"column":18}},"109":{"start":{"line":110,"column":0},"end":{"line":110,"column":37}},"110":{"start":{"line":111,"column":0},"end":{"line":111,"column":3}},"111":{"start":{"line":112,"column":0},"end":{"line":112,"column":0}},"112":{"start":{"line":113,"column":0},"end":{"line":113,"column":17}},"113":{"start":{"line":114,"column":0},"end":{"line":114,"column":27}},"114":{"start":{"line":115,"column":0},"end":{"line":115,"column":3}},"115":{"start":{"line":116,"column":0},"end":{"line":116,"column":1}}},"s":{"0":1,"1":1,"2":1,"3":1,"4":1,"5":1,"6":1,"7":1,"8":1,"9":1,"10":1,"11":1,"12":1,"13":1,"14":1,"15":13,"16":13,"17":1,"18":1,"19":3,"20":3,"21":1,"22":1,"23":2,"24":2,"25":1,"26":1,"27":3,"28":3,"29":1,"30":1,"31":2,"32":2,"33":1,"34":1,"35":3,"36":3,"37":1,"38":1,"39":2,"40":2,"41":1,"42":1,"43":3,"44":3,"45":1,"46":1,"47":2,"48":2,"49":1,"50":1,"51":3,"52":3,"53":1,"54":1,"55":2,"56":2,"57":1,"58":1,"59":1,"60":1,"61":1,"62":1,"63":1,"64":1,"65":1,"66":1,"67":1,"68":1,"69":1,"70":1,"71":1,"72":1,"73":1,"74":1,"75":1,"76":1,"77":1,"78":1,"79":0,"80":0,"81":0,"82":0,"83":0,"84":0,"85":0,"86":0,"87":0,"88":0,"89":0,"90":0,"91":0,"92":0,"93":0,"94":0,"95":0,"96":0,"97":0,"98":0,"99":1,"100":1,"101":0,"102":0,"103":0,"104":1,"105":1,"106":0,"107":0,"108":0,"109":0,"110":0,"111":1,"112":1,"113":0,"114":0,"115":1},"branchMap":{"0":{"type":"branch","line":8,"loc":{"start":{"line":8,"column":0},"end":{"line":116,"column":1}},"locations":[{"start":{"line":8,"column":0},"end":{"line":116,"column":1}}]},"1":{"type":"branch","line":15,"loc":{"start":{"line":15,"column":2},"end":{"line":17,"column":3}},"locations":[{"start":{"line":15,"column":2},"end":{"line":17,"column":3}}]},"2":{"type":"branch","line":19,"loc":{"start":{"line":19,"column":2},"end":{"line":21,"column":3}},"locations":[{"start":{"line":19,"column":2},"end":{"line":21,"column":3}}]},"3":{"type":"branch","line":23,"loc":{"start":{"line":23,"column":2},"end":{"line":25,"column":3}},"locations":[{"start":{"line":23,"column":2},"end":{"line":25,"column":3}}]},"4":{"type":"branch","line":27,"loc":{"start":{"line":27,"column":2},"end":{"line":29,"column":3}},"locations":[{"start":{"line":27,"column":2},"end":{"line":29,"column":3}}]},"5":{"type":"branch","line":31,"loc":{"start":{"line":31,"column":2},"end":{"line":33,"column":3}},"locations":[{"start":{"line":31,"column":2},"end":{"line":33,"column":3}}]},"6":{"type":"branch","line":35,"loc":{"start":{"line":35,"column":2},"end":{"line":37,"column":3}},"locations":[{"start":{"line":35,"column":2},"end":{"line":37,"column":3}}]},"7":{"type":"branch","line":39,"loc":{"start":{"line":39,"column":2},"end":{"line":41,"column":3}},"locations":[{"start":{"line":39,"column":2},"end":{"line":41,"column":3}}]},"8":{"type":"branch","line":43,"loc":{"start":{"line":43,"column":2},"end":{"line":45,"column":3}},"locations":[{"start":{"line":43,"column":2},"end":{"line":45,"column":3}}]},"9":{"type":"branch","line":47,"loc":{"start":{"line":47,"column":2},"end":{"line":49,"column":3}},"locations":[{"start":{"line":47,"column":2},"end":{"line":49,"column":3}}]},"10":{"type":"branch","line":51,"loc":{"start":{"line":51,"column":2},"end":{"line":53,"column":3}},"locations":[{"start":{"line":51,"column":2},"end":{"line":53,"column":3}}]},"11":{"type":"branch","line":55,"loc":{"start":{"line":55,"column":2},"end":{"line":57,"column":3}},"locations":[{"start":{"line":55,"column":2},"end":{"line":57,"column":3}}]},"12":{"type":"branch","line":59,"loc":{"start":{"line":59,"column":2},"end":{"line":65,"column":3}},"locations":[{"start":{"line":59,"column":2},"end":{"line":65,"column":3}}]},"13":{"type":"branch","line":67,"loc":{"start":{"line":67,"column":2},"end":{"line":73,"column":3}},"locations":[{"start":{"line":67,"column":2},"end":{"line":73,"column":3}}]},"14":{"type":"branch","line":75,"loc":{"start":{"line":75,"column":2},"end":{"line":77,"column":3}},"locations":[{"start":{"line":75,"column":2},"end":{"line":77,"column":3}}]}},"b":{"0":[1],"1":[13],"2":[3],"3":[2],"4":[3],"5":[2],"6":[3],"7":[2],"8":[3],"9":[2],"10":[3],"11":[2],"12":[1],"13":[1],"14":[1]},"fnMap":{"0":{"name":"Player","decl":{"start":{"line":15,"column":2},"end":{"line":17,"column":3}},"loc":{"start":{"line":15,"column":2},"end":{"line":17,"column":3}},"line":15},"1":{"name":"get","decl":{"start":{"line":19,"column":2},"end":{"line":21,"column":3}},"loc":{"start":{"line":19,"column":2},"end":{"line":21,"column":3}},"line":19},"2":{"name":"set","decl":{"start":{"line":23,"column":2},"end":{"line":25,"column":3}},"loc":{"start":{"line":23,"column":2},"end":{"line":25,"column":3}},"line":23},"3":{"name":"get","decl":{"start":{"line":27,"column":2},"end":{"line":29,"column":3}},"loc":{"start":{"line":27,"column":2},"end":{"line":29,"column":3}},"line":27},"4":{"name":"set","decl":{"start":{"line":31,"column":2},"end":{"line":33,"column":3}},"loc":{"start":{"line":31,"column":2},"end":{"line":33,"column":3}},"line":31},"5":{"name":"get","decl":{"start":{"line":35,"column":2},"end":{"line":37,"column":3}},"loc":{"start":{"line":35,"column":2},"end":{"line":37,"column":3}},"line":35},"6":{"name":"set","decl":{"start":{"line":39,"column":2},"end":{"line":41,"column":3}},"loc":{"start":{"line":39,"column":2},"end":{"line":41,"column":3}},"line":39},"7":{"name":"get","decl":{"start":{"line":43,"column":2},"end":{"line":45,"column":3}},"loc":{"start":{"line":43,"column":2},"end":{"line":45,"column":3}},"line":43},"8":{"name":"set","decl":{"start":{"line":47,"column":2},"end":{"line":49,"column":3}},"loc":{"start":{"line":47,"column":2},"end":{"line":49,"column":3}},"line":47},"9":{"name":"get","decl":{"start":{"line":51,"column":2},"end":{"line":53,"column":3}},"loc":{"start":{"line":51,"column":2},"end":{"line":53,"column":3}},"line":51},"10":{"name":"set","decl":{"start":{"line":55,"column":2},"end":{"line":57,"column":3}},"loc":{"start":{"line":55,"column":2},"end":{"line":57,"column":3}},"line":55},"11":{"name":"Object.<anonymous>.Player.clearStatus","decl":{"start":{"line":59,"column":2},"end":{"line":65,"column":3}},"loc":{"start":{"line":59,"column":2},"end":{"line":65,"column":3}},"line":59},"12":{"name":"Object.<anonymous>.Player.renderMoney","decl":{"start":{"line":67,"column":2},"end":{"line":73,"column":3}},"loc":{"start":{"line":67,"column":2},"end":{"line":73,"column":3}},"line":67},"13":{"name":"Object.<anonymous>.Player.renderHand","decl":{"start":{"line":75,"column":2},"end":{"line":77,"column":3}},"loc":{"start":{"line":75,"column":2},"end":{"line":77,"column":3}},"line":75},"14":{"name":"Object.<anonymous>.Player.renderNewCard","decl":{"start":{"line":79,"column":2},"end":{"line":99,"column":3}},"loc":{"start":{"line":79,"column":2},"end":{"line":99,"column":3}},"line":79},"15":{"name":"Object.<anonymous>.Player.hit","decl":{"start":{"line":101,"column":2},"end":{"line":104,"column":3}},"loc":{"start":{"line":101,"column":2},"end":{"line":104,"column":3}},"line":101},"16":{"name":"Object.<anonymous>.Player.doubleDown","decl":{"start":{"line":106,"column":2},"end":{"line":111,"column":3}},"loc":{"start":{"line":106,"column":2},"end":{"line":111,"column":3}},"line":106},"17":{"name":"Object.<anonymous>.Player.stand","decl":{"start":{"line":113,"column":2},"end":{"line":115,"column":3}},"loc":{"start":{"line":113,"column":2},"end":{"line":115,"column":3}},"line":113}},"f":{"0":13,"1":3,"2":2,"3":3,"4":2,"5":3,"6":2,"7":3,"8":2,"9":3,"10":2,"11":1,"12":1,"13":1,"14":0,"15":0,"16":0,"17":0}}
,"C:\\Users\\takuy\\Desktop\\blackjack\\src\\utils\\printLine.ts": {"path":"C:\\Users\\takuy\\Desktop\\blackjack\\src\\utils\\printLine.ts","all":false,"statementMap":{"0":{"start":{"line":1,"column":0},"end":{"line":1,"column":44}},"1":{"start":{"line":2,"column":0},"end":{"line":2,"column":29}},"2":{"start":{"line":3,"column":0},"end":{"line":3,"column":2}}},"s":{"0":1,"1":1,"2":1},"branchMap":{"0":{"type":"branch","line":1,"loc":{"start":{"line":1,"column":25},"end":{"line":3,"column":2}},"locations":[{"start":{"line":1,"column":25},"end":{"line":3,"column":2}}]}},"b":{"0":[1]},"fnMap":{"0":{"name":"printLine","decl":{"start":{"line":1,"column":25},"end":{"line":3,"column":2}},"loc":{"start":{"line":1,"column":25},"end":{"line":3,"column":2}},"line":1}},"f":{"0":1}}
,"C:\\Users\\takuy\\Desktop\\blackjack\\src\\utils\\promptInput.ts": {"path":"C:\\Users\\takuy\\Desktop\\blackjack\\src\\utils\\promptInput.ts","all":false,"statementMap":{"0":{"start":{"line":1,"column":0},"end":{"line":1,"column":40}},"1":{"start":{"line":2,"column":0},"end":{"line":2,"column":38}},"2":{"start":{"line":3,"column":0},"end":{"line":3,"column":0}},"3":{"start":{"line":4,"column":0},"end":{"line":4,"column":52}},"4":{"start":{"line":5,"column":0},"end":{"line":5,"column":23}},"5":{"start":{"line":6,"column":0},"end":{"line":6,"column":20}},"6":{"start":{"line":7,"column":0},"end":{"line":7,"column":2}}},"s":{"0":1,"1":1,"2":1,"3":1,"4":1,"5":1,"6":1},"branchMap":{"0":{"type":"branch","line":4,"loc":{"start":{"line":4,"column":27},"end":{"line":7,"column":2}},"locations":[{"start":{"line":4,"column":27},"end":{"line":7,"column":2}}]},"1":{"type":"branch","line":4,"loc":{"start":{"line":4,"column":46},"end":{"line":7,"column":2}},"locations":[{"start":{"line":4,"column":46},"end":{"line":7,"column":2}}]}},"b":{"0":[1],"1":[1]},"fnMap":{"0":{"name":"promptInput","decl":{"start":{"line":4,"column":27},"end":{"line":7,"column":2}},"loc":{"start":{"line":4,"column":27},"end":{"line":7,"column":2}},"line":4}},"f":{"0":1}}
,"C:\\Users\\takuy\\Desktop\\blackjack\\src\\utils\\readLine.ts": {"path":"C:\\Users\\takuy\\Desktop\\blackjack\\src\\utils\\readLine.ts","all":false,"statementMap":{"0":{"start":{"line":1,"column":0},"end":{"line":1,"column":37}},"1":{"start":{"line":2,"column":0},"end":{"line":2,"column":54}},"2":{"start":{"line":3,"column":0},"end":{"line":3,"column":66}},"3":{"start":{"line":4,"column":0},"end":{"line":4,"column":4}},"4":{"start":{"line":5,"column":0},"end":{"line":5,"column":0}},"5":{"start":{"line":6,"column":0},"end":{"line":6,"column":22}},"6":{"start":{"line":7,"column":0},"end":{"line":7,"column":2}}},"s":{"0":1,"1":2,"2":2,"3":2,"4":2,"5":2,"6":2},"branchMap":{"0":{"type":"branch","line":1,"loc":{"start":{"line":1,"column":24},"end":{"line":7,"column":2}},"locations":[{"start":{"line":1,"column":24},"end":{"line":7,"column":2}}]},"1":{"type":"branch","line":1,"loc":{"start":{"line":1,"column":24},"end":{"line":7,"column":2}},"locations":[{"start":{"line":1,"column":24},"end":{"line":7,"column":2}}]},"2":{"type":"branch","line":2,"loc":{"start":{"line":2,"column":24},"end":{"line":4,"column":4}},"locations":[{"start":{"line":2,"column":24},"end":{"line":4,"column":4}}]},"3":{"type":"branch","line":2,"loc":{"start":{"line":2,"column":42},"end":{"line":3,"column":11}},"locations":[{"start":{"line":2,"column":42},"end":{"line":3,"column":11}}]},"4":{"type":"branch","line":3,"loc":{"start":{"line":3,"column":31},"end":{"line":3,"column":48}},"locations":[{"start":{"line":3,"column":31},"end":{"line":3,"column":48}}]}},"b":{"0":[2],"1":[2],"2":[2],"3":[2],"4":[2]},"fnMap":{"0":{"name":"readLine","decl":{"start":{"line":1,"column":24},"end":{"line":7,"column":2}},"loc":{"start":{"line":1,"column":24},"end":{"line":7,"column":2}},"line":1}},"f":{"0":2}}
}
