TN:
SF:src\classes\Dealer.ts
FN:12,Dealer
FN:16,get
FN:20,set
FN:24,get
FN:28,Object.<anonymous>.Dealer.clearStatus
FN:33,Object.<anonymous>.Dealer.renderSecondCard
FN:53,Object.<anonymous>.Dealer.renderHand
FN:91,Object.<anonymous>.Dealer.renderNewCard
FNF:8
FNH:0
FNDA:0,Dealer
FNDA:0,get
FNDA:0,set
FNDA:0,get
FNDA:0,Object.<anonymous>.Dealer.clearStatus
FNDA:0,Object.<anonymous>.Dealer.renderSecondCard
FNDA:0,Object.<anonymous>.Dealer.renderHand
FNDA:0,Object.<anonymous>.Dealer.renderNewCard
DA:1,1
DA:2,1
DA:3,1
DA:4,1
DA:5,1
DA:6,1
DA:7,1
DA:8,1
DA:9,1
DA:10,1
DA:11,1
DA:12,1
DA:13,0
DA:14,0
DA:15,1
DA:16,1
DA:17,0
DA:18,0
DA:19,1
DA:20,1
DA:21,0
DA:22,0
DA:23,1
DA:24,1
DA:25,0
DA:26,0
DA:27,1
DA:28,1
DA:29,0
DA:30,0
DA:31,0
DA:32,1
DA:33,1
DA:34,0
DA:35,0
DA:36,0
DA:37,0
DA:38,0
DA:39,0
DA:40,0
DA:41,0
DA:42,0
DA:43,0
DA:44,0
DA:45,0
DA:46,0
DA:47,0
DA:48,0
DA:49,0
DA:50,0
DA:51,0
DA:52,1
DA:53,1
DA:54,0
DA:55,0
DA:56,0
DA:57,0
DA:58,0
DA:59,0
DA:60,0
DA:61,0
DA:62,0
DA:63,0
DA:64,0
DA:65,0
DA:66,0
DA:67,0
DA:68,0
DA:69,0
DA:70,0
DA:71,0
DA:72,0
DA:73,0
DA:74,0
DA:75,0
DA:76,0
DA:77,0
DA:78,0
DA:79,0
DA:80,0
DA:81,0
DA:82,0
DA:83,0
DA:84,0
DA:85,0
DA:86,0
DA:87,0
DA:88,0
DA:89,0
DA:90,1
DA:91,1
DA:92,0
DA:93,0
DA:94,1
LF:94
LH:27
BRDA:9,0,0,1
BRF:1
BRH:1
end_of_record
TN:
SF:src\classes\Deck.ts
FN:7,Deck
FN:19,get
FN:23,Object.<anonymous>.Deck.shuffle
FN:34,Object.<anonymous>.Deck.draw
FNF:4
FNH:0
FNDA:0,Deck
FNDA:0,get
FNDA:0,Object.<anonymous>.Deck.shuffle
FNDA:0,Object.<anonymous>.Deck.draw
DA:1,1
DA:2,1
DA:3,1
DA:4,1
DA:5,1
DA:6,1
DA:7,1
DA:8,0
DA:9,0
DA:10,0
DA:11,0
DA:12,0
DA:13,0
DA:14,0
DA:15,0
DA:16,0
DA:17,0
DA:18,1
DA:19,1
DA:20,0
DA:21,0
DA:22,1
DA:23,1
DA:24,0
DA:25,0
DA:26,0
DA:27,0
DA:28,0
DA:29,0
DA:30,0
DA:31,0
DA:32,0
DA:33,1
DA:34,1
DA:35,0
DA:36,0
DA:37,1
LF:37
LH:14
BRDA:4,0,0,1
BRF:1
BRH:1
end_of_record
TN:
SF:src\classes\Game.ts
FN:18,Game
FN:23,Object.<anonymous>.Game.renderTitle
FN:36,Object.<anonymous>.Game.reset
FN:44,Object.<anonymous>.Game.deal
FN:51,Object.<anonymous>.Game.validateBet
FN:67,Object.<anonymous>.Game.promptInputBet
FN:72,Object.<anonymous>.Game.setBet
FN:86,get
FN:96,Object.<anonymous>.Game.promptInputAction
FN:114,Object.<anonymous>.Game.doPlayerAction
FN:135,get
FN:141,Object.<anonymous>.Game.doDealerAction
FN:149,Object.<anonymous>.Game.revealDealersSecondCard
FN:156,Object.<anonymous>.Game.checkResult
FN:214,Object.<anonymous>.Game.play
FN:249,Object.<anonymous>.Game.start
FNF:16
FNH:14
FNDA:38,Game
FNDA:1,Object.<anonymous>.Game.renderTitle
FNDA:1,Object.<anonymous>.Game.reset
FNDA:1,Object.<anonymous>.Game.deal
FNDA:8,Object.<anonymous>.Game.validateBet
FNDA:1,Object.<anonymous>.Game.promptInputBet
FNDA:2,Object.<anonymous>.Game.setBet
FNDA:6,get
FNDA:3,Object.<anonymous>.Game.promptInputAction
FNDA:3,Object.<anonymous>.Game.doPlayerAction
FNDA:4,get
FNDA:1,Object.<anonymous>.Game.doDealerAction
FNDA:1,Object.<anonymous>.Game.revealDealersSecondCard
FNDA:8,Object.<anonymous>.Game.checkResult
FNDA:0,Object.<anonymous>.Game.play
FNDA:0,Object.<anonymous>.Game.start
DA:1,1
DA:2,1
DA:3,1
DA:4,1
DA:5,1
DA:6,1
DA:7,1
DA:8,1
DA:9,1
DA:10,1
DA:11,1
DA:12,1
DA:13,1
DA:14,1
DA:15,1
DA:16,1
DA:17,1
DA:18,38
DA:19,38
DA:20,38
DA:21,38
DA:22,38
DA:23,38
DA:24,1
DA:25,1
DA:26,1
DA:27,1
DA:28,1
DA:29,1
DA:30,1
DA:31,1
DA:32,1
DA:33,1
DA:34,1
DA:35,38
DA:36,38
DA:37,1
DA:38,1
DA:39,1
DA:40,1
DA:41,1
DA:42,1
DA:43,38
DA:44,38
DA:45,1
DA:46,1
DA:47,1
DA:48,1
DA:49,1
DA:50,38
DA:51,38
DA:52,8
DA:53,8
DA:54,8
DA:55,6
DA:56,8
DA:57,4
DA:58,4
DA:59,4
DA:60,1
DA:61,1
DA:62,4
DA:63,3
DA:64,3
DA:65,8
DA:66,38
DA:67,38
DA:68,1
DA:69,1
DA:70,1
DA:71,38
DA:72,38
DA:73,2
DA:74,2
DA:75,2
DA:76,2
DA:77,2
DA:78,2
DA:79,2
DA:80,2
DA:81,2
DA:82,2
DA:83,2
DA:84,2
DA:85,38
DA:86,38
DA:87,6
DA:88,6
DA:89,6
DA:90,6
DA:91,6
DA:92,2
DA:93,6
DA:94,6
DA:95,38
DA:96,38
DA:97,3
DA:98,3
DA:99,3
DA:100,3
DA:101,3
DA:102,3
DA:103,3
DA:104,3
DA:105,1
DA:106,1
DA:107,1
DA:108,1
DA:109,1
DA:110,1
DA:111,1
DA:112,3
DA:113,38
DA:114,38
DA:115,3
DA:116,1
DA:117,1
DA:118,1
DA:119,3
DA:120,3
DA:121,1
DA:122,1
DA:123,1
DA:124,3
DA:125,3
DA:126,3
DA:127,3
DA:128,3
DA:129,3
DA:130,3
DA:131,3
DA:132,3
DA:133,3
DA:134,38
DA:135,38
DA:136,4
DA:137,4
DA:138,4
DA:139,4
DA:140,38
DA:141,38
DA:142,1
DA:143,1
DA:144,1
DA:145,1
DA:146,1
DA:147,1
DA:148,38
DA:149,38
DA:150,1
DA:151,1
DA:152,1
DA:153,1
DA:154,1
DA:155,38
DA:156,38
DA:157,8
DA:158,1
DA:159,1
DA:160,1
DA:161,1
DA:162,1
DA:163,1
DA:164,1
DA:165,1
DA:166,8
DA:167,1
DA:168,1
DA:169,1
DA:170,1
DA:171,1
DA:172,1
DA:173,1
DA:174,7
DA:175,1
DA:176,1
DA:177,6
DA:178,1
DA:179,1
DA:180,1
DA:181,1
DA:182,1
DA:183,1
DA:184,5
DA:185,1
DA:186,1
DA:187,1
DA:188,1
DA:189,1
DA:190,1
DA:191,1
DA:192,1
DA:193,4
DA:194,1
DA:195,1
DA:196,1
DA:197,1
DA:198,1
DA:199,1
DA:200,3
DA:201,1
DA:202,1
DA:203,1
DA:204,1
DA:205,1
DA:206,1
DA:207,1
DA:208,1
DA:209,1
DA:210,1
DA:211,1
DA:212,8
DA:213,38
DA:214,38
DA:215,0
DA:216,0
DA:217,0
DA:218,0
DA:219,0
DA:220,0
DA:221,0
DA:222,0
DA:223,0
DA:224,0
DA:225,0
DA:226,0
DA:227,0
DA:228,0
DA:229,0
DA:230,0
DA:231,0
DA:232,0
DA:233,0
DA:234,0
DA:235,0
DA:236,0
DA:237,0
DA:238,0
DA:239,0
DA:240,0
DA:241,0
DA:242,0
DA:243,0
DA:244,0
DA:245,0
DA:246,0
DA:247,0
DA:248,38
DA:249,38
DA:250,0
DA:251,0
DA:252,0
DA:253,0
DA:254,0
DA:255,0
DA:256,0
DA:257,0
DA:258,0
DA:259,0
DA:260,0
DA:261,0
DA:262,38
LF:262
LH:217
BRDA:18,0,0,1
BRDA:18,1,0,38
BRDA:23,2,0,1
BRDA:36,3,0,1
BRDA:44,4,0,1
BRDA:51,5,0,8
BRDA:53,6,0,7
BRDA:54,7,0,6
BRDA:56,8,0,4
BRDA:59,9,0,1
BRDA:62,10,0,3
BRDA:67,11,0,1
BRDA:69,12,0,1
BRDA:72,13,0,2
BRDA:74,14,0,2
BRDA:77,15,0,2
BRDA:86,16,0,6
BRDA:88,17,0,5
BRDA:89,18,0,4
BRDA:90,19,0,3
BRDA:91,20,0,2
BRDA:96,21,0,3
BRDA:97,22,0,2
BRDA:97,23,0,1
BRDA:104,24,0,1
BRDA:97,25,0,3
BRDA:114,26,0,3
BRDA:115,27,0,2
BRDA:115,28,0,1
BRDA:120,29,0,1
BRDA:125,30,0,0
BRDA:135,31,0,4
BRDA:137,32,0,2
BRDA:137,33,0,3
BRDA:141,34,0,1
BRDA:149,35,0,1
BRDA:156,36,0,8
BRDA:157,37,0,1
BRDA:166,38,0,7
BRDA:166,39,0,1
BRDA:174,40,0,6
BRDA:174,41,0,2
BRDA:174,42,0,1
BRDA:177,43,0,5
BRDA:177,44,0,1
BRDA:177,45,0,1
BRDA:184,46,0,4
BRDA:184,47,0,1
BRDA:193,48,0,3
BRDA:193,49,0,1
BRDA:200,50,0,2
BRDA:200,51,0,1
BRF:52
BRH:51
end_of_record
TN:
SF:src\classes\Player.ts
FN:16,Player
FN:20,get
FN:24,set
FN:28,get
FN:32,set
FN:36,get
FN:40,set
FN:44,get
FN:48,set
FN:52,get
FN:56,set
FN:60,Object.<anonymous>.Player.clearStatus
FN:68,Object.<anonymous>.Player.renderMoney
FN:76,Object.<anonymous>.Player.renderHand
FN:97,Object.<anonymous>.Player.renderNewCard
FN:101,Object.<anonymous>.Player.hit
FN:106,Object.<anonymous>.Player.doubleDown
FN:113,Object.<anonymous>.Player.stand
FNF:18
FNH:0
FNDA:0,Player
FNDA:0,get
FNDA:0,set
FNDA:0,get
FNDA:0,set
FNDA:0,get
FNDA:0,set
FNDA:0,get
FNDA:0,set
FNDA:0,get
FNDA:0,set
FNDA:0,Object.<anonymous>.Player.clearStatus
FNDA:0,Object.<anonymous>.Player.renderMoney
FNDA:0,Object.<anonymous>.Player.renderHand
FNDA:0,Object.<anonymous>.Player.renderNewCard
FNDA:0,Object.<anonymous>.Player.hit
FNDA:0,Object.<anonymous>.Player.doubleDown
FNDA:0,Object.<anonymous>.Player.stand
DA:1,1
DA:2,1
DA:3,1
DA:4,1
DA:5,1
DA:6,1
DA:7,1
DA:8,1
DA:9,1
DA:10,1
DA:11,1
DA:12,1
DA:13,1
DA:14,1
DA:15,1
DA:16,1
DA:17,0
DA:18,0
DA:19,1
DA:20,1
DA:21,0
DA:22,0
DA:23,1
DA:24,1
DA:25,0
DA:26,0
DA:27,1
DA:28,1
DA:29,0
DA:30,0
DA:31,1
DA:32,1
DA:33,0
DA:34,0
DA:35,1
DA:36,1
DA:37,0
DA:38,0
DA:39,1
DA:40,1
DA:41,0
DA:42,0
DA:43,1
DA:44,1
DA:45,0
DA:46,0
DA:47,1
DA:48,1
DA:49,0
DA:50,0
DA:51,1
DA:52,1
DA:53,0
DA:54,0
DA:55,1
DA:56,1
DA:57,0
DA:58,0
DA:59,1
DA:60,1
DA:61,0
DA:62,0
DA:63,0
DA:64,0
DA:65,0
DA:66,0
DA:67,1
DA:68,1
DA:69,0
DA:70,0
DA:71,0
DA:72,0
DA:73,0
DA:74,0
DA:75,1
DA:76,1
DA:77,0
DA:78,0
DA:79,0
DA:80,0
DA:81,0
DA:82,0
DA:83,0
DA:84,0
DA:85,0
DA:86,0
DA:87,0
DA:88,0
DA:89,0
DA:90,0
DA:91,0
DA:92,0
DA:93,0
DA:94,0
DA:95,0
DA:96,1
DA:97,1
DA:98,0
DA:99,0
DA:100,1
DA:101,1
DA:102,0
DA:103,0
DA:104,0
DA:105,1
DA:106,1
DA:107,0
DA:108,0
DA:109,0
DA:110,0
DA:111,0
DA:112,1
DA:113,1
DA:114,0
DA:115,0
DA:116,1
LF:116
LH:51
BRDA:9,0,0,1
BRF:1
BRH:1
end_of_record
TN:
SF:src\utils\printLine.ts
FN:1,printLine
FNF:1
FNH:0
FNDA:0,printLine
DA:1,1
DA:2,0
DA:3,0
LF:3
LH:1
BRF:0
BRH:0
end_of_record
TN:
SF:src\utils\promptInput.ts
FN:4,promptInput
FNF:1
FNH:0
FNDA:0,promptInput
DA:1,1
DA:2,1
DA:3,1
DA:4,1
DA:5,0
DA:6,0
DA:7,0
LF:7
LH:4
BRF:0
BRH:0
end_of_record
TN:
SF:src\utils\promptSelect.ts
FN:4,promptSelect
FNF:1
FNH:0
FNDA:0,promptSelect
DA:1,1
DA:2,1
DA:3,1
DA:4,1
DA:5,0
DA:6,0
DA:7,0
DA:8,0
DA:9,0
DA:10,0
DA:11,0
DA:12,0
DA:13,0
DA:14,0
DA:15,0
DA:16,0
DA:17,0
LF:17
LH:4
BRF:0
BRH:0
end_of_record
