TN:
SF:src\classes\Card.ts
FN:77,Card
FN:83,get
FN:87,get
FN:91,get
FNF:4
FNH:4
FNDA:890,Card
FNDA:6,get
FNDA:6,get
FNDA:6,get
DA:1,1
DA:2,1
DA:3,1
DA:4,1
DA:5,1
DA:6,1
DA:7,1
DA:8,1
DA:9,1
DA:10,1
DA:11,1
DA:12,1
DA:13,1
DA:14,1
DA:15,1
DA:16,1
DA:17,1
DA:18,1
DA:19,1
DA:20,1
DA:21,1
DA:22,1
DA:23,1
DA:24,1
DA:25,1
DA:26,1
DA:27,1
DA:28,1
DA:29,1
DA:30,1
DA:31,1
DA:32,1
DA:33,1
DA:34,1
DA:35,1
DA:36,1
DA:37,1
DA:38,1
DA:39,1
DA:40,1
DA:41,1
DA:42,1
DA:43,1
DA:44,1
DA:45,1
DA:46,1
DA:47,1
DA:48,1
DA:49,1
DA:50,1
DA:51,1
DA:52,1
DA:53,1
DA:54,1
DA:55,1
DA:56,1
DA:57,1
DA:58,1
DA:59,1
DA:60,1
DA:61,1
DA:62,1
DA:63,1
DA:64,1
DA:65,1
DA:66,1
DA:67,1
DA:68,1
DA:69,1
DA:70,1
DA:71,1
DA:72,1
DA:73,1
DA:74,1
DA:75,1
DA:76,4
DA:77,4
DA:78,890
DA:79,890
DA:80,890
DA:81,890
DA:82,4
DA:83,4
DA:84,6
DA:85,6
DA:86,4
DA:87,4
DA:88,6
DA:89,6
DA:90,4
DA:91,4
DA:92,6
DA:93,6
DA:94,4
LF:94
LH:94
BRDA:67,0,0,52
BRDA:72,1,0,52
BRDA:76,2,0,4
BRDA:77,3,0,890
BRDA:83,4,0,6
BRDA:87,5,0,6
BRDA:88,6,0,0
BRDA:91,7,0,6
BRF:8
BRH:7
end_of_record
TN:
SF:src\classes\Deck.ts
FN:7,Deck
FN:20,get
FN:24,Object.<anonymous>.Deck.shuffle
FN:35,Object.<anonymous>.Deck.draw
FNF:4
FNH:4
FNDA:16,Deck
FNDA:3562,get
FNDA:17,Object.<anonymous>.Deck.shuffle
FNDA:1,Object.<anonymous>.Deck.draw
DA:1,1
DA:2,1
DA:3,1
DA:4,3
DA:5,3
DA:6,3
DA:7,3
DA:8,16
DA:9,16
DA:10,64
DA:11,832
DA:12,832
DA:13,832
DA:14,64
DA:15,16
DA:16,16
DA:17,16
DA:18,16
DA:19,3
DA:20,3
DA:21,3562
DA:22,3562
DA:23,3
DA:24,3
DA:25,17
DA:26,17
DA:27,884
DA:28,884
DA:29,884
DA:30,884
DA:31,884
DA:32,884
DA:33,17
DA:34,3
DA:35,3
DA:36,1
DA:37,1
DA:38,3
LF:38
LH:38
BRDA:4,0,0,3
BRDA:7,1,0,16
BRDA:9,2,0,64
BRDA:10,3,0,832
BRDA:20,4,0,3562
BRDA:24,5,0,17
BRDA:26,6,0,884
BRDA:35,7,0,1
BRF:8
BRH:8
end_of_record
TN:
SF:src\classes\Participant.ts
FN:11,Participant
FN:15,get
FN:19,set
FN:23,get
FN:27,set
FN:31,get
FN:41,get
FN:45,get
FN:49,Object.<anonymous>.Participant.deal
FN:54,Object.<anonymous>.Participant.hit
FN:58,Object.<anonymous>.Participant.renderHand
FNF:11
FNH:11
FNDA:35,Participant
FNDA:5,get
FNDA:1,set
FNDA:60,get
FNDA:21,set
FNDA:14,get
FNDA:3,get
FNDA:3,get
FNDA:1,Object.<anonymous>.Participant.deal
FNDA:1,Object.<anonymous>.Participant.hit
FNDA:3,Object.<anonymous>.Participant.renderHand
DA:1,1
DA:2,1
DA:3,1
DA:4,1
DA:5,1
DA:6,1
DA:7,1
DA:8,2
DA:9,2
DA:10,2
DA:11,2
DA:12,35
DA:13,35
DA:14,2
DA:15,2
DA:16,5
DA:17,5
DA:18,2
DA:19,2
DA:20,1
DA:21,1
DA:22,2
DA:23,2
DA:24,60
DA:25,60
DA:26,2
DA:27,2
DA:28,21
DA:29,21
DA:30,2
DA:31,2
DA:32,14
DA:33,14
DA:34,14
DA:35,6
DA:36,6
DA:37,6
DA:38,14
DA:39,14
DA:40,2
DA:41,2
DA:42,3
DA:43,3
DA:44,2
DA:45,2
DA:46,3
DA:47,3
DA:48,2
DA:49,2
DA:50,1
DA:51,1
DA:52,1
DA:53,2
DA:54,2
DA:55,1
DA:56,1
DA:57,2
DA:58,2
DA:59,3
DA:60,3
DA:61,4
DA:62,4
DA:63,3
DA:64,4
DA:65,2
DA:66,2
DA:67,2
DA:68,2
DA:69,2
DA:70,2
DA:71,2
DA:72,2
DA:73,4
DA:74,4
DA:75,3
DA:76,3
DA:77,3
DA:78,2
LF:78
LH:78
BRDA:8,0,0,2
BRDA:11,1,0,35
BRDA:15,2,0,5
BRDA:19,3,0,1
BRDA:23,4,0,60
BRDA:27,5,0,21
BRDA:31,6,0,14
BRDA:34,7,0,8
BRDA:34,8,0,6
BRDA:32,9,0,37
BRDA:33,10,0,37
BRDA:41,11,0,3
BRDA:42,12,0,2
BRDA:45,13,0,3
BRDA:49,14,0,1
BRDA:54,15,0,1
BRDA:58,16,0,3
BRDA:60,17,0,4
BRDA:62,18,0,3
BRDA:64,19,0,2
BRF:20
BRH:20
end_of_record
TN:
SF:src\classes\Player.ts
FN:15,Player
FN:19,get
FN:23,set
FN:27,get
FN:31,set
FN:35,get
FN:39,set
FN:43,get
FN:47,set
FN:51,get
FN:55,set
FN:59,Object.<anonymous>.Player.clearStatus
FN:67,Object.<anonymous>.Player.renderMoney
FN:75,Object.<anonymous>.Player.renderHand
FN:79,Object.<anonymous>.Player.renderNewCard
FN:101,Object.<anonymous>.Player.hit
FN:106,Object.<anonymous>.Player.doubleDown
FN:113,Object.<anonymous>.Player.stand
FNF:18
FNH:14
FNDA:13,Player
FNDA:3,get
FNDA:2,set
FNDA:3,get
FNDA:2,set
FNDA:3,get
FNDA:2,set
FNDA:3,get
FNDA:2,set
FNDA:3,get
FNDA:2,set
FNDA:1,Object.<anonymous>.Player.clearStatus
FNDA:1,Object.<anonymous>.Player.renderMoney
FNDA:1,Object.<anonymous>.Player.renderHand
FNDA:0,Object.<anonymous>.Player.renderNewCard
FNDA:0,Object.<anonymous>.Player.hit
FNDA:0,Object.<anonymous>.Player.doubleDown
FNDA:0,Object.<anonymous>.Player.stand
DA:1,1
DA:2,1
DA:3,1
DA:4,1
DA:5,1
DA:6,1
DA:7,1
DA:8,1
DA:9,1
DA:10,1
DA:11,1
DA:12,1
DA:13,1
DA:14,1
DA:15,1
DA:16,13
DA:17,13
DA:18,1
DA:19,1
DA:20,3
DA:21,3
DA:22,1
DA:23,1
DA:24,2
DA:25,2
DA:26,1
DA:27,1
DA:28,3
DA:29,3
DA:30,1
DA:31,1
DA:32,2
DA:33,2
DA:34,1
DA:35,1
DA:36,3
DA:37,3
DA:38,1
DA:39,1
DA:40,2
DA:41,2
DA:42,1
DA:43,1
DA:44,3
DA:45,3
DA:46,1
DA:47,1
DA:48,2
DA:49,2
DA:50,1
DA:51,1
DA:52,3
DA:53,3
DA:54,1
DA:55,1
DA:56,2
DA:57,2
DA:58,1
DA:59,1
DA:60,1
DA:61,1
DA:62,1
DA:63,1
DA:64,1
DA:65,1
DA:66,1
DA:67,1
DA:68,1
DA:69,1
DA:70,1
DA:71,1
DA:72,1
DA:73,1
DA:74,1
DA:75,1
DA:76,1
DA:77,1
DA:78,1
DA:79,1
DA:80,0
DA:81,0
DA:82,0
DA:83,0
DA:84,0
DA:85,0
DA:86,0
DA:87,0
DA:88,0
DA:89,0
DA:90,0
DA:91,0
DA:92,0
DA:93,0
DA:94,0
DA:95,0
DA:96,0
DA:97,0
DA:98,0
DA:99,0
DA:100,1
DA:101,1
DA:102,0
DA:103,0
DA:104,0
DA:105,1
DA:106,1
DA:107,0
DA:108,0
DA:109,0
DA:110,0
DA:111,0
DA:112,1
DA:113,1
DA:114,0
DA:115,0
DA:116,1
LF:116
LH:86
BRDA:8,0,0,1
BRDA:15,1,0,13
BRDA:19,2,0,3
BRDA:23,3,0,2
BRDA:27,4,0,3
BRDA:31,5,0,2
BRDA:35,6,0,3
BRDA:39,7,0,2
BRDA:43,8,0,3
BRDA:47,9,0,2
BRDA:51,10,0,3
BRDA:55,11,0,2
BRDA:59,12,0,1
BRDA:67,13,0,1
BRDA:75,14,0,1
BRF:15
BRH:15
end_of_record
TN:
SF:src\utils\printLine.ts
FN:1,printLine
FNF:1
FNH:1
FNDA:1,printLine
DA:1,1
DA:2,1
DA:3,1
LF:3
LH:3
BRDA:1,0,0,1
BRF:1
BRH:1
end_of_record
TN:
SF:src\utils\promptInput.ts
FN:4,promptInput
FNF:1
FNH:1
FNDA:1,promptInput
DA:1,1
DA:2,1
DA:3,1
DA:4,1
DA:5,1
DA:6,1
DA:7,1
LF:7
LH:7
BRDA:4,0,0,1
BRDA:4,1,0,1
BRF:2
BRH:2
end_of_record
TN:
SF:src\utils\readLine.ts
FN:1,readLine
FNF:1
FNH:1
FNDA:2,readLine
DA:1,1
DA:2,2
DA:3,2
DA:4,2
DA:5,2
DA:6,2
DA:7,2
LF:7
LH:7
BRDA:1,0,0,2
BRDA:1,1,0,2
BRDA:2,2,0,2
BRDA:2,3,0,2
BRDA:3,4,0,2
BRF:5
BRH:5
end_of_record
